INFO - 2024-01-15 06:14:44 --> Session: Class initialized using 'CodeIgniter\Session\Handlers\FileHandler' driver.
INFO - 2024-01-15 06:14:49 --> Session: Class initialized using 'CodeIgniter\Session\Handlers\FileHandler' driver.
INFO - 2024-01-15 06:18:46 --> Session: Class initialized using 'CodeIgniter\Session\Handlers\FileHandler' driver.
INFO - 2024-01-15 06:18:48 --> Session: Class initialized using 'CodeIgniter\Session\Handlers\FileHandler' driver.
INFO - 2024-01-15 06:18:55 --> Session: Class initialized using 'CodeIgniter\Session\Handlers\FileHandler' driver.
INFO - 2024-01-15 06:18:55 --> Session: Class initialized using 'CodeIgniter\Session\Handlers\FileHandler' driver.
INFO - 2024-01-15 06:18:58 --> Session: Class initialized using 'CodeIgniter\Session\Handlers\FileHandler' driver.
INFO - 2024-01-15 06:19:02 --> Session: Class initialized using 'CodeIgniter\Session\Handlers\FileHandler' driver.
INFO - 2024-01-15 06:19:08 --> Session: Class initialized using 'CodeIgniter\Session\Handlers\FileHandler' driver.
INFO - 2024-01-15 06:19:10 --> Session: Class initialized using 'CodeIgniter\Session\Handlers\FileHandler' driver.
INFO - 2024-01-15 06:19:17 --> Session: Class initialized using 'CodeIgniter\Session\Handlers\FileHandler' driver.
INFO - 2024-01-15 06:19:22 --> Session: Class initialized using 'CodeIgniter\Session\Handlers\FileHandler' driver.
INFO - 2024-01-15 06:19:23 --> Session: Class initialized using 'CodeIgniter\Session\Handlers\FileHandler' driver.
INFO - 2024-01-15 06:19:23 --> Session: Class initialized using 'CodeIgniter\Session\Handlers\FileHandler' driver.
INFO - 2024-01-15 06:19:28 --> Session: Class initialized using 'CodeIgniter\Session\Handlers\FileHandler' driver.
INFO - 2024-01-15 06:19:28 --> Session: Class initialized using 'CodeIgniter\Session\Handlers\FileHandler' driver.
INFO - 2024-01-15 06:20:49 --> Session: Class initialized using 'CodeIgniter\Session\Handlers\FileHandler' driver.
INFO - 2024-01-15 06:22:05 --> Session: Class initialized using 'CodeIgniter\Session\Handlers\FileHandler' driver.
INFO - 2024-01-15 06:22:20 --> Session: Class initialized using 'CodeIgniter\Session\Handlers\FileHandler' driver.
INFO - 2024-01-15 06:22:26 --> Session: Class initialized using 'CodeIgniter\Session\Handlers\FileHandler' driver.
INFO - 2024-01-15 06:22:36 --> Session: Class initialized using 'CodeIgniter\Session\Handlers\FileHandler' driver.
INFO - 2024-01-15 06:22:41 --> Session: Class initialized using 'CodeIgniter\Session\Handlers\FileHandler' driver.
INFO - 2024-01-15 06:23:18 --> Session: Class initialized using 'CodeIgniter\Session\Handlers\FileHandler' driver.
INFO - 2024-01-15 06:23:19 --> Session: Class initialized using 'CodeIgniter\Session\Handlers\FileHandler' driver.
INFO - 2024-01-15 06:23:23 --> Session: Class initialized using 'CodeIgniter\Session\Handlers\FileHandler' driver.
INFO - 2024-01-15 06:23:25 --> Session: Class initialized using 'CodeIgniter\Session\Handlers\FileHandler' driver.
INFO - 2024-01-15 06:23:43 --> Session: Class initialized using 'CodeIgniter\Session\Handlers\FileHandler' driver.
INFO - 2024-01-15 06:24:04 --> Session: Class initialized using 'CodeIgniter\Session\Handlers\FileHandler' driver.
INFO - 2024-01-15 06:24:09 --> Session: Class initialized using 'CodeIgniter\Session\Handlers\FileHandler' driver.
INFO - 2024-01-15 06:24:09 --> Session: Class initialized using 'CodeIgniter\Session\Handlers\FileHandler' driver.
INFO - 2024-01-15 06:24:14 --> Session: Class initialized using 'CodeIgniter\Session\Handlers\FileHandler' driver.
INFO - 2024-01-15 06:24:16 --> Session: Class initialized using 'CodeIgniter\Session\Handlers\FileHandler' driver.
INFO - 2024-01-15 06:24:28 --> Session: Class initialized using 'CodeIgniter\Session\Handlers\FileHandler' driver.
INFO - 2024-01-15 06:24:32 --> Session: Class initialized using 'CodeIgniter\Session\Handlers\FileHandler' driver.
INFO - 2024-01-15 06:24:36 --> Session: Class initialized using 'CodeIgniter\Session\Handlers\FileHandler' driver.
INFO - 2024-01-15 06:24:38 --> Session: Class initialized using 'CodeIgniter\Session\Handlers\FileHandler' driver.
INFO - 2024-01-15 06:26:15 --> Session: Class initialized using 'CodeIgniter\Session\Handlers\FileHandler' driver.
INFO - 2024-01-15 06:26:17 --> Session: Class initialized using 'CodeIgniter\Session\Handlers\FileHandler' driver.
INFO - 2024-01-15 06:26:55 --> Session: Class initialized using 'CodeIgniter\Session\Handlers\FileHandler' driver.
INFO - 2024-01-15 06:27:20 --> Session: Class initialized using 'CodeIgniter\Session\Handlers\FileHandler' driver.
INFO - 2024-01-15 06:27:25 --> Session: Class initialized using 'CodeIgniter\Session\Handlers\FileHandler' driver.
INFO - 2024-01-15 06:27:30 --> Session: Class initialized using 'CodeIgniter\Session\Handlers\FileHandler' driver.
INFO - 2024-01-15 06:27:32 --> Session: Class initialized using 'CodeIgniter\Session\Handlers\FileHandler' driver.
INFO - 2024-01-15 06:28:54 --> Session: Class initialized using 'CodeIgniter\Session\Handlers\FileHandler' driver.
INFO - 2024-01-15 06:29:07 --> Session: Class initialized using 'CodeIgniter\Session\Handlers\FileHandler' driver.
INFO - 2024-01-15 06:29:10 --> Session: Class initialized using 'CodeIgniter\Session\Handlers\FileHandler' driver.
INFO - 2024-01-15 06:30:37 --> Session: Class initialized using 'CodeIgniter\Session\Handlers\FileHandler' driver.
CRITICAL - 2024-01-15 06:30:37 --> Undefined index: id_nilai
in APPPATH/Views/guru/nilai/v_data_nilai.php on line 79.
 1 APPPATH/Views/guru/nilai/v_data_nilai.php(79): CodeIgniter\Debug\Exceptions->errorHandler()
 2 SYSTEMPATH/View/View.php(228): include('/home/halim/htdocs/akademik_gatra/app/Views/guru/nilai/v_data_nilai.php')
 3 SYSTEMPATH/View/View.php(231): CodeIgniter\View\View->CodeIgniter\View\{closure}()
 4 SYSTEMPATH/Common.php(1190): CodeIgniter\View\View->render()
 5 APPPATH/Views/v_template_admin.php(322): view()
 6 SYSTEMPATH/View/View.php(228): include('/home/halim/htdocs/akademik_gatra/app/Views/v_template_admin.php')
 7 SYSTEMPATH/View/View.php(231): CodeIgniter\View\View->CodeIgniter\View\{closure}()
 8 SYSTEMPATH/Common.php(1190): CodeIgniter\View\View->render()
 9 APPPATH/Controllers/DashboardGuru.php(95): view()
10 SYSTEMPATH/CodeIgniter.php(942): App\Controllers\DashboardGuru->DataNilai()
11 SYSTEMPATH/CodeIgniter.php(502): CodeIgniter\CodeIgniter->runController()
12 SYSTEMPATH/CodeIgniter.php(361): CodeIgniter\CodeIgniter->handleRequest()
13 FCPATH/index.php(79): CodeIgniter\CodeIgniter->run()
INFO - 2024-01-15 06:31:24 --> Session: Class initialized using 'CodeIgniter\Session\Handlers\FileHandler' driver.
INFO - 2024-01-15 06:31:29 --> Session: Class initialized using 'CodeIgniter\Session\Handlers\FileHandler' driver.
INFO - 2024-01-15 06:31:53 --> Session: Class initialized using 'CodeIgniter\Session\Handlers\FileHandler' driver.
INFO - 2024-01-15 06:31:55 --> Session: Class initialized using 'CodeIgniter\Session\Handlers\FileHandler' driver.
INFO - 2024-01-15 06:31:59 --> Session: Class initialized using 'CodeIgniter\Session\Handlers\FileHandler' driver.
INFO - 2024-01-15 06:32:17 --> Session: Class initialized using 'CodeIgniter\Session\Handlers\FileHandler' driver.
INFO - 2024-01-15 06:32:32 --> Session: Class initialized using 'CodeIgniter\Session\Handlers\FileHandler' driver.
INFO - 2024-01-15 06:32:32 --> Session: Class initialized using 'CodeIgniter\Session\Handlers\FileHandler' driver.
INFO - 2024-01-15 06:32:37 --> Session: Class initialized using 'CodeIgniter\Session\Handlers\FileHandler' driver.
INFO - 2024-01-15 06:32:45 --> Session: Class initialized using 'CodeIgniter\Session\Handlers\FileHandler' driver.
INFO - 2024-01-15 06:32:48 --> Session: Class initialized using 'CodeIgniter\Session\Handlers\FileHandler' driver.
INFO - 2024-01-15 06:32:51 --> Session: Class initialized using 'CodeIgniter\Session\Handlers\FileHandler' driver.
INFO - 2024-01-15 06:33:00 --> Session: Class initialized using 'CodeIgniter\Session\Handlers\FileHandler' driver.
INFO - 2024-01-15 06:33:02 --> Session: Class initialized using 'CodeIgniter\Session\Handlers\FileHandler' driver.
INFO - 2024-01-15 06:33:13 --> Session: Class initialized using 'CodeIgniter\Session\Handlers\FileHandler' driver.
INFO - 2024-01-15 06:33:19 --> Session: Class initialized using 'CodeIgniter\Session\Handlers\FileHandler' driver.
INFO - 2024-01-15 06:33:19 --> Session: Class initialized using 'CodeIgniter\Session\Handlers\FileHandler' driver.
INFO - 2024-01-15 06:33:19 --> Session: Class initialized using 'CodeIgniter\Session\Handlers\FileHandler' driver.
INFO - 2024-01-15 06:33:25 --> Session: Class initialized using 'CodeIgniter\Session\Handlers\FileHandler' driver.
INFO - 2024-01-15 06:33:25 --> Session: Class initialized using 'CodeIgniter\Session\Handlers\FileHandler' driver.
INFO - 2024-01-15 06:33:30 --> Session: Class initialized using 'CodeIgniter\Session\Handlers\FileHandler' driver.
INFO - 2024-01-15 06:33:34 --> Session: Class initialized using 'CodeIgniter\Session\Handlers\FileHandler' driver.
INFO - 2024-01-15 06:34:25 --> Session: Class initialized using 'CodeIgniter\Session\Handlers\FileHandler' driver.
INFO - 2024-01-15 06:35:23 --> Session: Class initialized using 'CodeIgniter\Session\Handlers\FileHandler' driver.
INFO - 2024-01-15 06:35:46 --> Session: Class initialized using 'CodeIgniter\Session\Handlers\FileHandler' driver.
INFO - 2024-01-15 06:35:49 --> Session: Class initialized using 'CodeIgniter\Session\Handlers\FileHandler' driver.
INFO - 2024-01-15 06:35:53 --> Session: Class initialized using 'CodeIgniter\Session\Handlers\FileHandler' driver.
INFO - 2024-01-15 06:36:22 --> Session: Class initialized using 'CodeIgniter\Session\Handlers\FileHandler' driver.
INFO - 2024-01-15 06:36:32 --> Session: Class initialized using 'CodeIgniter\Session\Handlers\FileHandler' driver.
INFO - 2024-01-15 06:36:43 --> Session: Class initialized using 'CodeIgniter\Session\Handlers\FileHandler' driver.
INFO - 2024-01-15 06:36:52 --> Session: Class initialized using 'CodeIgniter\Session\Handlers\FileHandler' driver.
INFO - 2024-01-15 06:36:57 --> Session: Class initialized using 'CodeIgniter\Session\Handlers\FileHandler' driver.
INFO - 2024-01-15 06:37:24 --> Session: Class initialized using 'CodeIgniter\Session\Handlers\FileHandler' driver.
INFO - 2024-01-15 06:37:38 --> Session: Class initialized using 'CodeIgniter\Session\Handlers\FileHandler' driver.
INFO - 2024-01-15 06:37:50 --> Session: Class initialized using 'CodeIgniter\Session\Handlers\FileHandler' driver.
INFO - 2024-01-15 06:37:53 --> Session: Class initialized using 'CodeIgniter\Session\Handlers\FileHandler' driver.
INFO - 2024-01-15 06:37:56 --> Session: Class initialized using 'CodeIgniter\Session\Handlers\FileHandler' driver.
INFO - 2024-01-15 06:37:56 --> Session: Class initialized using 'CodeIgniter\Session\Handlers\FileHandler' driver.
INFO - 2024-01-15 06:38:16 --> Session: Class initialized using 'CodeIgniter\Session\Handlers\FileHandler' driver.
INFO - 2024-01-15 06:38:29 --> Session: Class initialized using 'CodeIgniter\Session\Handlers\FileHandler' driver.
INFO - 2024-01-15 06:38:30 --> Session: Class initialized using 'CodeIgniter\Session\Handlers\FileHandler' driver.
INFO - 2024-01-15 06:38:31 --> Session: Class initialized using 'CodeIgniter\Session\Handlers\FileHandler' driver.
INFO - 2024-01-15 07:45:53 --> Session: Class initialized using 'CodeIgniter\Session\Handlers\FileHandler' driver.
INFO - 2024-01-15 07:46:18 --> Session: Class initialized using 'CodeIgniter\Session\Handlers\FileHandler' driver.
INFO - 2024-01-15 07:46:18 --> Session: Class initialized using 'CodeIgniter\Session\Handlers\FileHandler' driver.
INFO - 2024-01-15 07:46:26 --> Session: Class initialized using 'CodeIgniter\Session\Handlers\FileHandler' driver.
INFO - 2024-01-15 07:46:36 --> Session: Class initialized using 'CodeIgniter\Session\Handlers\FileHandler' driver.
INFO - 2024-01-15 07:46:43 --> Session: Class initialized using 'CodeIgniter\Session\Handlers\FileHandler' driver.
INFO - 2024-01-15 07:46:43 --> Session: Class initialized using 'CodeIgniter\Session\Handlers\FileHandler' driver.
INFO - 2024-01-15 07:46:45 --> Session: Class initialized using 'CodeIgniter\Session\Handlers\FileHandler' driver.
INFO - 2024-01-15 07:46:46 --> Session: Class initialized using 'CodeIgniter\Session\Handlers\FileHandler' driver.
INFO - 2024-01-15 07:48:17 --> Session: Class initialized using 'CodeIgniter\Session\Handlers\FileHandler' driver.
INFO - 2024-01-15 07:54:16 --> Session: Class initialized using 'CodeIgniter\Session\Handlers\FileHandler' driver.
CRITICAL - 2024-01-15 07:54:16 --> You must set the database table to be used with your query.
in SYSTEMPATH/Database/BaseConnection.php on line 884.
 1 SYSTEMPATH/Model.php(635): CodeIgniter\Database\BaseConnection->table()
 2 SYSTEMPATH/Model.php(863): CodeIgniter\Model->builder()
 3 APPPATH/Controllers/DashboardSiswa.php(58): CodeIgniter\Model->__call()
 4 SYSTEMPATH/CodeIgniter.php(942): App\Controllers\DashboardSiswa->Nilai()
 5 SYSTEMPATH/CodeIgniter.php(502): CodeIgniter\CodeIgniter->runController()
 6 SYSTEMPATH/CodeIgniter.php(361): CodeIgniter\CodeIgniter->handleRequest()
 7 FCPATH/index.php(79): CodeIgniter\CodeIgniter->run()
INFO - 2024-01-15 07:54:29 --> Session: Class initialized using 'CodeIgniter\Session\Handlers\FileHandler' driver.
INFO - 2024-01-15 07:54:58 --> Session: Class initialized using 'CodeIgniter\Session\Handlers\FileHandler' driver.
INFO - 2024-01-15 07:55:07 --> Session: Class initialized using 'CodeIgniter\Session\Handlers\FileHandler' driver.
INFO - 2024-01-15 07:55:09 --> Session: Class initialized using 'CodeIgniter\Session\Handlers\FileHandler' driver.
INFO - 2024-01-15 07:56:06 --> Session: Class initialized using 'CodeIgniter\Session\Handlers\FileHandler' driver.
INFO - 2024-01-15 07:57:32 --> Session: Class initialized using 'CodeIgniter\Session\Handlers\FileHandler' driver.
CRITICAL - 2024-01-15 07:57:32 --> Trying to get property 'mapel' of non-object
in APPPATH/Views/siswa/v_lihatnilai.php on line 64.
 1 APPPATH/Views/siswa/v_lihatnilai.php(64): CodeIgniter\Debug\Exceptions->errorHandler()
 2 SYSTEMPATH/View/View.php(228): include('/home/halim/htdocs/akademik_gatra/app/Views/siswa/v_lihatnilai.php')
 3 SYSTEMPATH/View/View.php(231): CodeIgniter\View\View->CodeIgniter\View\{closure}()
 4 SYSTEMPATH/Common.php(1190): CodeIgniter\View\View->render()
 5 APPPATH/Views/v_template_admin.php(322): view()
 6 SYSTEMPATH/View/View.php(228): include('/home/halim/htdocs/akademik_gatra/app/Views/v_template_admin.php')
 7 SYSTEMPATH/View/View.php(231): CodeIgniter\View\View->CodeIgniter\View\{closure}()
 8 SYSTEMPATH/Common.php(1190): CodeIgniter\View\View->render()
 9 APPPATH/Controllers/DashboardSiswa.php(72): view()
10 SYSTEMPATH/CodeIgniter.php(942): App\Controllers\DashboardSiswa->Nilai()
11 SYSTEMPATH/CodeIgniter.php(502): CodeIgniter\CodeIgniter->runController()
12 SYSTEMPATH/CodeIgniter.php(361): CodeIgniter\CodeIgniter->handleRequest()
13 FCPATH/index.php(79): CodeIgniter\CodeIgniter->run()
INFO - 2024-01-15 07:57:42 --> Session: Class initialized using 'CodeIgniter\Session\Handlers\FileHandler' driver.
CRITICAL - 2024-01-15 07:57:42 --> Trying to get property 'mapel' of non-object
in APPPATH/Views/siswa/v_lihatnilai.php on line 65.
 1 APPPATH/Views/siswa/v_lihatnilai.php(65): CodeIgniter\Debug\Exceptions->errorHandler()
 2 SYSTEMPATH/View/View.php(228): include('/home/halim/htdocs/akademik_gatra/app/Views/siswa/v_lihatnilai.php')
 3 SYSTEMPATH/View/View.php(231): CodeIgniter\View\View->CodeIgniter\View\{closure}()
 4 SYSTEMPATH/Common.php(1190): CodeIgniter\View\View->render()
 5 APPPATH/Views/v_template_admin.php(322): view()
 6 SYSTEMPATH/View/View.php(228): include('/home/halim/htdocs/akademik_gatra/app/Views/v_template_admin.php')
 7 SYSTEMPATH/View/View.php(231): CodeIgniter\View\View->CodeIgniter\View\{closure}()
 8 SYSTEMPATH/Common.php(1190): CodeIgniter\View\View->render()
 9 APPPATH/Controllers/DashboardSiswa.php(72): view()
10 SYSTEMPATH/CodeIgniter.php(942): App\Controllers\DashboardSiswa->Nilai()
11 SYSTEMPATH/CodeIgniter.php(502): CodeIgniter\CodeIgniter->runController()
12 SYSTEMPATH/CodeIgniter.php(361): CodeIgniter\CodeIgniter->handleRequest()
13 FCPATH/index.php(79): CodeIgniter\CodeIgniter->run()
INFO - 2024-01-15 07:57:52 --> Session: Class initialized using 'CodeIgniter\Session\Handlers\FileHandler' driver.
INFO - 2024-01-15 07:57:58 --> Session: Class initialized using 'CodeIgniter\Session\Handlers\FileHandler' driver.
INFO - 2024-01-15 07:58:09 --> Session: Class initialized using 'CodeIgniter\Session\Handlers\FileHandler' driver.
INFO - 2024-01-15 08:00:21 --> Session: Class initialized using 'CodeIgniter\Session\Handlers\FileHandler' driver.
INFO - 2024-01-15 08:00:28 --> Session: Class initialized using 'CodeIgniter\Session\Handlers\FileHandler' driver.
INFO - 2024-01-15 08:00:28 --> Session: Class initialized using 'CodeIgniter\Session\Handlers\FileHandler' driver.
INFO - 2024-01-15 08:00:28 --> Session: Class initialized using 'CodeIgniter\Session\Handlers\FileHandler' driver.
INFO - 2024-01-15 08:00:31 --> Session: Class initialized using 'CodeIgniter\Session\Handlers\FileHandler' driver.
INFO - 2024-01-15 08:00:52 --> Session: Class initialized using 'CodeIgniter\Session\Handlers\FileHandler' driver.
INFO - 2024-01-15 08:00:52 --> Session: Class initialized using 'CodeIgniter\Session\Handlers\FileHandler' driver.
INFO - 2024-01-15 08:00:59 --> Session: Class initialized using 'CodeIgniter\Session\Handlers\FileHandler' driver.
INFO - 2024-01-15 08:01:00 --> Session: Class initialized using 'CodeIgniter\Session\Handlers\FileHandler' driver.
INFO - 2024-01-15 08:03:10 --> Session: Class initialized using 'CodeIgniter\Session\Handlers\FileHandler' driver.
INFO - 2024-01-15 08:05:44 --> Session: Class initialized using 'CodeIgniter\Session\Handlers\FileHandler' driver.
ERROR - 2024-01-15 08:05:44 --> mysqli_sql_exception: Illegal parameter data types int and row for operation '=' in /home/halim/htdocs/akademik_gatra/system/Database/MySQLi/Connection.php:306
Stack trace:
#0 /home/halim/htdocs/akademik_gatra/system/Database/MySQLi/Connection.php(306): mysqli->query()
#1 /home/halim/htdocs/akademik_gatra/system/Database/BaseConnection.php(693): CodeIgniter\Database\MySQLi\Connection->execute()
#2 /home/halim/htdocs/akademik_gatra/system/Database/BaseConnection.php(607): CodeIgniter\Database\BaseConnection->simpleQuery()
#3 /home/halim/htdocs/akademik_gatra/system/Database/BaseBuilder.php(1615): CodeIgniter\Database\BaseConnection->query()
#4 /home/halim/htdocs/akademik_gatra/app/Helpers/my_helper.php(21): CodeIgniter\Database\BaseBuilder->get()
#5 /home/halim/htdocs/akademik_gatra/app/Views/v_dashboard_guru.php(2): isWali()
#6 /home/halim/htdocs/akademik_gatra/system/View/View.php(228): include('/home/halim/htd...')
#7 /home/halim/htdocs/akademik_gatra/system/View/View.php(231): CodeIgniter\View\View->CodeIgniter\View\{closure}()
#8 /home/halim/htdocs/akademik_gatra/system/Common.php(1190): CodeIgniter\View\View->render()
#9 /home/halim/htdocs/akademik_gatra/app/Views/v_template_admin.php(331): view()
#10 /home/halim/htdocs/akademik_gatra/system/View/View.php(228): include('/home/halim/htd...')
#11 /home/halim/htdocs/akademik_gatra/system/View/View.php(231): CodeIgniter\View\View->CodeIgniter\View\{closure}()
#12 /home/halim/htdocs/akademik_gatra/system/Common.php(1190): CodeIgniter\View\View->render()
#13 /home/halim/htdocs/akademik_gatra/app/Controllers/DashboardGuru.php(39): view()
#14 /home/halim/htdocs/akademik_gatra/system/CodeIgniter.php(942): App\Controllers\DashboardGuru->index()
#15 /home/halim/htdocs/akademik_gatra/system/CodeIgniter.php(502): CodeIgniter\CodeIgniter->runController()
#16 /home/halim/htdocs/akademik_gatra/system/CodeIgniter.php(361): CodeIgniter\CodeIgniter->handleRequest()
#17 /home/halim/htdocs/akademik_gatra/index.php(79): CodeIgniter\CodeIgniter->run()
#18 {main}
CRITICAL - 2024-01-15 08:05:44 --> Illegal parameter data types int and row for operation '='
in SYSTEMPATH/Database/BaseConnection.php on line 647.
 1 SYSTEMPATH/Database/BaseBuilder.php(1615): CodeIgniter\Database\BaseConnection->query()
 2 APPPATH/Helpers/my_helper.php(21): CodeIgniter\Database\BaseBuilder->get()
 3 APPPATH/Views/v_dashboard_guru.php(2): isWali()
 4 SYSTEMPATH/View/View.php(228): include('/home/halim/htdocs/akademik_gatra/app/Views/v_dashboard_guru.php')
 5 SYSTEMPATH/View/View.php(231): CodeIgniter\View\View->CodeIgniter\View\{closure}()
 6 SYSTEMPATH/Common.php(1190): CodeIgniter\View\View->render()
 7 APPPATH/Views/v_template_admin.php(331): view()
 8 SYSTEMPATH/View/View.php(228): include('/home/halim/htdocs/akademik_gatra/app/Views/v_template_admin.php')
 9 SYSTEMPATH/View/View.php(231): CodeIgniter\View\View->CodeIgniter\View\{closure}()
10 SYSTEMPATH/Common.php(1190): CodeIgniter\View\View->render()
11 APPPATH/Controllers/DashboardGuru.php(39): view()
12 SYSTEMPATH/CodeIgniter.php(942): App\Controllers\DashboardGuru->index()
13 SYSTEMPATH/CodeIgniter.php(502): CodeIgniter\CodeIgniter->runController()
14 SYSTEMPATH/CodeIgniter.php(361): CodeIgniter\CodeIgniter->handleRequest()
15 FCPATH/index.php(79): CodeIgniter\CodeIgniter->run()
INFO - 2024-01-15 08:06:10 --> Session: Class initialized using 'CodeIgniter\Session\Handlers\FileHandler' driver.
ERROR - 2024-01-15 08:06:10 --> mysqli_sql_exception: Illegal parameter data types int and row for operation '=' in /home/halim/htdocs/akademik_gatra/system/Database/MySQLi/Connection.php:306
Stack trace:
#0 /home/halim/htdocs/akademik_gatra/system/Database/MySQLi/Connection.php(306): mysqli->query()
#1 /home/halim/htdocs/akademik_gatra/system/Database/BaseConnection.php(693): CodeIgniter\Database\MySQLi\Connection->execute()
#2 /home/halim/htdocs/akademik_gatra/system/Database/BaseConnection.php(607): CodeIgniter\Database\BaseConnection->simpleQuery()
#3 /home/halim/htdocs/akademik_gatra/system/Database/BaseBuilder.php(1615): CodeIgniter\Database\BaseConnection->query()
#4 /home/halim/htdocs/akademik_gatra/app/Helpers/my_helper.php(21): CodeIgniter\Database\BaseBuilder->get()
#5 /home/halim/htdocs/akademik_gatra/app/Views/v_dashboard_guru.php(2): isWali()
#6 /home/halim/htdocs/akademik_gatra/system/View/View.php(228): include('/home/halim/htd...')
#7 /home/halim/htdocs/akademik_gatra/system/View/View.php(231): CodeIgniter\View\View->CodeIgniter\View\{closure}()
#8 /home/halim/htdocs/akademik_gatra/system/Common.php(1190): CodeIgniter\View\View->render()
#9 /home/halim/htdocs/akademik_gatra/app/Views/v_template_admin.php(331): view()
#10 /home/halim/htdocs/akademik_gatra/system/View/View.php(228): include('/home/halim/htd...')
#11 /home/halim/htdocs/akademik_gatra/system/View/View.php(231): CodeIgniter\View\View->CodeIgniter\View\{closure}()
#12 /home/halim/htdocs/akademik_gatra/system/Common.php(1190): CodeIgniter\View\View->render()
#13 /home/halim/htdocs/akademik_gatra/app/Controllers/DashboardGuru.php(39): view()
#14 /home/halim/htdocs/akademik_gatra/system/CodeIgniter.php(942): App\Controllers\DashboardGuru->index()
#15 /home/halim/htdocs/akademik_gatra/system/CodeIgniter.php(502): CodeIgniter\CodeIgniter->runController()
#16 /home/halim/htdocs/akademik_gatra/system/CodeIgniter.php(361): CodeIgniter\CodeIgniter->handleRequest()
#17 /home/halim/htdocs/akademik_gatra/index.php(79): CodeIgniter\CodeIgniter->run()
#18 {main}
CRITICAL - 2024-01-15 08:06:10 --> Illegal parameter data types int and row for operation '='
in SYSTEMPATH/Database/BaseConnection.php on line 647.
 1 SYSTEMPATH/Database/BaseBuilder.php(1615): CodeIgniter\Database\BaseConnection->query()
 2 APPPATH/Helpers/my_helper.php(21): CodeIgniter\Database\BaseBuilder->get()
 3 APPPATH/Views/v_dashboard_guru.php(2): isWali()
 4 SYSTEMPATH/View/View.php(228): include('/home/halim/htdocs/akademik_gatra/app/Views/v_dashboard_guru.php')
 5 SYSTEMPATH/View/View.php(231): CodeIgniter\View\View->CodeIgniter\View\{closure}()
 6 SYSTEMPATH/Common.php(1190): CodeIgniter\View\View->render()
 7 APPPATH/Views/v_template_admin.php(331): view()
 8 SYSTEMPATH/View/View.php(228): include('/home/halim/htdocs/akademik_gatra/app/Views/v_template_admin.php')
 9 SYSTEMPATH/View/View.php(231): CodeIgniter\View\View->CodeIgniter\View\{closure}()
10 SYSTEMPATH/Common.php(1190): CodeIgniter\View\View->render()
11 APPPATH/Controllers/DashboardGuru.php(39): view()
12 SYSTEMPATH/CodeIgniter.php(942): App\Controllers\DashboardGuru->index()
13 SYSTEMPATH/CodeIgniter.php(502): CodeIgniter\CodeIgniter->runController()
14 SYSTEMPATH/CodeIgniter.php(361): CodeIgniter\CodeIgniter->handleRequest()
15 FCPATH/index.php(79): CodeIgniter\CodeIgniter->run()
INFO - 2024-01-15 08:06:11 --> Session: Class initialized using 'CodeIgniter\Session\Handlers\FileHandler' driver.
ERROR - 2024-01-15 08:06:11 --> mysqli_sql_exception: Illegal parameter data types int and row for operation '=' in /home/halim/htdocs/akademik_gatra/system/Database/MySQLi/Connection.php:306
Stack trace:
#0 /home/halim/htdocs/akademik_gatra/system/Database/MySQLi/Connection.php(306): mysqli->query()
#1 /home/halim/htdocs/akademik_gatra/system/Database/BaseConnection.php(693): CodeIgniter\Database\MySQLi\Connection->execute()
#2 /home/halim/htdocs/akademik_gatra/system/Database/BaseConnection.php(607): CodeIgniter\Database\BaseConnection->simpleQuery()
#3 /home/halim/htdocs/akademik_gatra/system/Database/BaseBuilder.php(1615): CodeIgniter\Database\BaseConnection->query()
#4 /home/halim/htdocs/akademik_gatra/app/Helpers/my_helper.php(21): CodeIgniter\Database\BaseBuilder->get()
#5 /home/halim/htdocs/akademik_gatra/app/Views/v_dashboard_guru.php(2): isWali()
#6 /home/halim/htdocs/akademik_gatra/system/View/View.php(228): include('/home/halim/htd...')
#7 /home/halim/htdocs/akademik_gatra/system/View/View.php(231): CodeIgniter\View\View->CodeIgniter\View\{closure}()
#8 /home/halim/htdocs/akademik_gatra/system/Common.php(1190): CodeIgniter\View\View->render()
#9 /home/halim/htdocs/akademik_gatra/app/Views/v_template_admin.php(331): view()
#10 /home/halim/htdocs/akademik_gatra/system/View/View.php(228): include('/home/halim/htd...')
#11 /home/halim/htdocs/akademik_gatra/system/View/View.php(231): CodeIgniter\View\View->CodeIgniter\View\{closure}()
#12 /home/halim/htdocs/akademik_gatra/system/Common.php(1190): CodeIgniter\View\View->render()
#13 /home/halim/htdocs/akademik_gatra/app/Controllers/DashboardGuru.php(39): view()
#14 /home/halim/htdocs/akademik_gatra/system/CodeIgniter.php(942): App\Controllers\DashboardGuru->index()
#15 /home/halim/htdocs/akademik_gatra/system/CodeIgniter.php(502): CodeIgniter\CodeIgniter->runController()
#16 /home/halim/htdocs/akademik_gatra/system/CodeIgniter.php(361): CodeIgniter\CodeIgniter->handleRequest()
#17 /home/halim/htdocs/akademik_gatra/index.php(79): CodeIgniter\CodeIgniter->run()
#18 {main}
CRITICAL - 2024-01-15 08:06:11 --> Illegal parameter data types int and row for operation '='
in SYSTEMPATH/Database/BaseConnection.php on line 647.
 1 SYSTEMPATH/Database/BaseBuilder.php(1615): CodeIgniter\Database\BaseConnection->query()
 2 APPPATH/Helpers/my_helper.php(21): CodeIgniter\Database\BaseBuilder->get()
 3 APPPATH/Views/v_dashboard_guru.php(2): isWali()
 4 SYSTEMPATH/View/View.php(228): include('/home/halim/htdocs/akademik_gatra/app/Views/v_dashboard_guru.php')
 5 SYSTEMPATH/View/View.php(231): CodeIgniter\View\View->CodeIgniter\View\{closure}()
 6 SYSTEMPATH/Common.php(1190): CodeIgniter\View\View->render()
 7 APPPATH/Views/v_template_admin.php(331): view()
 8 SYSTEMPATH/View/View.php(228): include('/home/halim/htdocs/akademik_gatra/app/Views/v_template_admin.php')
 9 SYSTEMPATH/View/View.php(231): CodeIgniter\View\View->CodeIgniter\View\{closure}()
10 SYSTEMPATH/Common.php(1190): CodeIgniter\View\View->render()
11 APPPATH/Controllers/DashboardGuru.php(39): view()
12 SYSTEMPATH/CodeIgniter.php(942): App\Controllers\DashboardGuru->index()
13 SYSTEMPATH/CodeIgniter.php(502): CodeIgniter\CodeIgniter->runController()
14 SYSTEMPATH/CodeIgniter.php(361): CodeIgniter\CodeIgniter->handleRequest()
15 FCPATH/index.php(79): CodeIgniter\CodeIgniter->run()
INFO - 2024-01-15 08:06:54 --> Session: Class initialized using 'CodeIgniter\Session\Handlers\FileHandler' driver.
ERROR - 2024-01-15 08:06:54 --> mysqli_sql_exception: Illegal parameter data types int and row for operation '=' in /home/halim/htdocs/akademik_gatra/system/Database/MySQLi/Connection.php:306
Stack trace:
#0 /home/halim/htdocs/akademik_gatra/system/Database/MySQLi/Connection.php(306): mysqli->query()
#1 /home/halim/htdocs/akademik_gatra/system/Database/BaseConnection.php(693): CodeIgniter\Database\MySQLi\Connection->execute()
#2 /home/halim/htdocs/akademik_gatra/system/Database/BaseConnection.php(607): CodeIgniter\Database\BaseConnection->simpleQuery()
#3 /home/halim/htdocs/akademik_gatra/system/Database/BaseBuilder.php(1615): CodeIgniter\Database\BaseConnection->query()
#4 /home/halim/htdocs/akademik_gatra/app/Helpers/my_helper.php(21): CodeIgniter\Database\BaseBuilder->get()
#5 /home/halim/htdocs/akademik_gatra/app/Views/v_dashboard_guru.php(2): isWali()
#6 /home/halim/htdocs/akademik_gatra/system/View/View.php(228): include('/home/halim/htd...')
#7 /home/halim/htdocs/akademik_gatra/system/View/View.php(231): CodeIgniter\View\View->CodeIgniter\View\{closure}()
#8 /home/halim/htdocs/akademik_gatra/system/Common.php(1190): CodeIgniter\View\View->render()
#9 /home/halim/htdocs/akademik_gatra/app/Views/v_template_admin.php(331): view()
#10 /home/halim/htdocs/akademik_gatra/system/View/View.php(228): include('/home/halim/htd...')
#11 /home/halim/htdocs/akademik_gatra/system/View/View.php(231): CodeIgniter\View\View->CodeIgniter\View\{closure}()
#12 /home/halim/htdocs/akademik_gatra/system/Common.php(1190): CodeIgniter\View\View->render()
#13 /home/halim/htdocs/akademik_gatra/app/Controllers/DashboardGuru.php(39): view()
#14 /home/halim/htdocs/akademik_gatra/system/CodeIgniter.php(942): App\Controllers\DashboardGuru->index()
#15 /home/halim/htdocs/akademik_gatra/system/CodeIgniter.php(502): CodeIgniter\CodeIgniter->runController()
#16 /home/halim/htdocs/akademik_gatra/system/CodeIgniter.php(361): CodeIgniter\CodeIgniter->handleRequest()
#17 /home/halim/htdocs/akademik_gatra/index.php(79): CodeIgniter\CodeIgniter->run()
#18 {main}
CRITICAL - 2024-01-15 08:06:54 --> Illegal parameter data types int and row for operation '='
in SYSTEMPATH/Database/BaseConnection.php on line 647.
 1 SYSTEMPATH/Database/BaseBuilder.php(1615): CodeIgniter\Database\BaseConnection->query()
 2 APPPATH/Helpers/my_helper.php(21): CodeIgniter\Database\BaseBuilder->get()
 3 APPPATH/Views/v_dashboard_guru.php(2): isWali()
 4 SYSTEMPATH/View/View.php(228): include('/home/halim/htdocs/akademik_gatra/app/Views/v_dashboard_guru.php')
 5 SYSTEMPATH/View/View.php(231): CodeIgniter\View\View->CodeIgniter\View\{closure}()
 6 SYSTEMPATH/Common.php(1190): CodeIgniter\View\View->render()
 7 APPPATH/Views/v_template_admin.php(331): view()
 8 SYSTEMPATH/View/View.php(228): include('/home/halim/htdocs/akademik_gatra/app/Views/v_template_admin.php')
 9 SYSTEMPATH/View/View.php(231): CodeIgniter\View\View->CodeIgniter\View\{closure}()
10 SYSTEMPATH/Common.php(1190): CodeIgniter\View\View->render()
11 APPPATH/Controllers/DashboardGuru.php(39): view()
12 SYSTEMPATH/CodeIgniter.php(942): App\Controllers\DashboardGuru->index()
13 SYSTEMPATH/CodeIgniter.php(502): CodeIgniter\CodeIgniter->runController()
14 SYSTEMPATH/CodeIgniter.php(361): CodeIgniter\CodeIgniter->handleRequest()
15 FCPATH/index.php(79): CodeIgniter\CodeIgniter->run()
INFO - 2024-01-15 08:07:24 --> Session: Class initialized using 'CodeIgniter\Session\Handlers\FileHandler' driver.
INFO - 2024-01-15 08:07:53 --> Session: Class initialized using 'CodeIgniter\Session\Handlers\FileHandler' driver.
INFO - 2024-01-15 08:07:55 --> Session: Class initialized using 'CodeIgniter\Session\Handlers\FileHandler' driver.
INFO - 2024-01-15 08:07:59 --> Session: Class initialized using 'CodeIgniter\Session\Handlers\FileHandler' driver.
INFO - 2024-01-15 08:08:08 --> Session: Class initialized using 'CodeIgniter\Session\Handlers\FileHandler' driver.
INFO - 2024-01-15 08:08:14 --> Session: Class initialized using 'CodeIgniter\Session\Handlers\FileHandler' driver.
INFO - 2024-01-15 08:08:19 --> Session: Class initialized using 'CodeIgniter\Session\Handlers\FileHandler' driver.
INFO - 2024-01-15 08:08:32 --> Session: Class initialized using 'CodeIgniter\Session\Handlers\FileHandler' driver.
INFO - 2024-01-15 08:09:06 --> Session: Class initialized using 'CodeIgniter\Session\Handlers\FileHandler' driver.
INFO - 2024-01-15 08:09:07 --> Session: Class initialized using 'CodeIgniter\Session\Handlers\FileHandler' driver.
INFO - 2024-01-15 08:09:07 --> Session: Class initialized using 'CodeIgniter\Session\Handlers\FileHandler' driver.
INFO - 2024-01-15 08:09:09 --> Session: Class initialized using 'CodeIgniter\Session\Handlers\FileHandler' driver.
INFO - 2024-01-15 08:09:23 --> Session: Class initialized using 'CodeIgniter\Session\Handlers\FileHandler' driver.
INFO - 2024-01-15 08:09:47 --> Session: Class initialized using 'CodeIgniter\Session\Handlers\FileHandler' driver.
INFO - 2024-01-15 08:09:49 --> Session: Class initialized using 'CodeIgniter\Session\Handlers\FileHandler' driver.
INFO - 2024-01-15 08:11:58 --> Session: Class initialized using 'CodeIgniter\Session\Handlers\FileHandler' driver.
INFO - 2024-01-15 08:12:13 --> Session: Class initialized using 'CodeIgniter\Session\Handlers\FileHandler' driver.
INFO - 2024-01-15 08:12:14 --> Session: Class initialized using 'CodeIgniter\Session\Handlers\FileHandler' driver.
INFO - 2024-01-15 08:12:40 --> Session: Class initialized using 'CodeIgniter\Session\Handlers\FileHandler' driver.
INFO - 2024-01-15 08:12:40 --> Session: Class initialized using 'CodeIgniter\Session\Handlers\FileHandler' driver.
INFO - 2024-01-15 08:12:40 --> Session: Class initialized using 'CodeIgniter\Session\Handlers\FileHandler' driver.
INFO - 2024-01-15 08:12:43 --> Session: Class initialized using 'CodeIgniter\Session\Handlers\FileHandler' driver.
INFO - 2024-01-15 08:12:47 --> Session: Class initialized using 'CodeIgniter\Session\Handlers\FileHandler' driver.
INFO - 2024-01-15 08:12:58 --> Session: Class initialized using 'CodeIgniter\Session\Handlers\FileHandler' driver.
INFO - 2024-01-15 08:13:13 --> Session: Class initialized using 'CodeIgniter\Session\Handlers\FileHandler' driver.
INFO - 2024-01-15 08:13:13 --> Session: Class initialized using 'CodeIgniter\Session\Handlers\FileHandler' driver.
INFO - 2024-01-15 08:13:17 --> Session: Class initialized using 'CodeIgniter\Session\Handlers\FileHandler' driver.
INFO - 2024-01-15 08:13:18 --> Session: Class initialized using 'CodeIgniter\Session\Handlers\FileHandler' driver.
INFO - 2024-01-15 08:13:19 --> Session: Class initialized using 'CodeIgniter\Session\Handlers\FileHandler' driver.
INFO - 2024-01-15 08:13:28 --> Session: Class initialized using 'CodeIgniter\Session\Handlers\FileHandler' driver.
INFO - 2024-01-15 08:13:30 --> Session: Class initialized using 'CodeIgniter\Session\Handlers\FileHandler' driver.
INFO - 2024-01-15 08:13:51 --> Session: Class initialized using 'CodeIgniter\Session\Handlers\FileHandler' driver.
INFO - 2024-01-15 08:13:53 --> Session: Class initialized using 'CodeIgniter\Session\Handlers\FileHandler' driver.
INFO - 2024-01-15 08:13:59 --> Session: Class initialized using 'CodeIgniter\Session\Handlers\FileHandler' driver.
INFO - 2024-01-15 08:13:59 --> Session: Class initialized using 'CodeIgniter\Session\Handlers\FileHandler' driver.
INFO - 2024-01-15 08:13:59 --> Session: Class initialized using 'CodeIgniter\Session\Handlers\FileHandler' driver.
INFO - 2024-01-15 08:14:02 --> Session: Class initialized using 'CodeIgniter\Session\Handlers\FileHandler' driver.
INFO - 2024-01-15 08:14:14 --> Session: Class initialized using 'CodeIgniter\Session\Handlers\FileHandler' driver.
INFO - 2024-01-15 08:14:14 --> Session: Class initialized using 'CodeIgniter\Session\Handlers\FileHandler' driver.
INFO - 2024-01-15 08:14:18 --> Session: Class initialized using 'CodeIgniter\Session\Handlers\FileHandler' driver.
INFO - 2024-01-15 08:25:19 --> Session: Class initialized using 'CodeIgniter\Session\Handlers\FileHandler' driver.
INFO - 2024-01-15 08:25:21 --> Session: Class initialized using 'CodeIgniter\Session\Handlers\FileHandler' driver.
INFO - 2024-01-15 10:36:21 --> Session: Class initialized using 'CodeIgniter\Session\Handlers\FileHandler' driver.
ERROR - 2024-01-15 10:53:19 --> Error connecting to the database: mysqli_sql_exception: Access denied for user 'root'@'localhost' (using password: YES) in C:\xampp\htdocs\akademik_gatra\system\Database\MySQLi\Connection.php:185
Stack trace:
#0 C:\xampp\htdocs\akademik_gatra\system\Database\MySQLi\Connection.php(185): mysqli->real_connect('localhost', 'root', 'root', 'db_akademik_gat...', 3306, '', 0)
#1 C:\xampp\htdocs\akademik_gatra\system\Database\BaseConnection.php(392): CodeIgniter\Database\MySQLi\Connection->connect(false)
#2 C:\xampp\htdocs\akademik_gatra\system\Database\BaseConnection.php(575): CodeIgniter\Database\BaseConnection->initialize()
#3 C:\xampp\htdocs\akademik_gatra\system\Database\BaseBuilder.php(1615): CodeIgniter\Database\BaseConnection->query('SELECT *\nFROM `...', Array, false)
#4 C:\xampp\htdocs\akademik_gatra\app\Models\ModelSekolah.php(13): CodeIgniter\Database\BaseBuilder->get()
#5 C:\xampp\htdocs\akademik_gatra\app\Controllers\Auth.php(25): App\Models\ModelSekolah->DetailData()
#6 C:\xampp\htdocs\akademik_gatra\system\CodeIgniter.php(942): App\Controllers\Auth->index()
#7 C:\xampp\htdocs\akademik_gatra\system\CodeIgniter.php(502): CodeIgniter\CodeIgniter->runController(Object(App\Controllers\Auth))
#8 C:\xampp\htdocs\akademik_gatra\system\CodeIgniter.php(361): CodeIgniter\CodeIgniter->handleRequest(NULL, Object(Config\Cache), false)
#9 C:\xampp\htdocs\akademik_gatra\index.php(79): CodeIgniter\CodeIgniter->run()
#10 {main}

Next CodeIgniter\Database\Exceptions\DatabaseException: Access denied for user '****'@'localhost' (using password: YES) in C:\xampp\htdocs\akademik_gatra\system\Database\MySQLi\Connection.php:229
Stack trace:
#0 C:\xampp\htdocs\akademik_gatra\system\Database\BaseConnection.php(392): CodeIgniter\Database\MySQLi\Connection->connect(false)
#1 C:\xampp\htdocs\akademik_gatra\system\Database\BaseConnection.php(575): CodeIgniter\Database\BaseConnection->initialize()
#2 C:\xampp\htdocs\akademik_gatra\system\Database\BaseBuilder.php(1615): CodeIgniter\Database\BaseConnection->query('SELECT *\nFROM `...', Array, false)
#3 C:\xampp\htdocs\akademik_gatra\app\Models\ModelSekolah.php(13): CodeIgniter\Database\BaseBuilder->get()
#4 C:\xampp\htdocs\akademik_gatra\app\Controllers\Auth.php(25): App\Models\ModelSekolah->DetailData()
#5 C:\xampp\htdocs\akademik_gatra\system\CodeIgniter.php(942): App\Controllers\Auth->index()
#6 C:\xampp\htdocs\akademik_gatra\system\CodeIgniter.php(502): CodeIgniter\CodeIgniter->runController(Object(App\Controllers\Auth))
#7 C:\xampp\htdocs\akademik_gatra\system\CodeIgniter.php(361): CodeIgniter\CodeIgniter->handleRequest(NULL, Object(Config\Cache), false)
#8 C:\xampp\htdocs\akademik_gatra\index.php(79): CodeIgniter\CodeIgniter->run()
#9 {main}
CRITICAL - 2024-01-15 10:53:19 --> Unable to connect to the database.
Main connection [MySQLi]: Access denied for user '****'@'localhost' (using password: YES)
in SYSTEMPATH\Database\BaseConnection.php on line 428.
 1 SYSTEMPATH\Database\BaseConnection.php(575): CodeIgniter\Database\BaseConnection->initialize()
 2 SYSTEMPATH\Database\BaseBuilder.php(1615): CodeIgniter\Database\BaseConnection->query('SELECT *
FROM `tbl_sekolah`
WHERE `id` = :id:', [...], false)
 3 APPPATH\Models\ModelSekolah.php(13): CodeIgniter\Database\BaseBuilder->get()
 4 APPPATH\Controllers\Auth.php(25): App\Models\ModelSekolah->DetailData()
 5 SYSTEMPATH\CodeIgniter.php(942): App\Controllers\Auth->index()
 6 SYSTEMPATH\CodeIgniter.php(502): CodeIgniter\CodeIgniter->runController(Object(App\Controllers\Auth))
 7 SYSTEMPATH\CodeIgniter.php(361): CodeIgniter\CodeIgniter->handleRequest(null, Object(Config\Cache), false)
 8 FCPATH\index.php(79): CodeIgniter\CodeIgniter->run()
INFO - 2024-01-15 10:56:36 --> Session: Class initialized using 'CodeIgniter\Session\Handlers\FileHandler' driver.
INFO - 2024-01-15 10:57:05 --> Session: Class initialized using 'CodeIgniter\Session\Handlers\FileHandler' driver.
INFO - 2024-01-15 10:57:06 --> Session: Class initialized using 'CodeIgniter\Session\Handlers\FileHandler' driver.
INFO - 2024-01-15 10:57:17 --> Session: Class initialized using 'CodeIgniter\Session\Handlers\FileHandler' driver.
INFO - 2024-01-15 10:57:21 --> Session: Class initialized using 'CodeIgniter\Session\Handlers\FileHandler' driver.
INFO - 2024-01-15 10:57:25 --> Session: Class initialized using 'CodeIgniter\Session\Handlers\FileHandler' driver.
INFO - 2024-01-15 10:57:52 --> Session: Class initialized using 'CodeIgniter\Session\Handlers\FileHandler' driver.
INFO - 2024-01-15 10:57:55 --> Session: Class initialized using 'CodeIgniter\Session\Handlers\FileHandler' driver.
INFO - 2024-01-15 10:57:59 --> Session: Class initialized using 'CodeIgniter\Session\Handlers\FileHandler' driver.
INFO - 2024-01-15 11:00:07 --> Session: Class initialized using 'CodeIgniter\Session\Handlers\FileHandler' driver.
INFO - 2024-01-15 11:00:11 --> Session: Class initialized using 'CodeIgniter\Session\Handlers\FileHandler' driver.
INFO - 2024-01-15 11:00:14 --> Session: Class initialized using 'CodeIgniter\Session\Handlers\FileHandler' driver.
INFO - 2024-01-15 11:00:17 --> Session: Class initialized using 'CodeIgniter\Session\Handlers\FileHandler' driver.
INFO - 2024-01-15 11:00:50 --> Session: Class initialized using 'CodeIgniter\Session\Handlers\FileHandler' driver.
INFO - 2024-01-15 11:01:04 --> Session: Class initialized using 'CodeIgniter\Session\Handlers\FileHandler' driver.
INFO - 2024-01-15 11:55:54 --> Session: Class initialized using 'CodeIgniter\Session\Handlers\FileHandler' driver.
INFO - 2024-01-15 11:56:07 --> Session: Class initialized using 'CodeIgniter\Session\Handlers\FileHandler' driver.
INFO - 2024-01-15 11:56:08 --> Session: Class initialized using 'CodeIgniter\Session\Handlers\FileHandler' driver.
INFO - 2024-01-15 11:56:16 --> Session: Class initialized using 'CodeIgniter\Session\Handlers\FileHandler' driver.
INFO - 2024-01-15 12:07:00 --> Session: Class initialized using 'CodeIgniter\Session\Handlers\FileHandler' driver.
INFO - 2024-01-15 12:08:40 --> Session: Class initialized using 'CodeIgniter\Session\Handlers\FileHandler' driver.
INFO - 2024-01-15 12:09:35 --> Session: Class initialized using 'CodeIgniter\Session\Handlers\FileHandler' driver.
INFO - 2024-01-15 12:09:36 --> Session: Class initialized using 'CodeIgniter\Session\Handlers\FileHandler' driver.
INFO - 2024-01-15 12:09:46 --> Session: Class initialized using 'CodeIgniter\Session\Handlers\FileHandler' driver.
INFO - 2024-01-15 12:09:47 --> Session: Class initialized using 'CodeIgniter\Session\Handlers\FileHandler' driver.
INFO - 2024-01-15 12:11:10 --> Session: Class initialized using 'CodeIgniter\Session\Handlers\FileHandler' driver.
INFO - 2024-01-15 12:12:34 --> Session: Class initialized using 'CodeIgniter\Session\Handlers\FileHandler' driver.
INFO - 2024-01-15 12:12:34 --> Session: Class initialized using 'CodeIgniter\Session\Handlers\FileHandler' driver.
INFO - 2024-01-15 14:02:42 --> Session: Class initialized using 'CodeIgniter\Session\Handlers\FileHandler' driver.
INFO - 2024-01-15 14:02:55 --> Session: Class initialized using 'CodeIgniter\Session\Handlers\FileHandler' driver.
INFO - 2024-01-15 14:02:55 --> Session: Class initialized using 'CodeIgniter\Session\Handlers\FileHandler' driver.
INFO - 2024-01-15 14:03:03 --> Session: Class initialized using 'CodeIgniter\Session\Handlers\FileHandler' driver.
INFO - 2024-01-15 14:05:20 --> Session: Class initialized using 'CodeIgniter\Session\Handlers\FileHandler' driver.
INFO - 2024-01-15 14:05:20 --> Session: Class initialized using 'CodeIgniter\Session\Handlers\FileHandler' driver.
INFO - 2024-01-15 14:05:22 --> Session: Class initialized using 'CodeIgniter\Session\Handlers\FileHandler' driver.
INFO - 2024-01-15 14:05:26 --> Session: Class initialized using 'CodeIgniter\Session\Handlers\FileHandler' driver.
INFO - 2024-01-15 14:05:26 --> Session: Class initialized using 'CodeIgniter\Session\Handlers\FileHandler' driver.
INFO - 2024-01-15 14:06:00 --> Session: Class initialized using 'CodeIgniter\Session\Handlers\FileHandler' driver.
INFO - 2024-01-15 14:06:27 --> Session: Class initialized using 'CodeIgniter\Session\Handlers\FileHandler' driver.
INFO - 2024-01-15 14:06:56 --> Session: Class initialized using 'CodeIgniter\Session\Handlers\FileHandler' driver.
INFO - 2024-01-15 14:08:04 --> Session: Class initialized using 'CodeIgniter\Session\Handlers\FileHandler' driver.
INFO - 2024-01-15 14:09:16 --> Session: Class initialized using 'CodeIgniter\Session\Handlers\FileHandler' driver.
INFO - 2024-01-15 14:09:16 --> Session: Class initialized using 'CodeIgniter\Session\Handlers\FileHandler' driver.
INFO - 2024-01-15 14:09:56 --> Session: Class initialized using 'CodeIgniter\Session\Handlers\FileHandler' driver.
INFO - 2024-01-15 14:10:26 --> Session: Class initialized using 'CodeIgniter\Session\Handlers\FileHandler' driver.
INFO - 2024-01-15 14:10:46 --> Session: Class initialized using 'CodeIgniter\Session\Handlers\FileHandler' driver.
INFO - 2024-01-15 14:10:50 --> Session: Class initialized using 'CodeIgniter\Session\Handlers\FileHandler' driver.
INFO - 2024-01-15 14:10:55 --> Session: Class initialized using 'CodeIgniter\Session\Handlers\FileHandler' driver.
INFO - 2024-01-15 14:11:02 --> Session: Class initialized using 'CodeIgniter\Session\Handlers\FileHandler' driver.
INFO - 2024-01-15 14:11:27 --> Session: Class initialized using 'CodeIgniter\Session\Handlers\FileHandler' driver.
INFO - 2024-01-15 14:11:32 --> Session: Class initialized using 'CodeIgniter\Session\Handlers\FileHandler' driver.
CRITICAL - 2024-01-15 14:11:33 --> unlink(fotoguru/1704117920_13e26a0684bc6ef58e06.jpg): No such file or directory
in APPPATH\Controllers\Guru.php on line 201.
 1 [internal function]: CodeIgniter\Debug\Exceptions->errorHandler(2, 'unlink(fotoguru/1704117920_13e26a0684bc6ef58e06.jpg): No such file or directory', 'C:\\xampp\\htdocs\\akademik_gatra\\app\\Controllers\\Guru.php', 201, [...])
 2 APPPATH\Controllers\Guru.php(201): unlink('fotoguru/1704117920_13e26a0684bc6ef58e06.jpg')
 3 SYSTEMPATH\CodeIgniter.php(942): App\Controllers\Guru->DeleteData('126')
 4 SYSTEMPATH\CodeIgniter.php(502): CodeIgniter\CodeIgniter->runController(Object(App\Controllers\Guru))
 5 SYSTEMPATH\CodeIgniter.php(361): CodeIgniter\CodeIgniter->handleRequest(null, Object(Config\Cache), false)
 6 FCPATH\index.php(79): CodeIgniter\CodeIgniter->run()
INFO - 2024-01-15 14:11:40 --> Session: Class initialized using 'CodeIgniter\Session\Handlers\FileHandler' driver.
INFO - 2024-01-15 14:11:56 --> Session: Class initialized using 'CodeIgniter\Session\Handlers\FileHandler' driver.
INFO - 2024-01-15 14:13:33 --> Session: Class initialized using 'CodeIgniter\Session\Handlers\FileHandler' driver.
INFO - 2024-01-15 14:13:34 --> Session: Class initialized using 'CodeIgniter\Session\Handlers\FileHandler' driver.
INFO - 2024-01-15 14:14:30 --> Session: Class initialized using 'CodeIgniter\Session\Handlers\FileHandler' driver.
INFO - 2024-01-15 14:14:53 --> Session: Class initialized using 'CodeIgniter\Session\Handlers\FileHandler' driver.
INFO - 2024-01-15 14:15:14 --> Session: Class initialized using 'CodeIgniter\Session\Handlers\FileHandler' driver.
INFO - 2024-01-15 14:15:21 --> Session: Class initialized using 'CodeIgniter\Session\Handlers\FileHandler' driver.
INFO - 2024-01-15 14:15:52 --> Session: Class initialized using 'CodeIgniter\Session\Handlers\FileHandler' driver.
INFO - 2024-01-15 14:15:54 --> Session: Class initialized using 'CodeIgniter\Session\Handlers\FileHandler' driver.
INFO - 2024-01-15 14:16:34 --> Session: Class initialized using 'CodeIgniter\Session\Handlers\FileHandler' driver.
INFO - 2024-01-15 14:16:35 --> Session: Class initialized using 'CodeIgniter\Session\Handlers\FileHandler' driver.
INFO - 2024-01-15 14:16:40 --> Session: Class initialized using 'CodeIgniter\Session\Handlers\FileHandler' driver.
CRITICAL - 2024-01-15 14:16:40 --> unlink(fotosiswa/1705302995_d0136f87f93ebe398b18.png): No such file or directory
in APPPATH\Controllers\Siswa.php on line 252.
 1 [internal function]: CodeIgniter\Debug\Exceptions->errorHandler(2, 'unlink(fotosiswa/1705302995_d0136f87f93ebe398b18.png): No such file or directory', 'C:\\xampp\\htdocs\\akademik_gatra\\app\\Controllers\\Siswa.php', 252, [...])
 2 APPPATH\Controllers\Siswa.php(252): unlink('fotosiswa/1705302995_d0136f87f93ebe398b18.png')
 3 SYSTEMPATH\CodeIgniter.php(942): App\Controllers\Siswa->DeleteData('16')
 4 SYSTEMPATH\CodeIgniter.php(502): CodeIgniter\CodeIgniter->runController(Object(App\Controllers\Siswa))
 5 SYSTEMPATH\CodeIgniter.php(361): CodeIgniter\CodeIgniter->handleRequest(null, Object(Config\Cache), false)
 6 FCPATH\index.php(79): CodeIgniter\CodeIgniter->run()
INFO - 2024-01-15 14:16:48 --> Session: Class initialized using 'CodeIgniter\Session\Handlers\FileHandler' driver.
INFO - 2024-01-15 14:17:11 --> Session: Class initialized using 'CodeIgniter\Session\Handlers\FileHandler' driver.
CRITICAL - 2024-01-15 14:17:11 --> unlink(fotosiswa/1705302995_d0136f87f93ebe398b18.png): No such file or directory
in APPPATH\Controllers\Siswa.php on line 252.
 1 [internal function]: CodeIgniter\Debug\Exceptions->errorHandler(2, 'unlink(fotosiswa/1705302995_d0136f87f93ebe398b18.png): No such file or directory', 'C:\\xampp\\htdocs\\akademik_gatra\\app\\Controllers\\Siswa.php', 252, [...])
 2 APPPATH\Controllers\Siswa.php(252): unlink('fotosiswa/1705302995_d0136f87f93ebe398b18.png')
 3 SYSTEMPATH\CodeIgniter.php(942): App\Controllers\Siswa->DeleteData('16')
 4 SYSTEMPATH\CodeIgniter.php(502): CodeIgniter\CodeIgniter->runController(Object(App\Controllers\Siswa))
 5 SYSTEMPATH\CodeIgniter.php(361): CodeIgniter\CodeIgniter->handleRequest(null, Object(Config\Cache), false)
 6 FCPATH\index.php(79): CodeIgniter\CodeIgniter->run()
INFO - 2024-01-15 14:18:09 --> Session: Class initialized using 'CodeIgniter\Session\Handlers\FileHandler' driver.
CRITICAL - 2024-01-15 14:18:09 --> unlink(fotosiswa/1705302995_d0136f87f93ebe398b18.png): No such file or directory
in APPPATH\Controllers\Siswa.php on line 252.
 1 [internal function]: CodeIgniter\Debug\Exceptions->errorHandler(2, 'unlink(fotosiswa/1705302995_d0136f87f93ebe398b18.png): No such file or directory', 'C:\\xampp\\htdocs\\akademik_gatra\\app\\Controllers\\Siswa.php', 252, [...])
 2 APPPATH\Controllers\Siswa.php(252): unlink('fotosiswa/1705302995_d0136f87f93ebe398b18.png')
 3 SYSTEMPATH\CodeIgniter.php(942): App\Controllers\Siswa->DeleteData('16')
 4 SYSTEMPATH\CodeIgniter.php(502): CodeIgniter\CodeIgniter->runController(Object(App\Controllers\Siswa))
 5 SYSTEMPATH\CodeIgniter.php(361): CodeIgniter\CodeIgniter->handleRequest(null, Object(Config\Cache), false)
 6 FCPATH\index.php(79): CodeIgniter\CodeIgniter->run()
INFO - 2024-01-15 14:18:12 --> Session: Class initialized using 'CodeIgniter\Session\Handlers\FileHandler' driver.
INFO - 2024-01-15 14:18:19 --> Session: Class initialized using 'CodeIgniter\Session\Handlers\FileHandler' driver.
CRITICAL - 2024-01-15 14:18:19 --> unlink(fotosiswa/1705101131_b6c3dece220aca07076f.png): No such file or directory
in APPPATH\Controllers\Siswa.php on line 252.
 1 [internal function]: CodeIgniter\Debug\Exceptions->errorHandler(2, 'unlink(fotosiswa/1705101131_b6c3dece220aca07076f.png): No such file or directory', 'C:\\xampp\\htdocs\\akademik_gatra\\app\\Controllers\\Siswa.php', 252, [...])
 2 APPPATH\Controllers\Siswa.php(252): unlink('fotosiswa/1705101131_b6c3dece220aca07076f.png')
 3 SYSTEMPATH\CodeIgniter.php(942): App\Controllers\Siswa->DeleteData('15')
 4 SYSTEMPATH\CodeIgniter.php(502): CodeIgniter\CodeIgniter->runController(Object(App\Controllers\Siswa))
 5 SYSTEMPATH\CodeIgniter.php(361): CodeIgniter\CodeIgniter->handleRequest(null, Object(Config\Cache), false)
 6 FCPATH\index.php(79): CodeIgniter\CodeIgniter->run()
INFO - 2024-01-15 14:18:22 --> Session: Class initialized using 'CodeIgniter\Session\Handlers\FileHandler' driver.
INFO - 2024-01-15 14:18:25 --> Session: Class initialized using 'CodeIgniter\Session\Handlers\FileHandler' driver.
INFO - 2024-01-15 14:20:11 --> Session: Class initialized using 'CodeIgniter\Session\Handlers\FileHandler' driver.
CRITICAL - 2024-01-15 14:20:11 --> unlink(fotosiswa/1705302995_d0136f87f93ebe398b18.png): No such file or directory
in APPPATH\Controllers\Siswa.php on line 252.
 1 [internal function]: CodeIgniter\Debug\Exceptions->errorHandler(2, 'unlink(fotosiswa/1705302995_d0136f87f93ebe398b18.png): No such file or directory', 'C:\\xampp\\htdocs\\akademik_gatra\\app\\Controllers\\Siswa.php', 252, [...])
 2 APPPATH\Controllers\Siswa.php(252): unlink('fotosiswa/1705302995_d0136f87f93ebe398b18.png')
 3 SYSTEMPATH\CodeIgniter.php(942): App\Controllers\Siswa->DeleteData('16')
 4 SYSTEMPATH\CodeIgniter.php(502): CodeIgniter\CodeIgniter->runController(Object(App\Controllers\Siswa))
 5 SYSTEMPATH\CodeIgniter.php(361): CodeIgniter\CodeIgniter->handleRequest(null, Object(Config\Cache), false)
 6 FCPATH\index.php(79): CodeIgniter\CodeIgniter->run()
INFO - 2024-01-15 14:20:45 --> Session: Class initialized using 'CodeIgniter\Session\Handlers\FileHandler' driver.
INFO - 2024-01-15 14:20:45 --> Session: Class initialized using 'CodeIgniter\Session\Handlers\FileHandler' driver.
INFO - 2024-01-15 14:21:17 --> Session: Class initialized using 'CodeIgniter\Session\Handlers\FileHandler' driver.
INFO - 2024-01-15 14:23:18 --> Session: Class initialized using 'CodeIgniter\Session\Handlers\FileHandler' driver.
CRITICAL - 2024-01-15 14:23:18 --> unlink(foto/1703502640_8d0fa5ce1f36605ccad0.jpg): No such file or directory
in APPPATH\Controllers\User.php on line 168.
 1 [internal function]: CodeIgniter\Debug\Exceptions->errorHandler(2, 'unlink(foto/1703502640_8d0fa5ce1f36605ccad0.jpg): No such file or directory', 'C:\\xampp\\htdocs\\akademik_gatra\\app\\Controllers\\User.php', 168, [...])
 2 APPPATH\Controllers\User.php(168): unlink('foto/1703502640_8d0fa5ce1f36605ccad0.jpg')
 3 SYSTEMPATH\CodeIgniter.php(942): App\Controllers\User->DeleteData('3')
 4 SYSTEMPATH\CodeIgniter.php(502): CodeIgniter\CodeIgniter->runController(Object(App\Controllers\User))
 5 SYSTEMPATH\CodeIgniter.php(361): CodeIgniter\CodeIgniter->handleRequest(null, Object(Config\Cache), false)
 6 FCPATH\index.php(79): CodeIgniter\CodeIgniter->run()
INFO - 2024-01-15 14:23:28 --> Session: Class initialized using 'CodeIgniter\Session\Handlers\FileHandler' driver.
INFO - 2024-01-15 14:23:29 --> Session: Class initialized using 'CodeIgniter\Session\Handlers\FileHandler' driver.
INFO - 2024-01-15 14:27:22 --> Session: Class initialized using 'CodeIgniter\Session\Handlers\FileHandler' driver.
INFO - 2024-01-15 14:27:25 --> Session: Class initialized using 'CodeIgniter\Session\Handlers\FileHandler' driver.
INFO - 2024-01-15 14:27:27 --> Session: Class initialized using 'CodeIgniter\Session\Handlers\FileHandler' driver.
INFO - 2024-01-15 14:27:55 --> Session: Class initialized using 'CodeIgniter\Session\Handlers\FileHandler' driver.
INFO - 2024-01-15 14:27:55 --> Session: Class initialized using 'CodeIgniter\Session\Handlers\FileHandler' driver.
INFO - 2024-01-15 14:29:00 --> Session: Class initialized using 'CodeIgniter\Session\Handlers\FileHandler' driver.
INFO - 2024-01-15 14:29:04 --> Session: Class initialized using 'CodeIgniter\Session\Handlers\FileHandler' driver.
INFO - 2024-01-15 14:29:07 --> Session: Class initialized using 'CodeIgniter\Session\Handlers\FileHandler' driver.
INFO - 2024-01-15 14:29:08 --> Session: Class initialized using 'CodeIgniter\Session\Handlers\FileHandler' driver.
INFO - 2024-01-15 14:29:10 --> Session: Class initialized using 'CodeIgniter\Session\Handlers\FileHandler' driver.
INFO - 2024-01-15 14:30:53 --> Session: Class initialized using 'CodeIgniter\Session\Handlers\FileHandler' driver.
INFO - 2024-01-15 14:30:53 --> Session: Class initialized using 'CodeIgniter\Session\Handlers\FileHandler' driver.
INFO - 2024-01-15 14:31:22 --> Session: Class initialized using 'CodeIgniter\Session\Handlers\FileHandler' driver.
INFO - 2024-01-15 14:31:29 --> Session: Class initialized using 'CodeIgniter\Session\Handlers\FileHandler' driver.
INFO - 2024-01-15 14:31:38 --> Session: Class initialized using 'CodeIgniter\Session\Handlers\FileHandler' driver.
INFO - 2024-01-15 14:32:16 --> Session: Class initialized using 'CodeIgniter\Session\Handlers\FileHandler' driver.
INFO - 2024-01-15 14:32:49 --> Session: Class initialized using 'CodeIgniter\Session\Handlers\FileHandler' driver.
INFO - 2024-01-15 14:34:32 --> Session: Class initialized using 'CodeIgniter\Session\Handlers\FileHandler' driver.
INFO - 2024-01-15 14:34:32 --> Session: Class initialized using 'CodeIgniter\Session\Handlers\FileHandler' driver.
INFO - 2024-01-15 14:34:39 --> Session: Class initialized using 'CodeIgniter\Session\Handlers\FileHandler' driver.
INFO - 2024-01-15 14:34:39 --> Session: Class initialized using 'CodeIgniter\Session\Handlers\FileHandler' driver.
INFO - 2024-01-15 14:36:38 --> Session: Class initialized using 'CodeIgniter\Session\Handlers\FileHandler' driver.
INFO - 2024-01-15 14:36:57 --> Session: Class initialized using 'CodeIgniter\Session\Handlers\FileHandler' driver.
INFO - 2024-01-15 14:37:19 --> Session: Class initialized using 'CodeIgniter\Session\Handlers\FileHandler' driver.
INFO - 2024-01-15 14:38:24 --> Session: Class initialized using 'CodeIgniter\Session\Handlers\FileHandler' driver.
INFO - 2024-01-15 14:38:24 --> Session: Class initialized using 'CodeIgniter\Session\Handlers\FileHandler' driver.
INFO - 2024-01-15 14:38:52 --> Session: Class initialized using 'CodeIgniter\Session\Handlers\FileHandler' driver.
INFO - 2024-01-15 14:38:57 --> Session: Class initialized using 'CodeIgniter\Session\Handlers\FileHandler' driver.
INFO - 2024-01-15 14:39:41 --> Session: Class initialized using 'CodeIgniter\Session\Handlers\FileHandler' driver.
INFO - 2024-01-15 14:40:55 --> Session: Class initialized using 'CodeIgniter\Session\Handlers\FileHandler' driver.
INFO - 2024-01-15 14:43:03 --> Session: Class initialized using 'CodeIgniter\Session\Handlers\FileHandler' driver.
INFO - 2024-01-15 14:43:03 --> Session: Class initialized using 'CodeIgniter\Session\Handlers\FileHandler' driver.
INFO - 2024-01-15 14:43:04 --> Session: Class initialized using 'CodeIgniter\Session\Handlers\FileHandler' driver.
INFO - 2024-01-15 14:43:21 --> Session: Class initialized using 'CodeIgniter\Session\Handlers\FileHandler' driver.
INFO - 2024-01-15 14:43:30 --> Session: Class initialized using 'CodeIgniter\Session\Handlers\FileHandler' driver.
INFO - 2024-01-15 14:43:30 --> Session: Class initialized using 'CodeIgniter\Session\Handlers\FileHandler' driver.
INFO - 2024-01-15 14:44:55 --> Session: Class initialized using 'CodeIgniter\Session\Handlers\FileHandler' driver.
INFO - 2024-01-15 14:47:59 --> Session: Class initialized using 'CodeIgniter\Session\Handlers\FileHandler' driver.
INFO - 2024-01-15 14:48:26 --> Session: Class initialized using 'CodeIgniter\Session\Handlers\FileHandler' driver.
INFO - 2024-01-15 14:50:22 --> Session: Class initialized using 'CodeIgniter\Session\Handlers\FileHandler' driver.
INFO - 2024-01-15 14:50:36 --> Session: Class initialized using 'CodeIgniter\Session\Handlers\FileHandler' driver.
INFO - 2024-01-15 14:50:36 --> Session: Class initialized using 'CodeIgniter\Session\Handlers\FileHandler' driver.
INFO - 2024-01-15 14:50:40 --> Session: Class initialized using 'CodeIgniter\Session\Handlers\FileHandler' driver.
INFO - 2024-01-15 14:50:54 --> Session: Class initialized using 'CodeIgniter\Session\Handlers\FileHandler' driver.
INFO - 2024-01-15 14:50:54 --> Session: Class initialized using 'CodeIgniter\Session\Handlers\FileHandler' driver.
INFO - 2024-01-15 14:50:54 --> Session: Class initialized using 'CodeIgniter\Session\Handlers\FileHandler' driver.
INFO - 2024-01-15 14:51:35 --> Session: Class initialized using 'CodeIgniter\Session\Handlers\FileHandler' driver.
INFO - 2024-01-15 14:51:35 --> Session: Class initialized using 'CodeIgniter\Session\Handlers\FileHandler' driver.
INFO - 2024-01-15 14:51:39 --> Session: Class initialized using 'CodeIgniter\Session\Handlers\FileHandler' driver.
INFO - 2024-01-15 14:51:47 --> Session: Class initialized using 'CodeIgniter\Session\Handlers\FileHandler' driver.
INFO - 2024-01-15 14:51:49 --> Session: Class initialized using 'CodeIgniter\Session\Handlers\FileHandler' driver.
INFO - 2024-01-15 15:24:00 --> Session: Class initialized using 'CodeIgniter\Session\Handlers\FileHandler' driver.
INFO - 2024-01-15 15:24:02 --> Session: Class initialized using 'CodeIgniter\Session\Handlers\FileHandler' driver.
INFO - 2024-01-15 15:24:08 --> Session: Class initialized using 'CodeIgniter\Session\Handlers\FileHandler' driver.
INFO - 2024-01-15 15:24:08 --> Session: Class initialized using 'CodeIgniter\Session\Handlers\FileHandler' driver.
INFO - 2024-01-15 15:24:08 --> Session: Class initialized using 'CodeIgniter\Session\Handlers\FileHandler' driver.
INFO - 2024-01-15 15:24:17 --> Session: Class initialized using 'CodeIgniter\Session\Handlers\FileHandler' driver.
INFO - 2024-01-15 15:24:17 --> Session: Class initialized using 'CodeIgniter\Session\Handlers\FileHandler' driver.
INFO - 2024-01-15 15:27:49 --> Session: Class initialized using 'CodeIgniter\Session\Handlers\FileHandler' driver.
INFO - 2024-01-15 15:28:28 --> Session: Class initialized using 'CodeIgniter\Session\Handlers\FileHandler' driver.
INFO - 2024-01-15 15:45:59 --> Session: Class initialized using 'CodeIgniter\Session\Handlers\FileHandler' driver.
INFO - 2024-01-15 15:46:20 --> Session: Class initialized using 'CodeIgniter\Session\Handlers\FileHandler' driver.
INFO - 2024-01-15 15:46:45 --> Session: Class initialized using 'CodeIgniter\Session\Handlers\FileHandler' driver.
INFO - 2024-01-15 15:46:45 --> Session: Class initialized using 'CodeIgniter\Session\Handlers\FileHandler' driver.
INFO - 2024-01-15 15:46:45 --> Session: Class initialized using 'CodeIgniter\Session\Handlers\FileHandler' driver.
INFO - 2024-01-15 15:46:54 --> Session: Class initialized using 'CodeIgniter\Session\Handlers\FileHandler' driver.
INFO - 2024-01-15 15:46:54 --> Session: Class initialized using 'CodeIgniter\Session\Handlers\FileHandler' driver.
INFO - 2024-01-15 15:47:25 --> Session: Class initialized using 'CodeIgniter\Session\Handlers\FileHandler' driver.
INFO - 2024-01-15 15:47:45 --> Session: Class initialized using 'CodeIgniter\Session\Handlers\FileHandler' driver.
INFO - 2024-01-15 15:48:03 --> Session: Class initialized using 'CodeIgniter\Session\Handlers\FileHandler' driver.
INFO - 2024-01-15 15:49:12 --> Session: Class initialized using 'CodeIgniter\Session\Handlers\FileHandler' driver.
INFO - 2024-01-15 15:49:13 --> Session: Class initialized using 'CodeIgniter\Session\Handlers\FileHandler' driver.
INFO - 2024-01-15 15:49:13 --> Session: Class initialized using 'CodeIgniter\Session\Handlers\FileHandler' driver.
INFO - 2024-01-15 15:49:20 --> Session: Class initialized using 'CodeIgniter\Session\Handlers\FileHandler' driver.
INFO - 2024-01-15 15:49:20 --> Session: Class initialized using 'CodeIgniter\Session\Handlers\FileHandler' driver.
INFO - 2024-01-15 15:49:58 --> Session: Class initialized using 'CodeIgniter\Session\Handlers\FileHandler' driver.
INFO - 2024-01-15 15:51:25 --> Session: Class initialized using 'CodeIgniter\Session\Handlers\FileHandler' driver.
INFO - 2024-01-15 15:52:49 --> Session: Class initialized using 'CodeIgniter\Session\Handlers\FileHandler' driver.
INFO - 2024-01-15 15:53:43 --> Session: Class initialized using 'CodeIgniter\Session\Handlers\FileHandler' driver.
INFO - 2024-01-15 15:53:46 --> Session: Class initialized using 'CodeIgniter\Session\Handlers\FileHandler' driver.
INFO - 2024-01-15 15:53:48 --> Session: Class initialized using 'CodeIgniter\Session\Handlers\FileHandler' driver.
INFO - 2024-01-15 15:54:55 --> Session: Class initialized using 'CodeIgniter\Session\Handlers\FileHandler' driver.
INFO - 2024-01-15 15:55:35 --> Session: Class initialized using 'CodeIgniter\Session\Handlers\FileHandler' driver.
INFO - 2024-01-15 15:56:31 --> Session: Class initialized using 'CodeIgniter\Session\Handlers\FileHandler' driver.
INFO - 2024-01-15 15:57:09 --> Session: Class initialized using 'CodeIgniter\Session\Handlers\FileHandler' driver.
INFO - 2024-01-15 15:57:35 --> Session: Class initialized using 'CodeIgniter\Session\Handlers\FileHandler' driver.
INFO - 2024-01-15 15:58:40 --> Session: Class initialized using 'CodeIgniter\Session\Handlers\FileHandler' driver.
INFO - 2024-01-15 15:59:06 --> Session: Class initialized using 'CodeIgniter\Session\Handlers\FileHandler' driver.
INFO - 2024-01-15 15:59:16 --> Session: Class initialized using 'CodeIgniter\Session\Handlers\FileHandler' driver.
INFO - 2024-01-15 15:59:17 --> Session: Class initialized using 'CodeIgniter\Session\Handlers\FileHandler' driver.
INFO - 2024-01-15 15:59:20 --> Session: Class initialized using 'CodeIgniter\Session\Handlers\FileHandler' driver.
INFO - 2024-01-15 16:01:33 --> Session: Class initialized using 'CodeIgniter\Session\Handlers\FileHandler' driver.
INFO - 2024-01-15 16:01:45 --> Session: Class initialized using 'CodeIgniter\Session\Handlers\FileHandler' driver.
INFO - 2024-01-15 16:02:50 --> Session: Class initialized using 'CodeIgniter\Session\Handlers\FileHandler' driver.
INFO - 2024-01-15 16:03:24 --> Session: Class initialized using 'CodeIgniter\Session\Handlers\FileHandler' driver.
INFO - 2024-01-15 16:04:19 --> Session: Class initialized using 'CodeIgniter\Session\Handlers\FileHandler' driver.
INFO - 2024-01-15 16:04:50 --> Session: Class initialized using 'CodeIgniter\Session\Handlers\FileHandler' driver.
INFO - 2024-01-15 16:05:54 --> Session: Class initialized using 'CodeIgniter\Session\Handlers\FileHandler' driver.
INFO - 2024-01-15 16:06:08 --> Session: Class initialized using 'CodeIgniter\Session\Handlers\FileHandler' driver.
INFO - 2024-01-15 16:07:40 --> Session: Class initialized using 'CodeIgniter\Session\Handlers\FileHandler' driver.
INFO - 2024-01-15 16:08:20 --> Session: Class initialized using 'CodeIgniter\Session\Handlers\FileHandler' driver.
