CRITICAL - 2023-12-10 05:25:04 --> You must set the database table to be used with your query.
in SYSTEMPATH\Database\BaseConnection.php on line 884.
 1 SYSTEMPATH\Model.php(635): CodeIgniter\Database\BaseConnection->table(null)
 2 SYSTEMPATH\Model.php(863): CodeIgniter\Model->builder()
 3 APPPATH\Controllers\Jurusan.php(23): CodeIgniter\Model->__call('AllData', [])
 4 SYSTEMPATH\CodeIgniter.php(942): App\Controllers\Jurusan->index()
 5 SYSTEMPATH\CodeIgniter.php(502): CodeIgniter\CodeIgniter->runController(Object(App\Controllers\Jurusan))
 6 SYSTEMPATH\CodeIgniter.php(361): CodeIgniter\CodeIgniter->handleRequest(null, Object(Config\Cache), false)
 7 FCPATH\index.php(79): CodeIgniter\CodeIgniter->run()
INFO - 2023-12-10 05:27:14 --> Session: Class initialized using 'CodeIgniter\Session\Handlers\FileHandler' driver.
CRITICAL - 2023-12-10 05:27:14 --> Use of undefined constant wa - assumed 'wa' (this will throw an Error in a future version of PHP)
in APPPATH\Views\jurusan\v_index.php on line 42.
 1 APPPATH\Views\jurusan\v_index.php(42): CodeIgniter\Debug\Exceptions->errorHandler(2, 'Use of undefined constant wa - assumed \'wa\' (this will throw an Error in a future version of PHP)', 'C:\\xampp\\htdocs\\akademik_gatra\\app\\Views\\jurusan\\v_index.php', 42, [...])
 2 SYSTEMPATH\View\View.php(228): include('C:\\xampp\\htdocs\\akademik_gatra\\app\\Views\\jurusan\\v_index.php')
 3 SYSTEMPATH\View\View.php(231): CodeIgniter\View\View->CodeIgniter\View\{closure}()
 4 SYSTEMPATH\Common.php(1190): CodeIgniter\View\View->render('jurusan/v_index', [], true)
 5 APPPATH\Views\v_template_admin.php(198): view('jurusan/v_index')
 6 SYSTEMPATH\View\View.php(228): include('C:\\xampp\\htdocs\\akademik_gatra\\app\\Views\\v_template_admin.php')
 7 SYSTEMPATH\View\View.php(231): CodeIgniter\View\View->CodeIgniter\View\{closure}()
 8 SYSTEMPATH\Common.php(1190): CodeIgniter\View\View->render('v_template_admin', [], true)
 9 APPPATH\Controllers\Jurusan.php(25): view('v_template_admin', [...])
10 SYSTEMPATH\CodeIgniter.php(942): App\Controllers\Jurusan->index()
11 SYSTEMPATH\CodeIgniter.php(502): CodeIgniter\CodeIgniter->runController(Object(App\Controllers\Jurusan))
12 SYSTEMPATH\CodeIgniter.php(361): CodeIgniter\CodeIgniter->handleRequest(null, Object(Config\Cache), false)
13 FCPATH\index.php(79): CodeIgniter\CodeIgniter->run()
INFO - 2023-12-10 05:33:23 --> Session: Class initialized using 'CodeIgniter\Session\Handlers\FileHandler' driver.
CRITICAL - 2023-12-10 05:33:23 --> Use of undefined constant wa - assumed 'wa' (this will throw an Error in a future version of PHP)
in APPPATH\Views\jurusan\v_index.php on line 42.
 1 APPPATH\Views\jurusan\v_index.php(42): CodeIgniter\Debug\Exceptions->errorHandler(2, 'Use of undefined constant wa - assumed \'wa\' (this will throw an Error in a future version of PHP)', 'C:\\xampp\\htdocs\\akademik_gatra\\app\\Views\\jurusan\\v_index.php', 42, [...])
 2 SYSTEMPATH\View\View.php(228): include('C:\\xampp\\htdocs\\akademik_gatra\\app\\Views\\jurusan\\v_index.php')
 3 SYSTEMPATH\View\View.php(231): CodeIgniter\View\View->CodeIgniter\View\{closure}()
 4 SYSTEMPATH\Common.php(1190): CodeIgniter\View\View->render('jurusan/v_index', [], true)
 5 APPPATH\Views\v_template_admin.php(198): view('jurusan/v_index')
 6 SYSTEMPATH\View\View.php(228): include('C:\\xampp\\htdocs\\akademik_gatra\\app\\Views\\v_template_admin.php')
 7 SYSTEMPATH\View\View.php(231): CodeIgniter\View\View->CodeIgniter\View\{closure}()
 8 SYSTEMPATH\Common.php(1190): CodeIgniter\View\View->render('v_template_admin', [], true)
 9 APPPATH\Controllers\Jurusan.php(25): view('v_template_admin', [...])
10 SYSTEMPATH\CodeIgniter.php(942): App\Controllers\Jurusan->index()
11 SYSTEMPATH\CodeIgniter.php(502): CodeIgniter\CodeIgniter->runController(Object(App\Controllers\Jurusan))
12 SYSTEMPATH\CodeIgniter.php(361): CodeIgniter\CodeIgniter->handleRequest(null, Object(Config\Cache), false)
13 FCPATH\index.php(79): CodeIgniter\CodeIgniter->run()
INFO - 2023-12-10 05:34:18 --> Session: Class initialized using 'CodeIgniter\Session\Handlers\FileHandler' driver.
CRITICAL - 2023-12-10 05:34:18 --> Use of undefined constant wa - assumed 'wa' (this will throw an Error in a future version of PHP)
in APPPATH\Views\jurusan\v_index.php on line 42.
 1 APPPATH\Views\jurusan\v_index.php(42): CodeIgniter\Debug\Exceptions->errorHandler(2, 'Use of undefined constant wa - assumed \'wa\' (this will throw an Error in a future version of PHP)', 'C:\\xampp\\htdocs\\akademik_gatra\\app\\Views\\jurusan\\v_index.php', 42, [...])
 2 SYSTEMPATH\View\View.php(228): include('C:\\xampp\\htdocs\\akademik_gatra\\app\\Views\\jurusan\\v_index.php')
 3 SYSTEMPATH\View\View.php(231): CodeIgniter\View\View->CodeIgniter\View\{closure}()
 4 SYSTEMPATH\Common.php(1190): CodeIgniter\View\View->render('jurusan/v_index', [], true)
 5 APPPATH\Views\v_template_admin.php(198): view('jurusan/v_index')
 6 SYSTEMPATH\View\View.php(228): include('C:\\xampp\\htdocs\\akademik_gatra\\app\\Views\\v_template_admin.php')
 7 SYSTEMPATH\View\View.php(231): CodeIgniter\View\View->CodeIgniter\View\{closure}()
 8 SYSTEMPATH\Common.php(1190): CodeIgniter\View\View->render('v_template_admin', [], true)
 9 APPPATH\Controllers\Jurusan.php(25): view('v_template_admin', [...])
10 SYSTEMPATH\CodeIgniter.php(942): App\Controllers\Jurusan->index()
11 SYSTEMPATH\CodeIgniter.php(502): CodeIgniter\CodeIgniter->runController(Object(App\Controllers\Jurusan))
12 SYSTEMPATH\CodeIgniter.php(361): CodeIgniter\CodeIgniter->handleRequest(null, Object(Config\Cache), false)
13 FCPATH\index.php(79): CodeIgniter\CodeIgniter->run()
INFO - 2023-12-10 05:35:49 --> Session: Class initialized using 'CodeIgniter\Session\Handlers\FileHandler' driver.
CRITICAL - 2023-12-10 05:35:49 --> Undefined variable: d
in APPPATH\Views\jurusan\v_index.php on line 43.
 1 APPPATH\Views\jurusan\v_index.php(43): CodeIgniter\Debug\Exceptions->errorHandler(8, 'Undefined variable: d', 'C:\\xampp\\htdocs\\akademik_gatra\\app\\Views\\jurusan\\v_index.php', 43, [...])
 2 SYSTEMPATH\View\View.php(228): include('C:\\xampp\\htdocs\\akademik_gatra\\app\\Views\\jurusan\\v_index.php')
 3 SYSTEMPATH\View\View.php(231): CodeIgniter\View\View->CodeIgniter\View\{closure}()
 4 SYSTEMPATH\Common.php(1190): CodeIgniter\View\View->render('jurusan/v_index', [], true)
 5 APPPATH\Views\v_template_admin.php(198): view('jurusan/v_index')
 6 SYSTEMPATH\View\View.php(228): include('C:\\xampp\\htdocs\\akademik_gatra\\app\\Views\\v_template_admin.php')
 7 SYSTEMPATH\View\View.php(231): CodeIgniter\View\View->CodeIgniter\View\{closure}()
 8 SYSTEMPATH\Common.php(1190): CodeIgniter\View\View->render('v_template_admin', [], true)
 9 APPPATH\Controllers\Jurusan.php(25): view('v_template_admin', [...])
10 SYSTEMPATH\CodeIgniter.php(942): App\Controllers\Jurusan->index()
11 SYSTEMPATH\CodeIgniter.php(502): CodeIgniter\CodeIgniter->runController(Object(App\Controllers\Jurusan))
12 SYSTEMPATH\CodeIgniter.php(361): CodeIgniter\CodeIgniter->handleRequest(null, Object(Config\Cache), false)
13 FCPATH\index.php(79): CodeIgniter\CodeIgniter->run()
INFO - 2023-12-10 05:36:07 --> Session: Class initialized using 'CodeIgniter\Session\Handlers\FileHandler' driver.
CRITICAL - 2023-12-10 05:36:07 --> Undefined index: nama_jurusan
in APPPATH\Views\jurusan\v_index.php on line 44.
 1 APPPATH\Views\jurusan\v_index.php(44): CodeIgniter\Debug\Exceptions->errorHandler(8, 'Undefined index: nama_jurusan', 'C:\\xampp\\htdocs\\akademik_gatra\\app\\Views\\jurusan\\v_index.php', 44, [...])
 2 SYSTEMPATH\View\View.php(228): include('C:\\xampp\\htdocs\\akademik_gatra\\app\\Views\\jurusan\\v_index.php')
 3 SYSTEMPATH\View\View.php(231): CodeIgniter\View\View->CodeIgniter\View\{closure}()
 4 SYSTEMPATH\Common.php(1190): CodeIgniter\View\View->render('jurusan/v_index', [], true)
 5 APPPATH\Views\v_template_admin.php(198): view('jurusan/v_index')
 6 SYSTEMPATH\View\View.php(228): include('C:\\xampp\\htdocs\\akademik_gatra\\app\\Views\\v_template_admin.php')
 7 SYSTEMPATH\View\View.php(231): CodeIgniter\View\View->CodeIgniter\View\{closure}()
 8 SYSTEMPATH\Common.php(1190): CodeIgniter\View\View->render('v_template_admin', [], true)
 9 APPPATH\Controllers\Jurusan.php(25): view('v_template_admin', [...])
10 SYSTEMPATH\CodeIgniter.php(942): App\Controllers\Jurusan->index()
11 SYSTEMPATH\CodeIgniter.php(502): CodeIgniter\CodeIgniter->runController(Object(App\Controllers\Jurusan))
12 SYSTEMPATH\CodeIgniter.php(361): CodeIgniter\CodeIgniter->handleRequest(null, Object(Config\Cache), false)
13 FCPATH\index.php(79): CodeIgniter\CodeIgniter->run()
INFO - 2023-12-10 05:36:29 --> Session: Class initialized using 'CodeIgniter\Session\Handlers\FileHandler' driver.
INFO - 2023-12-10 05:36:49 --> Session: Class initialized using 'CodeIgniter\Session\Handlers\FileHandler' driver.
INFO - 2023-12-10 05:36:57 --> Session: Class initialized using 'CodeIgniter\Session\Handlers\FileHandler' driver.
INFO - 2023-12-10 05:37:34 --> Session: Class initialized using 'CodeIgniter\Session\Handlers\FileHandler' driver.
INFO - 2023-12-10 05:37:40 --> Session: Class initialized using 'CodeIgniter\Session\Handlers\FileHandler' driver.
INFO - 2023-12-10 05:38:30 --> Session: Class initialized using 'CodeIgniter\Session\Handlers\FileHandler' driver.
INFO - 2023-12-10 05:38:46 --> Session: Class initialized using 'CodeIgniter\Session\Handlers\FileHandler' driver.
INFO - 2023-12-10 05:41:23 --> Session: Class initialized using 'CodeIgniter\Session\Handlers\FileHandler' driver.
INFO - 2023-12-10 05:41:29 --> Session: Class initialized using 'CodeIgniter\Session\Handlers\FileHandler' driver.
INFO - 2023-12-10 05:41:43 --> Session: Class initialized using 'CodeIgniter\Session\Handlers\FileHandler' driver.
INFO - 2023-12-10 05:42:58 --> Session: Class initialized using 'CodeIgniter\Session\Handlers\FileHandler' driver.
INFO - 2023-12-10 05:43:03 --> Session: Class initialized using 'CodeIgniter\Session\Handlers\FileHandler' driver.
INFO - 2023-12-10 05:43:16 --> Session: Class initialized using 'CodeIgniter\Session\Handlers\FileHandler' driver.
INFO - 2023-12-10 05:43:27 --> Session: Class initialized using 'CodeIgniter\Session\Handlers\FileHandler' driver.
INFO - 2023-12-10 05:45:41 --> Session: Class initialized using 'CodeIgniter\Session\Handlers\FileHandler' driver.
INFO - 2023-12-10 05:47:54 --> Session: Class initialized using 'CodeIgniter\Session\Handlers\FileHandler' driver.
INFO - 2023-12-10 05:47:56 --> Session: Class initialized using 'CodeIgniter\Session\Handlers\FileHandler' driver.
INFO - 2023-12-10 05:47:59 --> Session: Class initialized using 'CodeIgniter\Session\Handlers\FileHandler' driver.
INFO - 2023-12-10 05:48:06 --> Session: Class initialized using 'CodeIgniter\Session\Handlers\FileHandler' driver.
INFO - 2023-12-10 05:48:06 --> Session: Class initialized using 'CodeIgniter\Session\Handlers\FileHandler' driver.
INFO - 2023-12-10 05:50:15 --> Session: Class initialized using 'CodeIgniter\Session\Handlers\FileHandler' driver.
INFO - 2023-12-10 05:51:05 --> Session: Class initialized using 'CodeIgniter\Session\Handlers\FileHandler' driver.
INFO - 2023-12-10 05:51:15 --> Session: Class initialized using 'CodeIgniter\Session\Handlers\FileHandler' driver.
INFO - 2023-12-10 05:51:50 --> Session: Class initialized using 'CodeIgniter\Session\Handlers\FileHandler' driver.
INFO - 2023-12-10 05:52:01 --> Session: Class initialized using 'CodeIgniter\Session\Handlers\FileHandler' driver.
INFO - 2023-12-10 05:55:09 --> Session: Class initialized using 'CodeIgniter\Session\Handlers\FileHandler' driver.
INFO - 2023-12-10 05:55:09 --> Session: Class initialized using 'CodeIgniter\Session\Handlers\FileHandler' driver.
INFO - 2023-12-10 06:00:13 --> Session: Class initialized using 'CodeIgniter\Session\Handlers\FileHandler' driver.
INFO - 2023-12-10 06:00:38 --> Session: Class initialized using 'CodeIgniter\Session\Handlers\FileHandler' driver.
INFO - 2023-12-10 06:00:47 --> Session: Class initialized using 'CodeIgniter\Session\Handlers\FileHandler' driver.
INFO - 2023-12-10 06:00:49 --> Session: Class initialized using 'CodeIgniter\Session\Handlers\FileHandler' driver.
INFO - 2023-12-10 06:00:49 --> Session: Class initialized using 'CodeIgniter\Session\Handlers\FileHandler' driver.
INFO - 2023-12-10 06:06:15 --> Session: Class initialized using 'CodeIgniter\Session\Handlers\FileHandler' driver.
INFO - 2023-12-10 06:06:15 --> Session: Class initialized using 'CodeIgniter\Session\Handlers\FileHandler' driver.
INFO - 2023-12-10 06:14:29 --> Session: Class initialized using 'CodeIgniter\Session\Handlers\FileHandler' driver.
INFO - 2023-12-10 06:15:08 --> Session: Class initialized using 'CodeIgniter\Session\Handlers\FileHandler' driver.
INFO - 2023-12-10 06:15:14 --> Session: Class initialized using 'CodeIgniter\Session\Handlers\FileHandler' driver.
INFO - 2023-12-10 06:17:19 --> Session: Class initialized using 'CodeIgniter\Session\Handlers\FileHandler' driver.
INFO - 2023-12-10 06:17:22 --> Session: Class initialized using 'CodeIgniter\Session\Handlers\FileHandler' driver.
INFO - 2023-12-10 06:19:40 --> Session: Class initialized using 'CodeIgniter\Session\Handlers\FileHandler' driver.
INFO - 2023-12-10 06:20:20 --> Session: Class initialized using 'CodeIgniter\Session\Handlers\FileHandler' driver.
INFO - 2023-12-10 06:20:49 --> Session: Class initialized using 'CodeIgniter\Session\Handlers\FileHandler' driver.
INFO - 2023-12-10 06:21:34 --> Session: Class initialized using 'CodeIgniter\Session\Handlers\FileHandler' driver.
INFO - 2023-12-10 06:22:29 --> Session: Class initialized using 'CodeIgniter\Session\Handlers\FileHandler' driver.
CRITICAL - 2023-12-10 06:22:29 --> Trying to access array offset on value of type null
in APPPATH\Views\jurusan\v_edit.php on line 11.
 1 APPPATH\Views\jurusan\v_edit.php(11): CodeIgniter\Debug\Exceptions->errorHandler(8, 'Trying to access array offset on value of type null', 'C:\\xampp\\htdocs\\akademik_gatra\\app\\Views\\jurusan\\v_edit.php', 11, [...])
 2 SYSTEMPATH\View\View.php(228): include('C:\\xampp\\htdocs\\akademik_gatra\\app\\Views\\jurusan\\v_edit.php')
 3 SYSTEMPATH\View\View.php(231): CodeIgniter\View\View->CodeIgniter\View\{closure}()
 4 SYSTEMPATH\Common.php(1190): CodeIgniter\View\View->render('jurusan/v_edit', [], true)
 5 APPPATH\Views\v_template_admin.php(198): view('jurusan/v_edit')
 6 SYSTEMPATH\View\View.php(228): include('C:\\xampp\\htdocs\\akademik_gatra\\app\\Views\\v_template_admin.php')
 7 SYSTEMPATH\View\View.php(231): CodeIgniter\View\View->CodeIgniter\View\{closure}()
 8 SYSTEMPATH\Common.php(1190): CodeIgniter\View\View->render('v_template_admin', [], true)
 9 APPPATH\Controllers\Jurusan.php(83): view('v_template_admin', [...])
10 SYSTEMPATH\CodeIgniter.php(942): App\Controllers\Jurusan->Edit('1')
11 SYSTEMPATH\CodeIgniter.php(502): CodeIgniter\CodeIgniter->runController(Object(App\Controllers\Jurusan))
12 SYSTEMPATH\CodeIgniter.php(361): CodeIgniter\CodeIgniter->handleRequest(null, Object(Config\Cache), false)
13 FCPATH\index.php(79): CodeIgniter\CodeIgniter->run()
INFO - 2023-12-10 06:23:54 --> Session: Class initialized using 'CodeIgniter\Session\Handlers\FileHandler' driver.
CRITICAL - 2023-12-10 06:23:54 --> Trying to access array offset on value of type null
in APPPATH\Views\jurusan\v_edit.php on line 11.
 1 APPPATH\Views\jurusan\v_edit.php(11): CodeIgniter\Debug\Exceptions->errorHandler(8, 'Trying to access array offset on value of type null', 'C:\\xampp\\htdocs\\akademik_gatra\\app\\Views\\jurusan\\v_edit.php', 11, [...])
 2 SYSTEMPATH\View\View.php(228): include('C:\\xampp\\htdocs\\akademik_gatra\\app\\Views\\jurusan\\v_edit.php')
 3 SYSTEMPATH\View\View.php(231): CodeIgniter\View\View->CodeIgniter\View\{closure}()
 4 SYSTEMPATH\Common.php(1190): CodeIgniter\View\View->render('jurusan/v_edit', [], true)
 5 APPPATH\Views\v_template_admin.php(198): view('jurusan/v_edit')
 6 SYSTEMPATH\View\View.php(228): include('C:\\xampp\\htdocs\\akademik_gatra\\app\\Views\\v_template_admin.php')
 7 SYSTEMPATH\View\View.php(231): CodeIgniter\View\View->CodeIgniter\View\{closure}()
 8 SYSTEMPATH\Common.php(1190): CodeIgniter\View\View->render('v_template_admin', [], true)
 9 APPPATH\Controllers\Jurusan.php(83): view('v_template_admin', [...])
10 SYSTEMPATH\CodeIgniter.php(942): App\Controllers\Jurusan->Edit('1')
11 SYSTEMPATH\CodeIgniter.php(502): CodeIgniter\CodeIgniter->runController(Object(App\Controllers\Jurusan))
12 SYSTEMPATH\CodeIgniter.php(361): CodeIgniter\CodeIgniter->handleRequest(null, Object(Config\Cache), false)
13 FCPATH\index.php(79): CodeIgniter\CodeIgniter->run()
INFO - 2023-12-10 06:24:34 --> Session: Class initialized using 'CodeIgniter\Session\Handlers\FileHandler' driver.
CRITICAL - 2023-12-10 06:24:34 --> Trying to access array offset on value of type null
in APPPATH\Views\jurusan\v_edit.php on line 11.
 1 APPPATH\Views\jurusan\v_edit.php(11): CodeIgniter\Debug\Exceptions->errorHandler(8, 'Trying to access array offset on value of type null', 'C:\\xampp\\htdocs\\akademik_gatra\\app\\Views\\jurusan\\v_edit.php', 11, [...])
 2 SYSTEMPATH\View\View.php(228): include('C:\\xampp\\htdocs\\akademik_gatra\\app\\Views\\jurusan\\v_edit.php')
 3 SYSTEMPATH\View\View.php(231): CodeIgniter\View\View->CodeIgniter\View\{closure}()
 4 SYSTEMPATH\Common.php(1190): CodeIgniter\View\View->render('jurusan/v_edit', [], true)
 5 APPPATH\Views\v_template_admin.php(198): view('jurusan/v_edit')
 6 SYSTEMPATH\View\View.php(228): include('C:\\xampp\\htdocs\\akademik_gatra\\app\\Views\\v_template_admin.php')
 7 SYSTEMPATH\View\View.php(231): CodeIgniter\View\View->CodeIgniter\View\{closure}()
 8 SYSTEMPATH\Common.php(1190): CodeIgniter\View\View->render('v_template_admin', [], true)
 9 APPPATH\Controllers\Jurusan.php(83): view('v_template_admin', [...])
10 SYSTEMPATH\CodeIgniter.php(942): App\Controllers\Jurusan->Edit('1')
11 SYSTEMPATH\CodeIgniter.php(502): CodeIgniter\CodeIgniter->runController(Object(App\Controllers\Jurusan))
12 SYSTEMPATH\CodeIgniter.php(361): CodeIgniter\CodeIgniter->handleRequest(null, Object(Config\Cache), false)
13 FCPATH\index.php(79): CodeIgniter\CodeIgniter->run()
INFO - 2023-12-10 06:46:43 --> Session: Class initialized using 'CodeIgniter\Session\Handlers\FileHandler' driver.
CRITICAL - 2023-12-10 06:46:43 --> Trying to access array offset on value of type null
in APPPATH\Views\jurusan\v_edit.php on line 11.
 1 APPPATH\Views\jurusan\v_edit.php(11): CodeIgniter\Debug\Exceptions->errorHandler(8, 'Trying to access array offset on value of type null', 'C:\\xampp\\htdocs\\akademik_gatra\\app\\Views\\jurusan\\v_edit.php', 11, [...])
 2 SYSTEMPATH\View\View.php(228): include('C:\\xampp\\htdocs\\akademik_gatra\\app\\Views\\jurusan\\v_edit.php')
 3 SYSTEMPATH\View\View.php(231): CodeIgniter\View\View->CodeIgniter\View\{closure}()
 4 SYSTEMPATH\Common.php(1190): CodeIgniter\View\View->render('jurusan/v_edit', [], true)
 5 APPPATH\Views\v_template_admin.php(198): view('jurusan/v_edit')
 6 SYSTEMPATH\View\View.php(228): include('C:\\xampp\\htdocs\\akademik_gatra\\app\\Views\\v_template_admin.php')
 7 SYSTEMPATH\View\View.php(231): CodeIgniter\View\View->CodeIgniter\View\{closure}()
 8 SYSTEMPATH\Common.php(1190): CodeIgniter\View\View->render('v_template_admin', [], true)
 9 APPPATH\Controllers\Jurusan.php(83): view('v_template_admin', [...])
10 SYSTEMPATH\CodeIgniter.php(942): App\Controllers\Jurusan->Edit('1')
11 SYSTEMPATH\CodeIgniter.php(502): CodeIgniter\CodeIgniter->runController(Object(App\Controllers\Jurusan))
12 SYSTEMPATH\CodeIgniter.php(361): CodeIgniter\CodeIgniter->handleRequest(null, Object(Config\Cache), false)
13 FCPATH\index.php(79): CodeIgniter\CodeIgniter->run()
INFO - 2023-12-10 06:47:13 --> Session: Class initialized using 'CodeIgniter\Session\Handlers\FileHandler' driver.
CRITICAL - 2023-12-10 06:47:13 --> Trying to access array offset on value of type null
in APPPATH\Views\jurusan\v_edit.php on line 11.
 1 APPPATH\Views\jurusan\v_edit.php(11): CodeIgniter\Debug\Exceptions->errorHandler(8, 'Trying to access array offset on value of type null', 'C:\\xampp\\htdocs\\akademik_gatra\\app\\Views\\jurusan\\v_edit.php', 11, [...])
 2 SYSTEMPATH\View\View.php(228): include('C:\\xampp\\htdocs\\akademik_gatra\\app\\Views\\jurusan\\v_edit.php')
 3 SYSTEMPATH\View\View.php(231): CodeIgniter\View\View->CodeIgniter\View\{closure}()
 4 SYSTEMPATH\Common.php(1190): CodeIgniter\View\View->render('jurusan/v_edit', [], true)
 5 APPPATH\Views\v_template_admin.php(198): view('jurusan/v_edit')
 6 SYSTEMPATH\View\View.php(228): include('C:\\xampp\\htdocs\\akademik_gatra\\app\\Views\\v_template_admin.php')
 7 SYSTEMPATH\View\View.php(231): CodeIgniter\View\View->CodeIgniter\View\{closure}()
 8 SYSTEMPATH\Common.php(1190): CodeIgniter\View\View->render('v_template_admin', [], true)
 9 APPPATH\Controllers\Jurusan.php(83): view('v_template_admin', [...])
10 SYSTEMPATH\CodeIgniter.php(942): App\Controllers\Jurusan->Edit('1')
11 SYSTEMPATH\CodeIgniter.php(502): CodeIgniter\CodeIgniter->runController(Object(App\Controllers\Jurusan))
12 SYSTEMPATH\CodeIgniter.php(361): CodeIgniter\CodeIgniter->handleRequest(null, Object(Config\Cache), false)
13 FCPATH\index.php(79): CodeIgniter\CodeIgniter->run()
INFO - 2023-12-10 06:47:25 --> Session: Class initialized using 'CodeIgniter\Session\Handlers\FileHandler' driver.
CRITICAL - 2023-12-10 06:47:25 --> Trying to access array offset on value of type null
in APPPATH\Views\jurusan\v_edit.php on line 11.
 1 APPPATH\Views\jurusan\v_edit.php(11): CodeIgniter\Debug\Exceptions->errorHandler(8, 'Trying to access array offset on value of type null', 'C:\\xampp\\htdocs\\akademik_gatra\\app\\Views\\jurusan\\v_edit.php', 11, [...])
 2 SYSTEMPATH\View\View.php(228): include('C:\\xampp\\htdocs\\akademik_gatra\\app\\Views\\jurusan\\v_edit.php')
 3 SYSTEMPATH\View\View.php(231): CodeIgniter\View\View->CodeIgniter\View\{closure}()
 4 SYSTEMPATH\Common.php(1190): CodeIgniter\View\View->render('jurusan/v_edit', [], true)
 5 APPPATH\Views\v_template_admin.php(198): view('jurusan/v_edit')
 6 SYSTEMPATH\View\View.php(228): include('C:\\xampp\\htdocs\\akademik_gatra\\app\\Views\\v_template_admin.php')
 7 SYSTEMPATH\View\View.php(231): CodeIgniter\View\View->CodeIgniter\View\{closure}()
 8 SYSTEMPATH\Common.php(1190): CodeIgniter\View\View->render('v_template_admin', [], true)
 9 APPPATH\Controllers\Jurusan.php(83): view('v_template_admin', [...])
10 SYSTEMPATH\CodeIgniter.php(942): App\Controllers\Jurusan->Edit('1')
11 SYSTEMPATH\CodeIgniter.php(502): CodeIgniter\CodeIgniter->runController(Object(App\Controllers\Jurusan))
12 SYSTEMPATH\CodeIgniter.php(361): CodeIgniter\CodeIgniter->handleRequest(null, Object(Config\Cache), false)
13 FCPATH\index.php(79): CodeIgniter\CodeIgniter->run()
INFO - 2023-12-10 07:00:21 --> Session: Class initialized using 'CodeIgniter\Session\Handlers\FileHandler' driver.
CRITICAL - 2023-12-10 07:00:21 --> Trying to access array offset on value of type null
in APPPATH\Views\jurusan\v_edit.php on line 11.
 1 APPPATH\Views\jurusan\v_edit.php(11): CodeIgniter\Debug\Exceptions->errorHandler(8, 'Trying to access array offset on value of type null', 'C:\\xampp\\htdocs\\akademik_gatra\\app\\Views\\jurusan\\v_edit.php', 11, [...])
 2 SYSTEMPATH\View\View.php(228): include('C:\\xampp\\htdocs\\akademik_gatra\\app\\Views\\jurusan\\v_edit.php')
 3 SYSTEMPATH\View\View.php(231): CodeIgniter\View\View->CodeIgniter\View\{closure}()
 4 SYSTEMPATH\Common.php(1190): CodeIgniter\View\View->render('jurusan/v_edit', [], true)
 5 APPPATH\Views\v_template_admin.php(198): view('jurusan/v_edit')
 6 SYSTEMPATH\View\View.php(228): include('C:\\xampp\\htdocs\\akademik_gatra\\app\\Views\\v_template_admin.php')
 7 SYSTEMPATH\View\View.php(231): CodeIgniter\View\View->CodeIgniter\View\{closure}()
 8 SYSTEMPATH\Common.php(1190): CodeIgniter\View\View->render('v_template_admin', [], true)
 9 APPPATH\Controllers\Jurusan.php(83): view('v_template_admin', [...])
10 SYSTEMPATH\CodeIgniter.php(942): App\Controllers\Jurusan->Edit('1')
11 SYSTEMPATH\CodeIgniter.php(502): CodeIgniter\CodeIgniter->runController(Object(App\Controllers\Jurusan))
12 SYSTEMPATH\CodeIgniter.php(361): CodeIgniter\CodeIgniter->handleRequest(null, Object(Config\Cache), false)
13 FCPATH\index.php(79): CodeIgniter\CodeIgniter->run()
INFO - 2023-12-10 07:00:45 --> Session: Class initialized using 'CodeIgniter\Session\Handlers\FileHandler' driver.
CRITICAL - 2023-12-10 07:00:45 --> Trying to access array offset on value of type null
in APPPATH\Views\jurusan\v_edit.php on line 11.
 1 APPPATH\Views\jurusan\v_edit.php(11): CodeIgniter\Debug\Exceptions->errorHandler(8, 'Trying to access array offset on value of type null', 'C:\\xampp\\htdocs\\akademik_gatra\\app\\Views\\jurusan\\v_edit.php', 11, [...])
 2 SYSTEMPATH\View\View.php(228): include('C:\\xampp\\htdocs\\akademik_gatra\\app\\Views\\jurusan\\v_edit.php')
 3 SYSTEMPATH\View\View.php(231): CodeIgniter\View\View->CodeIgniter\View\{closure}()
 4 SYSTEMPATH\Common.php(1190): CodeIgniter\View\View->render('jurusan/v_edit', [], true)
 5 APPPATH\Views\v_template_admin.php(198): view('jurusan/v_edit')
 6 SYSTEMPATH\View\View.php(228): include('C:\\xampp\\htdocs\\akademik_gatra\\app\\Views\\v_template_admin.php')
 7 SYSTEMPATH\View\View.php(231): CodeIgniter\View\View->CodeIgniter\View\{closure}()
 8 SYSTEMPATH\Common.php(1190): CodeIgniter\View\View->render('v_template_admin', [], true)
 9 APPPATH\Controllers\Jurusan.php(83): view('v_template_admin', [...])
10 SYSTEMPATH\CodeIgniter.php(942): App\Controllers\Jurusan->Edit('1')
11 SYSTEMPATH\CodeIgniter.php(502): CodeIgniter\CodeIgniter->runController(Object(App\Controllers\Jurusan))
12 SYSTEMPATH\CodeIgniter.php(361): CodeIgniter\CodeIgniter->handleRequest(null, Object(Config\Cache), false)
13 FCPATH\index.php(79): CodeIgniter\CodeIgniter->run()
INFO - 2023-12-10 07:03:02 --> Session: Class initialized using 'CodeIgniter\Session\Handlers\FileHandler' driver.
CRITICAL - 2023-12-10 07:03:02 --> Trying to access array offset on value of type null
in APPPATH\Views\jurusan\v_edit.php on line 12.
 1 APPPATH\Views\jurusan\v_edit.php(12): CodeIgniter\Debug\Exceptions->errorHandler(8, 'Trying to access array offset on value of type null', 'C:\\xampp\\htdocs\\akademik_gatra\\app\\Views\\jurusan\\v_edit.php', 12, [...])
 2 SYSTEMPATH\View\View.php(228): include('C:\\xampp\\htdocs\\akademik_gatra\\app\\Views\\jurusan\\v_edit.php')
 3 SYSTEMPATH\View\View.php(231): CodeIgniter\View\View->CodeIgniter\View\{closure}()
 4 SYSTEMPATH\Common.php(1190): CodeIgniter\View\View->render('jurusan/v_edit', [], true)
 5 APPPATH\Views\v_template_admin.php(198): view('jurusan/v_edit')
 6 SYSTEMPATH\View\View.php(228): include('C:\\xampp\\htdocs\\akademik_gatra\\app\\Views\\v_template_admin.php')
 7 SYSTEMPATH\View\View.php(231): CodeIgniter\View\View->CodeIgniter\View\{closure}()
 8 SYSTEMPATH\Common.php(1190): CodeIgniter\View\View->render('v_template_admin', [], true)
 9 APPPATH\Controllers\Jurusan.php(83): view('v_template_admin', [...])
10 SYSTEMPATH\CodeIgniter.php(942): App\Controllers\Jurusan->Edit('1')
11 SYSTEMPATH\CodeIgniter.php(502): CodeIgniter\CodeIgniter->runController(Object(App\Controllers\Jurusan))
12 SYSTEMPATH\CodeIgniter.php(361): CodeIgniter\CodeIgniter->handleRequest(null, Object(Config\Cache), false)
13 FCPATH\index.php(79): CodeIgniter\CodeIgniter->run()
INFO - 2023-12-10 07:05:38 --> Session: Class initialized using 'CodeIgniter\Session\Handlers\FileHandler' driver.
CRITICAL - 2023-12-10 07:05:38 --> Trying to access array offset on value of type null
in APPPATH\Views\jurusan\v_edit.php on line 12.
 1 APPPATH\Views\jurusan\v_edit.php(12): CodeIgniter\Debug\Exceptions->errorHandler(8, 'Trying to access array offset on value of type null', 'C:\\xampp\\htdocs\\akademik_gatra\\app\\Views\\jurusan\\v_edit.php', 12, [...])
 2 SYSTEMPATH\View\View.php(228): include('C:\\xampp\\htdocs\\akademik_gatra\\app\\Views\\jurusan\\v_edit.php')
 3 SYSTEMPATH\View\View.php(231): CodeIgniter\View\View->CodeIgniter\View\{closure}()
 4 SYSTEMPATH\Common.php(1190): CodeIgniter\View\View->render('jurusan/v_edit', [], true)
 5 APPPATH\Views\v_template_admin.php(198): view('jurusan/v_edit')
 6 SYSTEMPATH\View\View.php(228): include('C:\\xampp\\htdocs\\akademik_gatra\\app\\Views\\v_template_admin.php')
 7 SYSTEMPATH\View\View.php(231): CodeIgniter\View\View->CodeIgniter\View\{closure}()
 8 SYSTEMPATH\Common.php(1190): CodeIgniter\View\View->render('v_template_admin', [], true)
 9 APPPATH\Controllers\Jurusan.php(83): view('v_template_admin', [...])
10 SYSTEMPATH\CodeIgniter.php(942): App\Controllers\Jurusan->Edit('1')
11 SYSTEMPATH\CodeIgniter.php(502): CodeIgniter\CodeIgniter->runController(Object(App\Controllers\Jurusan))
12 SYSTEMPATH\CodeIgniter.php(361): CodeIgniter\CodeIgniter->handleRequest(null, Object(Config\Cache), false)
13 FCPATH\index.php(79): CodeIgniter\CodeIgniter->run()
INFO - 2023-12-10 07:05:40 --> Session: Class initialized using 'CodeIgniter\Session\Handlers\FileHandler' driver.
CRITICAL - 2023-12-10 07:05:40 --> Trying to access array offset on value of type null
in APPPATH\Views\jurusan\v_edit.php on line 12.
 1 APPPATH\Views\jurusan\v_edit.php(12): CodeIgniter\Debug\Exceptions->errorHandler(8, 'Trying to access array offset on value of type null', 'C:\\xampp\\htdocs\\akademik_gatra\\app\\Views\\jurusan\\v_edit.php', 12, [...])
 2 SYSTEMPATH\View\View.php(228): include('C:\\xampp\\htdocs\\akademik_gatra\\app\\Views\\jurusan\\v_edit.php')
 3 SYSTEMPATH\View\View.php(231): CodeIgniter\View\View->CodeIgniter\View\{closure}()
 4 SYSTEMPATH\Common.php(1190): CodeIgniter\View\View->render('jurusan/v_edit', [], true)
 5 APPPATH\Views\v_template_admin.php(198): view('jurusan/v_edit')
 6 SYSTEMPATH\View\View.php(228): include('C:\\xampp\\htdocs\\akademik_gatra\\app\\Views\\v_template_admin.php')
 7 SYSTEMPATH\View\View.php(231): CodeIgniter\View\View->CodeIgniter\View\{closure}()
 8 SYSTEMPATH\Common.php(1190): CodeIgniter\View\View->render('v_template_admin', [], true)
 9 APPPATH\Controllers\Jurusan.php(83): view('v_template_admin', [...])
10 SYSTEMPATH\CodeIgniter.php(942): App\Controllers\Jurusan->Edit('1')
11 SYSTEMPATH\CodeIgniter.php(502): CodeIgniter\CodeIgniter->runController(Object(App\Controllers\Jurusan))
12 SYSTEMPATH\CodeIgniter.php(361): CodeIgniter\CodeIgniter->handleRequest(null, Object(Config\Cache), false)
13 FCPATH\index.php(79): CodeIgniter\CodeIgniter->run()
INFO - 2023-12-10 07:08:01 --> Session: Class initialized using 'CodeIgniter\Session\Handlers\FileHandler' driver.
INFO - 2023-12-10 07:08:05 --> Session: Class initialized using 'CodeIgniter\Session\Handlers\FileHandler' driver.
INFO - 2023-12-10 07:08:07 --> Session: Class initialized using 'CodeIgniter\Session\Handlers\FileHandler' driver.
CRITICAL - 2023-12-10 07:08:07 --> Trying to access array offset on value of type null
in APPPATH\Views\jurusan\v_edit.php on line 12.
 1 APPPATH\Views\jurusan\v_edit.php(12): CodeIgniter\Debug\Exceptions->errorHandler(8, 'Trying to access array offset on value of type null', 'C:\\xampp\\htdocs\\akademik_gatra\\app\\Views\\jurusan\\v_edit.php', 12, [...])
 2 SYSTEMPATH\View\View.php(228): include('C:\\xampp\\htdocs\\akademik_gatra\\app\\Views\\jurusan\\v_edit.php')
 3 SYSTEMPATH\View\View.php(231): CodeIgniter\View\View->CodeIgniter\View\{closure}()
 4 SYSTEMPATH\Common.php(1190): CodeIgniter\View\View->render('jurusan/v_edit', [], true)
 5 APPPATH\Views\v_template_admin.php(198): view('jurusan/v_edit')
 6 SYSTEMPATH\View\View.php(228): include('C:\\xampp\\htdocs\\akademik_gatra\\app\\Views\\v_template_admin.php')
 7 SYSTEMPATH\View\View.php(231): CodeIgniter\View\View->CodeIgniter\View\{closure}()
 8 SYSTEMPATH\Common.php(1190): CodeIgniter\View\View->render('v_template_admin', [], true)
 9 APPPATH\Controllers\Jurusan.php(83): view('v_template_admin', [...])
10 SYSTEMPATH\CodeIgniter.php(942): App\Controllers\Jurusan->Edit('1')
11 SYSTEMPATH\CodeIgniter.php(502): CodeIgniter\CodeIgniter->runController(Object(App\Controllers\Jurusan))
12 SYSTEMPATH\CodeIgniter.php(361): CodeIgniter\CodeIgniter->handleRequest(null, Object(Config\Cache), false)
13 FCPATH\index.php(79): CodeIgniter\CodeIgniter->run()
INFO - 2023-12-10 07:08:10 --> Session: Class initialized using 'CodeIgniter\Session\Handlers\FileHandler' driver.
INFO - 2023-12-10 07:08:39 --> Session: Class initialized using 'CodeIgniter\Session\Handlers\FileHandler' driver.
INFO - 2023-12-10 07:08:42 --> Session: Class initialized using 'CodeIgniter\Session\Handlers\FileHandler' driver.
CRITICAL - 2023-12-10 07:08:42 --> Trying to access array offset on value of type null
in APPPATH\Views\jurusan\v_edit.php on line 18.
 1 APPPATH\Views\jurusan\v_edit.php(18): CodeIgniter\Debug\Exceptions->errorHandler(8, 'Trying to access array offset on value of type null', 'C:\\xampp\\htdocs\\akademik_gatra\\app\\Views\\jurusan\\v_edit.php', 18, [...])
 2 SYSTEMPATH\View\View.php(228): include('C:\\xampp\\htdocs\\akademik_gatra\\app\\Views\\jurusan\\v_edit.php')
 3 SYSTEMPATH\View\View.php(231): CodeIgniter\View\View->CodeIgniter\View\{closure}()
 4 SYSTEMPATH\Common.php(1190): CodeIgniter\View\View->render('jurusan/v_edit', [], true)
 5 APPPATH\Views\v_template_admin.php(198): view('jurusan/v_edit')
 6 SYSTEMPATH\View\View.php(228): include('C:\\xampp\\htdocs\\akademik_gatra\\app\\Views\\v_template_admin.php')
 7 SYSTEMPATH\View\View.php(231): CodeIgniter\View\View->CodeIgniter\View\{closure}()
 8 SYSTEMPATH\Common.php(1190): CodeIgniter\View\View->render('v_template_admin', [], true)
 9 APPPATH\Controllers\Jurusan.php(83): view('v_template_admin', [...])
10 SYSTEMPATH\CodeIgniter.php(942): App\Controllers\Jurusan->Edit('1')
11 SYSTEMPATH\CodeIgniter.php(502): CodeIgniter\CodeIgniter->runController(Object(App\Controllers\Jurusan))
12 SYSTEMPATH\CodeIgniter.php(361): CodeIgniter\CodeIgniter->handleRequest(null, Object(Config\Cache), false)
13 FCPATH\index.php(79): CodeIgniter\CodeIgniter->run()
INFO - 2023-12-10 07:10:56 --> Session: Class initialized using 'CodeIgniter\Session\Handlers\FileHandler' driver.
INFO - 2023-12-10 07:10:57 --> Session: Class initialized using 'CodeIgniter\Session\Handlers\FileHandler' driver.
INFO - 2023-12-10 07:11:00 --> Session: Class initialized using 'CodeIgniter\Session\Handlers\FileHandler' driver.
CRITICAL - 2023-12-10 07:11:00 --> Trying to access array offset on value of type null
in APPPATH\Views\jurusan\v_edit.php on line 12.
 1 APPPATH\Views\jurusan\v_edit.php(12): CodeIgniter\Debug\Exceptions->errorHandler(8, 'Trying to access array offset on value of type null', 'C:\\xampp\\htdocs\\akademik_gatra\\app\\Views\\jurusan\\v_edit.php', 12, [...])
 2 SYSTEMPATH\View\View.php(228): include('C:\\xampp\\htdocs\\akademik_gatra\\app\\Views\\jurusan\\v_edit.php')
 3 SYSTEMPATH\View\View.php(231): CodeIgniter\View\View->CodeIgniter\View\{closure}()
 4 SYSTEMPATH\Common.php(1190): CodeIgniter\View\View->render('jurusan/v_edit', [], true)
 5 APPPATH\Views\v_template_admin.php(198): view('jurusan/v_edit')
 6 SYSTEMPATH\View\View.php(228): include('C:\\xampp\\htdocs\\akademik_gatra\\app\\Views\\v_template_admin.php')
 7 SYSTEMPATH\View\View.php(231): CodeIgniter\View\View->CodeIgniter\View\{closure}()
 8 SYSTEMPATH\Common.php(1190): CodeIgniter\View\View->render('v_template_admin', [], true)
 9 APPPATH\Controllers\Jurusan.php(83): view('v_template_admin', [...])
10 SYSTEMPATH\CodeIgniter.php(942): App\Controllers\Jurusan->Edit('2')
11 SYSTEMPATH\CodeIgniter.php(502): CodeIgniter\CodeIgniter->runController(Object(App\Controllers\Jurusan))
12 SYSTEMPATH\CodeIgniter.php(361): CodeIgniter\CodeIgniter->handleRequest(null, Object(Config\Cache), false)
13 FCPATH\index.php(79): CodeIgniter\CodeIgniter->run()
INFO - 2023-12-10 07:11:54 --> Session: Class initialized using 'CodeIgniter\Session\Handlers\FileHandler' driver.
INFO - 2023-12-10 07:22:06 --> Session: Class initialized using 'CodeIgniter\Session\Handlers\FileHandler' driver.
INFO - 2023-12-10 07:23:20 --> Session: Class initialized using 'CodeIgniter\Session\Handlers\FileHandler' driver.
INFO - 2023-12-10 07:33:40 --> Session: Class initialized using 'CodeIgniter\Session\Handlers\FileHandler' driver.
INFO - 2023-12-10 07:34:14 --> Session: Class initialized using 'CodeIgniter\Session\Handlers\FileHandler' driver.
INFO - 2023-12-10 07:34:41 --> Session: Class initialized using 'CodeIgniter\Session\Handlers\FileHandler' driver.
INFO - 2023-12-10 07:35:08 --> Session: Class initialized using 'CodeIgniter\Session\Handlers\FileHandler' driver.
INFO - 2023-12-10 07:42:05 --> Session: Class initialized using 'CodeIgniter\Session\Handlers\FileHandler' driver.
INFO - 2023-12-10 07:42:10 --> Session: Class initialized using 'CodeIgniter\Session\Handlers\FileHandler' driver.
INFO - 2023-12-10 07:42:13 --> Session: Class initialized using 'CodeIgniter\Session\Handlers\FileHandler' driver.
INFO - 2023-12-10 07:42:14 --> Session: Class initialized using 'CodeIgniter\Session\Handlers\FileHandler' driver.
INFO - 2023-12-10 07:43:03 --> Session: Class initialized using 'CodeIgniter\Session\Handlers\FileHandler' driver.
INFO - 2023-12-10 07:43:05 --> Session: Class initialized using 'CodeIgniter\Session\Handlers\FileHandler' driver.
INFO - 2023-12-10 07:43:12 --> Session: Class initialized using 'CodeIgniter\Session\Handlers\FileHandler' driver.
INFO - 2023-12-10 07:43:14 --> Session: Class initialized using 'CodeIgniter\Session\Handlers\FileHandler' driver.
CRITICAL - 2023-12-10 07:43:14 --> Trying to access array offset on value of type null
in APPPATH\Views\jurusan\v_edit.php on line 12.
 1 APPPATH\Views\jurusan\v_edit.php(12): CodeIgniter\Debug\Exceptions->errorHandler(8, 'Trying to access array offset on value of type null', 'C:\\xampp\\htdocs\\akademik_gatra\\app\\Views\\jurusan\\v_edit.php', 12, [...])
 2 SYSTEMPATH\View\View.php(228): include('C:\\xampp\\htdocs\\akademik_gatra\\app\\Views\\jurusan\\v_edit.php')
 3 SYSTEMPATH\View\View.php(231): CodeIgniter\View\View->CodeIgniter\View\{closure}()
 4 SYSTEMPATH\Common.php(1190): CodeIgniter\View\View->render('jurusan/v_edit', [], true)
 5 APPPATH\Views\v_template_admin.php(198): view('jurusan/v_edit')
 6 SYSTEMPATH\View\View.php(228): include('C:\\xampp\\htdocs\\akademik_gatra\\app\\Views\\v_template_admin.php')
 7 SYSTEMPATH\View\View.php(231): CodeIgniter\View\View->CodeIgniter\View\{closure}()
 8 SYSTEMPATH\Common.php(1190): CodeIgniter\View\View->render('v_template_admin', [], true)
 9 APPPATH\Controllers\Jurusan.php(83): view('v_template_admin', [...])
10 SYSTEMPATH\CodeIgniter.php(942): App\Controllers\Jurusan->Edit('1')
11 SYSTEMPATH\CodeIgniter.php(502): CodeIgniter\CodeIgniter->runController(Object(App\Controllers\Jurusan))
12 SYSTEMPATH\CodeIgniter.php(361): CodeIgniter\CodeIgniter->handleRequest(null, Object(Config\Cache), false)
13 FCPATH\index.php(79): CodeIgniter\CodeIgniter->run()
INFO - 2023-12-10 07:43:16 --> Session: Class initialized using 'CodeIgniter\Session\Handlers\FileHandler' driver.
INFO - 2023-12-10 07:43:30 --> Session: Class initialized using 'CodeIgniter\Session\Handlers\FileHandler' driver.
INFO - 2023-12-10 07:45:55 --> Session: Class initialized using 'CodeIgniter\Session\Handlers\FileHandler' driver.
INFO - 2023-12-10 07:48:13 --> Session: Class initialized using 'CodeIgniter\Session\Handlers\FileHandler' driver.
INFO - 2023-12-10 07:48:39 --> Session: Class initialized using 'CodeIgniter\Session\Handlers\FileHandler' driver.
INFO - 2023-12-10 07:52:07 --> Session: Class initialized using 'CodeIgniter\Session\Handlers\FileHandler' driver.
INFO - 2023-12-10 07:52:55 --> Session: Class initialized using 'CodeIgniter\Session\Handlers\FileHandler' driver.
ERROR - 2023-12-10 07:53:03 --> mysqli_sql_exception: Column 'kelas' cannot be null in C:\xampp\htdocs\akademik_gatra\system\Database\MySQLi\Connection.php:306
Stack trace:
#0 C:\xampp\htdocs\akademik_gatra\system\Database\MySQLi\Connection.php(306): mysqli->query('INSERT INTO `tb...', 0)
#1 C:\xampp\htdocs\akademik_gatra\system\Database\BaseConnection.php(693): CodeIgniter\Database\MySQLi\Connection->execute('INSERT INTO `tb...')
#2 C:\xampp\htdocs\akademik_gatra\system\Database\BaseConnection.php(607): CodeIgniter\Database\BaseConnection->simpleQuery('INSERT INTO `tb...')
#3 C:\xampp\htdocs\akademik_gatra\system\Database\BaseBuilder.php(2308): CodeIgniter\Database\BaseConnection->query('INSERT INTO `tb...', Array, false)
#4 C:\xampp\htdocs\akademik_gatra\app\Models\ModelKelas.php(17): CodeIgniter\Database\BaseBuilder->insert(Array)
#5 C:\xampp\htdocs\akademik_gatra\app\Controllers\Kelas.php(33): App\Models\Modelkelas->InsertData(Array)
#6 C:\xampp\htdocs\akademik_gatra\system\CodeIgniter.php(942): App\Controllers\Kelas->InsertData()
#7 C:\xampp\htdocs\akademik_gatra\system\CodeIgniter.php(502): CodeIgniter\CodeIgniter->runController(Object(App\Controllers\Kelas))
#8 C:\xampp\htdocs\akademik_gatra\system\CodeIgniter.php(361): CodeIgniter\CodeIgniter->handleRequest(NULL, Object(Config\Cache), false)
#9 C:\xampp\htdocs\akademik_gatra\public\index.php(79): CodeIgniter\CodeIgniter->run()
#10 {main}
CRITICAL - 2023-12-10 07:53:03 --> Column 'kelas' cannot be null
in SYSTEMPATH\Database\BaseConnection.php on line 647.
 1 SYSTEMPATH\Database\BaseBuilder.php(2308): CodeIgniter\Database\BaseConnection->query('INSERT INTO `tbl_kelas` (`kelas`) VALUES (:kelas:)', [...], false)
 2 APPPATH\Models\ModelKelas.php(17): CodeIgniter\Database\BaseBuilder->insert([...])
 3 APPPATH\Controllers\Kelas.php(33): App\Models\Modelkelas->InsertData([...])
 4 SYSTEMPATH\CodeIgniter.php(942): App\Controllers\Kelas->InsertData()
 5 SYSTEMPATH\CodeIgniter.php(502): CodeIgniter\CodeIgniter->runController(Object(App\Controllers\Kelas))
 6 SYSTEMPATH\CodeIgniter.php(361): CodeIgniter\CodeIgniter->handleRequest(null, Object(Config\Cache), false)
 7 FCPATH\index.php(79): CodeIgniter\CodeIgniter->run()
