CRITICAL - 2023-11-13 13:54:17 --> syntax error, unexpected end of file
in APPPATH\Config\Routes.php on line 10.
 1 SYSTEMPATH\CodeIgniter.php(810): CodeIgniter\Router\RouteCollection->loadRoutes()
 2 SYSTEMPATH\CodeIgniter.php(450): CodeIgniter\CodeIgniter->tryToRouteIt(null)
 3 SYSTEMPATH\CodeIgniter.php(361): CodeIgniter\CodeIgniter->handleRequest(null, Object(Config\Cache), false)
 4 FCPATH\index.php(79): CodeIgniter\CodeIgniter->run()
CRITICAL - 2023-11-13 15:25:28 --> syntax error, unexpected 'return' (T_RETURN)
in APPPATH\Controllers\DashboardAdmin.php on line 10.
 1 SYSTEMPATH\Router\Router.php(514): CodeIgniter\Router\AutoRouter->getRoute('DashboardAdmin', 'get')
 2 SYSTEMPATH\Router\Router.php(210): CodeIgniter\Router\Router->autoRoute('DashboardAdmin')
 3 SYSTEMPATH\CodeIgniter.php(823): CodeIgniter\Router\Router->handle('DashboardAdmin')
 4 SYSTEMPATH\CodeIgniter.php(450): CodeIgniter\CodeIgniter->tryToRouteIt(Object(CodeIgniter\Router\RouteCollection))
 5 SYSTEMPATH\CodeIgniter.php(361): CodeIgniter\CodeIgniter->handleRequest(null, Object(Config\Cache), false)
 6 FCPATH\index.php(79): CodeIgniter\CodeIgniter->run()
CRITICAL - 2023-11-13 15:31:35 --> Use of undefined constant page - assumed 'page' (this will throw an Error in a future version of PHP)
in APPPATH\Views\v_tamplate_admin.php on line 169.
 1 APPPATH\Views\v_tamplate_admin.php(169): CodeIgniter\Debug\Exceptions->errorHandler(2, 'Use of undefined constant page - assumed \'page\' (this will throw an Error in a future version of PHP)', 'C:\\xampp\\htdocs\\akademik_gatra\\app\\Views\\v_tamplate_admin.php', 169, [...])
 2 SYSTEMPATH\View\View.php(228): include('C:\\xampp\\htdocs\\akademik_gatra\\app\\Views\\v_tamplate_admin.php')
 3 SYSTEMPATH\View\View.php(231): CodeIgniter\View\View->CodeIgniter\View\{closure}()
 4 SYSTEMPATH\Common.php(1190): CodeIgniter\View\View->render('v_tamplate_admin', [], true)
 5 APPPATH\Controllers\DashboardAdmin.php(14): view('v_tamplate_admin', [...])
 6 SYSTEMPATH\CodeIgniter.php(942): App\Controllers\DashboardAdmin->index()
 7 SYSTEMPATH\CodeIgniter.php(502): CodeIgniter\CodeIgniter->runController(Object(App\Controllers\DashboardAdmin))
 8 SYSTEMPATH\CodeIgniter.php(361): CodeIgniter\CodeIgniter->handleRequest(null, Object(Config\Cache), false)
 9 FCPATH\index.php(79): CodeIgniter\CodeIgniter->run()
CRITICAL - 2023-11-13 15:37:57 --> Invalid file: "v_tamplate_admin.php"
in SYSTEMPATH\Exceptions\FrameworkException.php on line 39.
 1 SYSTEMPATH\View\View.php(216): CodeIgniter\Exceptions\FrameworkException::forInvalidFile('v_tamplate_admin.php')
 2 SYSTEMPATH\Common.php(1190): CodeIgniter\View\View->render('v_tamplate_admin', [], true)
 3 APPPATH\Controllers\DashboardAdmin.php(14): view('v_tamplate_admin', [...])
 4 SYSTEMPATH\CodeIgniter.php(942): App\Controllers\DashboardAdmin->index()
 5 SYSTEMPATH\CodeIgniter.php(502): CodeIgniter\CodeIgniter->runController(Object(App\Controllers\DashboardAdmin))
 6 SYSTEMPATH\CodeIgniter.php(361): CodeIgniter\CodeIgniter->handleRequest(null, Object(Config\Cache), false)
 7 FCPATH\index.php(79): CodeIgniter\CodeIgniter->run()
