INFO - 2024-01-10 10:02:07 --> Session: Class initialized using 'CodeIgniter\Session\Handlers\FileHandler' driver.
INFO - 2024-01-10 10:02:14 --> Session: Class initialized using 'CodeIgniter\Session\Handlers\FileHandler' driver.
INFO - 2024-01-10 10:02:14 --> Session: Class initialized using 'CodeIgniter\Session\Handlers\FileHandler' driver.
INFO - 2024-01-10 10:02:18 --> Session: Class initialized using 'CodeIgniter\Session\Handlers\FileHandler' driver.
INFO - 2024-01-10 12:17:34 --> Session: Class initialized using 'CodeIgniter\Session\Handlers\FileHandler' driver.
INFO - 2024-01-10 12:17:42 --> Session: Class initialized using 'CodeIgniter\Session\Handlers\FileHandler' driver.
INFO - 2024-01-10 12:17:42 --> Session: Class initialized using 'CodeIgniter\Session\Handlers\FileHandler' driver.
CRITICAL - 2024-01-10 12:17:42 --> Undefined variable: jml_rombel
in APPPATH\Views\v_dashboard_guru.php on line 8.
 1 APPPATH\Views\v_dashboard_guru.php(8): CodeIgniter\Debug\Exceptions->errorHandler(8, 'Undefined variable: jml_rombel', 'C:\\xampp\\htdocs\\akademik_gatra\\app\\Views\\v_dashboard_guru.php', 8, [...])
 2 SYSTEMPATH\View\View.php(228): include('C:\\xampp\\htdocs\\akademik_gatra\\app\\Views\\v_dashboard_guru.php')
 3 SYSTEMPATH\View\View.php(231): CodeIgniter\View\View->CodeIgniter\View\{closure}()
 4 SYSTEMPATH\Common.php(1190): CodeIgniter\View\View->render('v_dashboard_guru', [], true)
 5 APPPATH\Views\v_template_admin.php(314): view('v_dashboard_guru')
 6 SYSTEMPATH\View\View.php(228): include('C:\\xampp\\htdocs\\akademik_gatra\\app\\Views\\v_template_admin.php')
 7 SYSTEMPATH\View\View.php(231): CodeIgniter\View\View->CodeIgniter\View\{closure}()
 8 SYSTEMPATH\Common.php(1190): CodeIgniter\View\View->render('v_template_admin', [], true)
 9 APPPATH\Controllers\DashboardGuru.php(25): view('v_template_admin', [...])
10 SYSTEMPATH\CodeIgniter.php(942): App\Controllers\DashboardGuru->index()
11 SYSTEMPATH\CodeIgniter.php(502): CodeIgniter\CodeIgniter->runController(Object(App\Controllers\DashboardGuru))
12 SYSTEMPATH\CodeIgniter.php(361): CodeIgniter\CodeIgniter->handleRequest(null, Object(Config\Cache), false)
13 FCPATH\index.php(79): CodeIgniter\CodeIgniter->run()
INFO - 2024-01-10 12:19:48 --> Session: Class initialized using 'CodeIgniter\Session\Handlers\FileHandler' driver.
CRITICAL - 2024-01-10 12:19:48 --> Undefined variable: siswa
in APPPATH\Views\v_dashboard_guru.php on line 10.
 1 APPPATH\Views\v_dashboard_guru.php(10): CodeIgniter\Debug\Exceptions->errorHandler(8, 'Undefined variable: siswa', 'C:\\xampp\\htdocs\\akademik_gatra\\app\\Views\\v_dashboard_guru.php', 10, [...])
 2 SYSTEMPATH\View\View.php(228): include('C:\\xampp\\htdocs\\akademik_gatra\\app\\Views\\v_dashboard_guru.php')
 3 SYSTEMPATH\View\View.php(231): CodeIgniter\View\View->CodeIgniter\View\{closure}()
 4 SYSTEMPATH\Common.php(1190): CodeIgniter\View\View->render('v_dashboard_guru', [], true)
 5 APPPATH\Views\v_template_admin.php(314): view('v_dashboard_guru')
 6 SYSTEMPATH\View\View.php(228): include('C:\\xampp\\htdocs\\akademik_gatra\\app\\Views\\v_template_admin.php')
 7 SYSTEMPATH\View\View.php(231): CodeIgniter\View\View->CodeIgniter\View\{closure}()
 8 SYSTEMPATH\Common.php(1190): CodeIgniter\View\View->render('v_template_admin', [], true)
 9 APPPATH\Controllers\DashboardGuru.php(25): view('v_template_admin', [...])
10 SYSTEMPATH\CodeIgniter.php(942): App\Controllers\DashboardGuru->index()
11 SYSTEMPATH\CodeIgniter.php(502): CodeIgniter\CodeIgniter->runController(Object(App\Controllers\DashboardGuru))
12 SYSTEMPATH\CodeIgniter.php(361): CodeIgniter\CodeIgniter->handleRequest(null, Object(Config\Cache), false)
13 FCPATH\index.php(79): CodeIgniter\CodeIgniter->run()
INFO - 2024-01-10 12:26:11 --> Session: Class initialized using 'CodeIgniter\Session\Handlers\FileHandler' driver.
CRITICAL - 2024-01-10 12:26:11 --> Undefined variable: siswa
in APPPATH\Views\v_dashboard_guru.php on line 10.
 1 APPPATH\Views\v_dashboard_guru.php(10): CodeIgniter\Debug\Exceptions->errorHandler(8, 'Undefined variable: siswa', 'C:\\xampp\\htdocs\\akademik_gatra\\app\\Views\\v_dashboard_guru.php', 10, [...])
 2 SYSTEMPATH\View\View.php(228): include('C:\\xampp\\htdocs\\akademik_gatra\\app\\Views\\v_dashboard_guru.php')
 3 SYSTEMPATH\View\View.php(231): CodeIgniter\View\View->CodeIgniter\View\{closure}()
 4 SYSTEMPATH\Common.php(1190): CodeIgniter\View\View->render('v_dashboard_guru', [], true)
 5 APPPATH\Views\v_template_admin.php(314): view('v_dashboard_guru')
 6 SYSTEMPATH\View\View.php(228): include('C:\\xampp\\htdocs\\akademik_gatra\\app\\Views\\v_template_admin.php')
 7 SYSTEMPATH\View\View.php(231): CodeIgniter\View\View->CodeIgniter\View\{closure}()
 8 SYSTEMPATH\Common.php(1190): CodeIgniter\View\View->render('v_template_admin', [], true)
 9 APPPATH\Controllers\DashboardGuru.php(26): view('v_template_admin', [...])
10 SYSTEMPATH\CodeIgniter.php(942): App\Controllers\DashboardGuru->index()
11 SYSTEMPATH\CodeIgniter.php(502): CodeIgniter\CodeIgniter->runController(Object(App\Controllers\DashboardGuru))
12 SYSTEMPATH\CodeIgniter.php(361): CodeIgniter\CodeIgniter->handleRequest(null, Object(Config\Cache), false)
13 FCPATH\index.php(79): CodeIgniter\CodeIgniter->run()
INFO - 2024-01-10 12:26:45 --> Session: Class initialized using 'CodeIgniter\Session\Handlers\FileHandler' driver.
CRITICAL - 2024-01-10 12:26:45 --> Undefined index: foto_siswa
in APPPATH\Views\v_dashboard_guru.php on line 10.
 1 APPPATH\Views\v_dashboard_guru.php(10): CodeIgniter\Debug\Exceptions->errorHandler(8, 'Undefined index: foto_siswa', 'C:\\xampp\\htdocs\\akademik_gatra\\app\\Views\\v_dashboard_guru.php', 10, [...])
 2 SYSTEMPATH\View\View.php(228): include('C:\\xampp\\htdocs\\akademik_gatra\\app\\Views\\v_dashboard_guru.php')
 3 SYSTEMPATH\View\View.php(231): CodeIgniter\View\View->CodeIgniter\View\{closure}()
 4 SYSTEMPATH\Common.php(1190): CodeIgniter\View\View->render('v_dashboard_guru', [], true)
 5 APPPATH\Views\v_template_admin.php(314): view('v_dashboard_guru')
 6 SYSTEMPATH\View\View.php(228): include('C:\\xampp\\htdocs\\akademik_gatra\\app\\Views\\v_template_admin.php')
 7 SYSTEMPATH\View\View.php(231): CodeIgniter\View\View->CodeIgniter\View\{closure}()
 8 SYSTEMPATH\Common.php(1190): CodeIgniter\View\View->render('v_template_admin', [], true)
 9 APPPATH\Controllers\DashboardGuru.php(26): view('v_template_admin', [...])
10 SYSTEMPATH\CodeIgniter.php(942): App\Controllers\DashboardGuru->index()
11 SYSTEMPATH\CodeIgniter.php(502): CodeIgniter\CodeIgniter->runController(Object(App\Controllers\DashboardGuru))
12 SYSTEMPATH\CodeIgniter.php(361): CodeIgniter\CodeIgniter->handleRequest(null, Object(Config\Cache), false)
13 FCPATH\index.php(79): CodeIgniter\CodeIgniter->run()
INFO - 2024-01-10 12:27:01 --> Session: Class initialized using 'CodeIgniter\Session\Handlers\FileHandler' driver.
CRITICAL - 2024-01-10 12:27:01 --> Undefined variable: siswa
in APPPATH\Views\v_dashboard_guru.php on line 28.
 1 APPPATH\Views\v_dashboard_guru.php(28): CodeIgniter\Debug\Exceptions->errorHandler(8, 'Undefined variable: siswa', 'C:\\xampp\\htdocs\\akademik_gatra\\app\\Views\\v_dashboard_guru.php', 28, [...])
 2 SYSTEMPATH\View\View.php(228): include('C:\\xampp\\htdocs\\akademik_gatra\\app\\Views\\v_dashboard_guru.php')
 3 SYSTEMPATH\View\View.php(231): CodeIgniter\View\View->CodeIgniter\View\{closure}()
 4 SYSTEMPATH\Common.php(1190): CodeIgniter\View\View->render('v_dashboard_guru', [], true)
 5 APPPATH\Views\v_template_admin.php(314): view('v_dashboard_guru')
 6 SYSTEMPATH\View\View.php(228): include('C:\\xampp\\htdocs\\akademik_gatra\\app\\Views\\v_template_admin.php')
 7 SYSTEMPATH\View\View.php(231): CodeIgniter\View\View->CodeIgniter\View\{closure}()
 8 SYSTEMPATH\Common.php(1190): CodeIgniter\View\View->render('v_template_admin', [], true)
 9 APPPATH\Controllers\DashboardGuru.php(26): view('v_template_admin', [...])
10 SYSTEMPATH\CodeIgniter.php(942): App\Controllers\DashboardGuru->index()
11 SYSTEMPATH\CodeIgniter.php(502): CodeIgniter\CodeIgniter->runController(Object(App\Controllers\DashboardGuru))
12 SYSTEMPATH\CodeIgniter.php(361): CodeIgniter\CodeIgniter->handleRequest(null, Object(Config\Cache), false)
13 FCPATH\index.php(79): CodeIgniter\CodeIgniter->run()
INFO - 2024-01-10 12:27:18 --> Session: Class initialized using 'CodeIgniter\Session\Handlers\FileHandler' driver.
INFO - 2024-01-10 12:27:36 --> Session: Class initialized using 'CodeIgniter\Session\Handlers\FileHandler' driver.
INFO - 2024-01-10 12:27:36 --> Session: Class initialized using 'CodeIgniter\Session\Handlers\FileHandler' driver.
INFO - 2024-01-10 12:27:36 --> Session: Class initialized using 'CodeIgniter\Session\Handlers\FileHandler' driver.
INFO - 2024-01-10 12:27:42 --> Session: Class initialized using 'CodeIgniter\Session\Handlers\FileHandler' driver.
INFO - 2024-01-10 12:27:42 --> Session: Class initialized using 'CodeIgniter\Session\Handlers\FileHandler' driver.
INFO - 2024-01-10 12:27:48 --> Session: Class initialized using 'CodeIgniter\Session\Handlers\FileHandler' driver.
INFO - 2024-01-10 12:27:54 --> Session: Class initialized using 'CodeIgniter\Session\Handlers\FileHandler' driver.
INFO - 2024-01-10 12:29:06 --> Session: Class initialized using 'CodeIgniter\Session\Handlers\FileHandler' driver.
INFO - 2024-01-10 12:29:07 --> Session: Class initialized using 'CodeIgniter\Session\Handlers\FileHandler' driver.
INFO - 2024-01-10 12:29:11 --> Session: Class initialized using 'CodeIgniter\Session\Handlers\FileHandler' driver.
INFO - 2024-01-10 12:29:12 --> Session: Class initialized using 'CodeIgniter\Session\Handlers\FileHandler' driver.
INFO - 2024-01-10 12:29:12 --> Session: Class initialized using 'CodeIgniter\Session\Handlers\FileHandler' driver.
INFO - 2024-01-10 12:29:20 --> Session: Class initialized using 'CodeIgniter\Session\Handlers\FileHandler' driver.
INFO - 2024-01-10 12:29:20 --> Session: Class initialized using 'CodeIgniter\Session\Handlers\FileHandler' driver.
INFO - 2024-01-10 12:31:44 --> Session: Class initialized using 'CodeIgniter\Session\Handlers\FileHandler' driver.
CRITICAL - 2024-01-10 12:31:44 --> Undefined variable: ta_aktif
in APPPATH\Views\v_dashboard_guru.php on line 28.
 1 APPPATH\Views\v_dashboard_guru.php(28): CodeIgniter\Debug\Exceptions->errorHandler(8, 'Undefined variable: ta_aktif', 'C:\\xampp\\htdocs\\akademik_gatra\\app\\Views\\v_dashboard_guru.php', 28, [...])
 2 SYSTEMPATH\View\View.php(228): include('C:\\xampp\\htdocs\\akademik_gatra\\app\\Views\\v_dashboard_guru.php')
 3 SYSTEMPATH\View\View.php(231): CodeIgniter\View\View->CodeIgniter\View\{closure}()
 4 SYSTEMPATH\Common.php(1190): CodeIgniter\View\View->render('v_dashboard_guru', [], true)
 5 APPPATH\Views\v_template_admin.php(314): view('v_dashboard_guru')
 6 SYSTEMPATH\View\View.php(228): include('C:\\xampp\\htdocs\\akademik_gatra\\app\\Views\\v_template_admin.php')
 7 SYSTEMPATH\View\View.php(231): CodeIgniter\View\View->CodeIgniter\View\{closure}()
 8 SYSTEMPATH\Common.php(1190): CodeIgniter\View\View->render('v_template_admin', [], true)
 9 APPPATH\Controllers\DashboardGuru.php(26): view('v_template_admin', [...])
10 SYSTEMPATH\CodeIgniter.php(942): App\Controllers\DashboardGuru->index()
11 SYSTEMPATH\CodeIgniter.php(502): CodeIgniter\CodeIgniter->runController(Object(App\Controllers\DashboardGuru))
12 SYSTEMPATH\CodeIgniter.php(361): CodeIgniter\CodeIgniter->handleRequest(null, Object(Config\Cache), false)
13 FCPATH\index.php(79): CodeIgniter\CodeIgniter->run()
INFO - 2024-01-10 12:32:41 --> Session: Class initialized using 'CodeIgniter\Session\Handlers\FileHandler' driver.
ERROR - 2024-01-10 12:32:45 --> Error connecting to the database: mysqli_sql_exception: No connection could be made because the target machine actively refused it.
 in C:\xampp\htdocs\akademik_gatra\system\Database\MySQLi\Connection.php:185
Stack trace:
#0 C:\xampp\htdocs\akademik_gatra\system\Database\MySQLi\Connection.php(185): mysqli->real_connect('localhost', 'root', '', 'db_akademik_gat...', 3306, '', 0)
#1 C:\xampp\htdocs\akademik_gatra\system\Database\BaseConnection.php(392): CodeIgniter\Database\MySQLi\Connection->connect(false)
#2 C:\xampp\htdocs\akademik_gatra\system\Database\BaseConnection.php(575): CodeIgniter\Database\BaseConnection->initialize()
#3 C:\xampp\htdocs\akademik_gatra\system\Database\BaseBuilder.php(1615): CodeIgniter\Database\BaseConnection->query('SELECT *\nFROM `...', Array, false)
#4 C:\xampp\htdocs\akademik_gatra\app\Models\ModelTa.php(47): CodeIgniter\Database\BaseBuilder->get()
#5 C:\xampp\htdocs\akademik_gatra\app\Controllers\DashboardGuru.php(18): App\Models\ModelTa->TaAktif()
#6 C:\xampp\htdocs\akademik_gatra\system\CodeIgniter.php(942): App\Controllers\DashboardGuru->index()
#7 C:\xampp\htdocs\akademik_gatra\system\CodeIgniter.php(502): CodeIgniter\CodeIgniter->runController(Object(App\Controllers\DashboardGuru))
#8 C:\xampp\htdocs\akademik_gatra\system\CodeIgniter.php(361): CodeIgniter\CodeIgniter->handleRequest(NULL, Object(Config\Cache), false)
#9 C:\xampp\htdocs\akademik_gatra\public\index.php(79): CodeIgniter\CodeIgniter->run()
#10 {main}

Next CodeIgniter\Database\Exceptions\DatabaseException: No connection could be made because the target machine actively refused it.
 in C:\xampp\htdocs\akademik_gatra\system\Database\MySQLi\Connection.php:229
Stack trace:
#0 C:\xampp\htdocs\akademik_gatra\system\Database\BaseConnection.php(392): CodeIgniter\Database\MySQLi\Connection->connect(false)
#1 C:\xampp\htdocs\akademik_gatra\system\Database\BaseConnection.php(575): CodeIgniter\Database\BaseConnection->initialize()
#2 C:\xampp\htdocs\akademik_gatra\system\Database\BaseBuilder.php(1615): CodeIgniter\Database\BaseConnection->query('SELECT *\nFROM `...', Array, false)
#3 C:\xampp\htdocs\akademik_gatra\app\Models\ModelTa.php(47): CodeIgniter\Database\BaseBuilder->get()
#4 C:\xampp\htdocs\akademik_gatra\app\Controllers\DashboardGuru.php(18): App\Models\ModelTa->TaAktif()
#5 C:\xampp\htdocs\akademik_gatra\system\CodeIgniter.php(942): App\Controllers\DashboardGuru->index()
#6 C:\xampp\htdocs\akademik_gatra\system\CodeIgniter.php(502): CodeIgniter\CodeIgniter->runController(Object(App\Controllers\DashboardGuru))
#7 C:\xampp\htdocs\akademik_gatra\system\CodeIgniter.php(361): CodeIgniter\CodeIgniter->handleRequest(NULL, Object(Config\Cache), false)
#8 C:\xampp\htdocs\akademik_gatra\public\index.php(79): CodeIgniter\CodeIgniter->run()
#9 {main}
CRITICAL - 2024-01-10 12:32:45 --> Unable to connect to the database.
Main connection [MySQLi]: No connection could be made because the target machine actively refused it.

in SYSTEMPATH\Database\BaseConnection.php on line 428.
 1 SYSTEMPATH\Database\BaseConnection.php(575): CodeIgniter\Database\BaseConnection->initialize()
 2 SYSTEMPATH\Database\BaseBuilder.php(1615): CodeIgniter\Database\BaseConnection->query('SELECT *
FROM `tbl_ta`
WHERE `status` = :status:', [...], false)
 3 APPPATH\Models\ModelTa.php(47): CodeIgniter\Database\BaseBuilder->get()
 4 APPPATH\Controllers\DashboardGuru.php(18): App\Models\ModelTa->TaAktif()
 5 SYSTEMPATH\CodeIgniter.php(942): App\Controllers\DashboardGuru->index()
 6 SYSTEMPATH\CodeIgniter.php(502): CodeIgniter\CodeIgniter->runController(Object(App\Controllers\DashboardGuru))
 7 SYSTEMPATH\CodeIgniter.php(361): CodeIgniter\CodeIgniter->handleRequest(null, Object(Config\Cache), false)
 8 FCPATH\index.php(79): CodeIgniter\CodeIgniter->run()
INFO - 2024-01-10 12:33:36 --> Session: Class initialized using 'CodeIgniter\Session\Handlers\FileHandler' driver.
ERROR - 2024-01-10 12:33:40 --> Error connecting to the database: mysqli_sql_exception: No connection could be made because the target machine actively refused it.
 in C:\xampp\htdocs\akademik_gatra\system\Database\MySQLi\Connection.php:185
Stack trace:
#0 C:\xampp\htdocs\akademik_gatra\system\Database\MySQLi\Connection.php(185): mysqli->real_connect('localhost', 'root', '', 'db_akademik_gat...', 3306, '', 0)
#1 C:\xampp\htdocs\akademik_gatra\system\Database\BaseConnection.php(392): CodeIgniter\Database\MySQLi\Connection->connect(false)
#2 C:\xampp\htdocs\akademik_gatra\system\Database\BaseConnection.php(575): CodeIgniter\Database\BaseConnection->initialize()
#3 C:\xampp\htdocs\akademik_gatra\system\Database\BaseBuilder.php(1615): CodeIgniter\Database\BaseConnection->query('SELECT *\nFROM `...', Array, false)
#4 C:\xampp\htdocs\akademik_gatra\app\Models\ModelDashboardGuru.php(12): CodeIgniter\Database\BaseBuilder->get()
#5 C:\xampp\htdocs\akademik_gatra\app\Controllers\DashboardGuru.php(24): App\Models\ModelDashboardGuru->DataGuru()
#6 C:\xampp\htdocs\akademik_gatra\system\CodeIgniter.php(942): App\Controllers\DashboardGuru->index()
#7 C:\xampp\htdocs\akademik_gatra\system\CodeIgniter.php(502): CodeIgniter\CodeIgniter->runController(Object(App\Controllers\DashboardGuru))
#8 C:\xampp\htdocs\akademik_gatra\system\CodeIgniter.php(361): CodeIgniter\CodeIgniter->handleRequest(NULL, Object(Config\Cache), false)
#9 C:\xampp\htdocs\akademik_gatra\public\index.php(79): CodeIgniter\CodeIgniter->run()
#10 {main}

Next CodeIgniter\Database\Exceptions\DatabaseException: No connection could be made because the target machine actively refused it.
 in C:\xampp\htdocs\akademik_gatra\system\Database\MySQLi\Connection.php:229
Stack trace:
#0 C:\xampp\htdocs\akademik_gatra\system\Database\BaseConnection.php(392): CodeIgniter\Database\MySQLi\Connection->connect(false)
#1 C:\xampp\htdocs\akademik_gatra\system\Database\BaseConnection.php(575): CodeIgniter\Database\BaseConnection->initialize()
#2 C:\xampp\htdocs\akademik_gatra\system\Database\BaseBuilder.php(1615): CodeIgniter\Database\BaseConnection->query('SELECT *\nFROM `...', Array, false)
#3 C:\xampp\htdocs\akademik_gatra\app\Models\ModelDashboardGuru.php(12): CodeIgniter\Database\BaseBuilder->get()
#4 C:\xampp\htdocs\akademik_gatra\app\Controllers\DashboardGuru.php(24): App\Models\ModelDashboardGuru->DataGuru()
#5 C:\xampp\htdocs\akademik_gatra\system\CodeIgniter.php(942): App\Controllers\DashboardGuru->index()
#6 C:\xampp\htdocs\akademik_gatra\system\CodeIgniter.php(502): CodeIgniter\CodeIgniter->runController(Object(App\Controllers\DashboardGuru))
#7 C:\xampp\htdocs\akademik_gatra\system\CodeIgniter.php(361): CodeIgniter\CodeIgniter->handleRequest(NULL, Object(Config\Cache), false)
#8 C:\xampp\htdocs\akademik_gatra\public\index.php(79): CodeIgniter\CodeIgniter->run()
#9 {main}
CRITICAL - 2024-01-10 12:33:40 --> Unable to connect to the database.
Main connection [MySQLi]: No connection could be made because the target machine actively refused it.

in SYSTEMPATH\Database\BaseConnection.php on line 428.
 1 SYSTEMPATH\Database\BaseConnection.php(575): CodeIgniter\Database\BaseConnection->initialize()
 2 SYSTEMPATH\Database\BaseBuilder.php(1615): CodeIgniter\Database\BaseConnection->query('SELECT *
FROM `tbl_guru`
WHERE `nip` = :nip:', [...], false)
 3 APPPATH\Models\ModelDashboardGuru.php(12): CodeIgniter\Database\BaseBuilder->get()
 4 APPPATH\Controllers\DashboardGuru.php(24): App\Models\ModelDashboardGuru->DataGuru()
 5 SYSTEMPATH\CodeIgniter.php(942): App\Controllers\DashboardGuru->index()
 6 SYSTEMPATH\CodeIgniter.php(502): CodeIgniter\CodeIgniter->runController(Object(App\Controllers\DashboardGuru))
 7 SYSTEMPATH\CodeIgniter.php(361): CodeIgniter\CodeIgniter->handleRequest(null, Object(Config\Cache), false)
 8 FCPATH\index.php(79): CodeIgniter\CodeIgniter->run()
INFO - 2024-01-10 12:33:49 --> Session: Class initialized using 'CodeIgniter\Session\Handlers\FileHandler' driver.
INFO - 2024-01-10 12:34:03 --> Session: Class initialized using 'CodeIgniter\Session\Handlers\FileHandler' driver.
INFO - 2024-01-10 12:34:41 --> Session: Class initialized using 'CodeIgniter\Session\Handlers\FileHandler' driver.
INFO - 2024-01-10 12:35:37 --> Session: Class initialized using 'CodeIgniter\Session\Handlers\FileHandler' driver.
INFO - 2024-01-10 12:36:02 --> Session: Class initialized using 'CodeIgniter\Session\Handlers\FileHandler' driver.
INFO - 2024-01-10 12:36:46 --> Session: Class initialized using 'CodeIgniter\Session\Handlers\FileHandler' driver.
INFO - 2024-01-10 12:37:11 --> Session: Class initialized using 'CodeIgniter\Session\Handlers\FileHandler' driver.
INFO - 2024-01-10 12:37:53 --> Session: Class initialized using 'CodeIgniter\Session\Handlers\FileHandler' driver.
INFO - 2024-01-10 12:38:09 --> Session: Class initialized using 'CodeIgniter\Session\Handlers\FileHandler' driver.
INFO - 2024-01-10 12:39:39 --> Session: Class initialized using 'CodeIgniter\Session\Handlers\FileHandler' driver.
INFO - 2024-01-10 12:39:58 --> Session: Class initialized using 'CodeIgniter\Session\Handlers\FileHandler' driver.
INFO - 2024-01-10 12:40:04 --> Session: Class initialized using 'CodeIgniter\Session\Handlers\FileHandler' driver.
INFO - 2024-01-10 12:40:48 --> Session: Class initialized using 'CodeIgniter\Session\Handlers\FileHandler' driver.
INFO - 2024-01-10 12:40:48 --> Session: Class initialized using 'CodeIgniter\Session\Handlers\FileHandler' driver.
INFO - 2024-01-10 12:40:48 --> Session: Class initialized using 'CodeIgniter\Session\Handlers\FileHandler' driver.
INFO - 2024-01-10 12:40:54 --> Session: Class initialized using 'CodeIgniter\Session\Handlers\FileHandler' driver.
INFO - 2024-01-10 12:40:54 --> Session: Class initialized using 'CodeIgniter\Session\Handlers\FileHandler' driver.
INFO - 2024-01-10 12:41:10 --> Session: Class initialized using 'CodeIgniter\Session\Handlers\FileHandler' driver.
INFO - 2024-01-10 12:49:48 --> Session: Class initialized using 'CodeIgniter\Session\Handlers\FileHandler' driver.
INFO - 2024-01-10 12:49:49 --> Session: Class initialized using 'CodeIgniter\Session\Handlers\FileHandler' driver.
INFO - 2024-01-10 12:49:49 --> Session: Class initialized using 'CodeIgniter\Session\Handlers\FileHandler' driver.
INFO - 2024-01-10 12:49:58 --> Session: Class initialized using 'CodeIgniter\Session\Handlers\FileHandler' driver.
INFO - 2024-01-10 12:49:58 --> Session: Class initialized using 'CodeIgniter\Session\Handlers\FileHandler' driver.
INFO - 2024-01-10 12:58:01 --> Session: Class initialized using 'CodeIgniter\Session\Handlers\FileHandler' driver.
INFO - 2024-01-10 12:58:02 --> Session: Class initialized using 'CodeIgniter\Session\Handlers\FileHandler' driver.
INFO - 2024-01-10 12:58:02 --> Session: Class initialized using 'CodeIgniter\Session\Handlers\FileHandler' driver.
INFO - 2024-01-10 12:58:13 --> Session: Class initialized using 'CodeIgniter\Session\Handlers\FileHandler' driver.
INFO - 2024-01-10 12:58:13 --> Session: Class initialized using 'CodeIgniter\Session\Handlers\FileHandler' driver.
INFO - 2024-01-10 12:58:24 --> Session: Class initialized using 'CodeIgniter\Session\Handlers\FileHandler' driver.
INFO - 2024-01-10 12:58:30 --> Session: Class initialized using 'CodeIgniter\Session\Handlers\FileHandler' driver.
INFO - 2024-01-10 12:59:04 --> Session: Class initialized using 'CodeIgniter\Session\Handlers\FileHandler' driver.
INFO - 2024-01-10 12:59:07 --> Session: Class initialized using 'CodeIgniter\Session\Handlers\FileHandler' driver.
INFO - 2024-01-10 13:47:24 --> Session: Class initialized using 'CodeIgniter\Session\Handlers\FileHandler' driver.
CRITICAL - 2024-01-10 13:47:24 --> Undefined variable: guru
in APPPATH\Controllers\DashboardGuru.php on line 17.
 1 APPPATH\Controllers\DashboardGuru.php(17): CodeIgniter\Debug\Exceptions->errorHandler(8, 'Undefined variable: guru', 'C:\\xampp\\htdocs\\akademik_gatra\\app\\Controllers\\DashboardGuru.php', 17, [])
 2 SYSTEMPATH\CodeIgniter.php(914): App\Controllers\DashboardGuru->__construct()
 3 SYSTEMPATH\CodeIgniter.php(493): CodeIgniter\CodeIgniter->createController()
 4 SYSTEMPATH\CodeIgniter.php(361): CodeIgniter\CodeIgniter->handleRequest(null, Object(Config\Cache), false)
 5 FCPATH\index.php(79): CodeIgniter\CodeIgniter->run()
INFO - 2024-01-10 13:48:42 --> Session: Class initialized using 'CodeIgniter\Session\Handlers\FileHandler' driver.
CRITICAL - 2024-01-10 13:48:42 --> Undefined variable: guru
in APPPATH\Controllers\DashboardGuru.php on line 17.
 1 APPPATH\Controllers\DashboardGuru.php(17): CodeIgniter\Debug\Exceptions->errorHandler(8, 'Undefined variable: guru', 'C:\\xampp\\htdocs\\akademik_gatra\\app\\Controllers\\DashboardGuru.php', 17, [])
 2 SYSTEMPATH\CodeIgniter.php(914): App\Controllers\DashboardGuru->__construct()
 3 SYSTEMPATH\CodeIgniter.php(493): CodeIgniter\CodeIgniter->createController()
 4 SYSTEMPATH\CodeIgniter.php(361): CodeIgniter\CodeIgniter->handleRequest(null, Object(Config\Cache), false)
 5 FCPATH\index.php(79): CodeIgniter\CodeIgniter->run()
INFO - 2024-01-10 13:50:45 --> Session: Class initialized using 'CodeIgniter\Session\Handlers\FileHandler' driver.
CRITICAL - 2024-01-10 13:50:45 --> Undefined variable: guru
in APPPATH\Controllers\DashboardGuru.php on line 17.
 1 APPPATH\Controllers\DashboardGuru.php(17): CodeIgniter\Debug\Exceptions->errorHandler(8, 'Undefined variable: guru', 'C:\\xampp\\htdocs\\akademik_gatra\\app\\Controllers\\DashboardGuru.php', 17, [])
 2 SYSTEMPATH\CodeIgniter.php(914): App\Controllers\DashboardGuru->__construct()
 3 SYSTEMPATH\CodeIgniter.php(493): CodeIgniter\CodeIgniter->createController()
 4 SYSTEMPATH\CodeIgniter.php(361): CodeIgniter\CodeIgniter->handleRequest(null, Object(Config\Cache), false)
 5 FCPATH\index.php(79): CodeIgniter\CodeIgniter->run()
INFO - 2024-01-10 13:50:48 --> Session: Class initialized using 'CodeIgniter\Session\Handlers\FileHandler' driver.
CRITICAL - 2024-01-10 13:50:48 --> Undefined variable: guru
in APPPATH\Controllers\DashboardGuru.php on line 17.
 1 APPPATH\Controllers\DashboardGuru.php(17): CodeIgniter\Debug\Exceptions->errorHandler(8, 'Undefined variable: guru', 'C:\\xampp\\htdocs\\akademik_gatra\\app\\Controllers\\DashboardGuru.php', 17, [])
 2 SYSTEMPATH\CodeIgniter.php(914): App\Controllers\DashboardGuru->__construct()
 3 SYSTEMPATH\CodeIgniter.php(493): CodeIgniter\CodeIgniter->createController()
 4 SYSTEMPATH\CodeIgniter.php(361): CodeIgniter\CodeIgniter->handleRequest(null, Object(Config\Cache), false)
 5 FCPATH\index.php(79): CodeIgniter\CodeIgniter->run()
INFO - 2024-01-10 13:52:29 --> Session: Class initialized using 'CodeIgniter\Session\Handlers\FileHandler' driver.
CRITICAL - 2024-01-10 13:52:29 --> Undefined variable: guru
in APPPATH\Controllers\DashboardGuru.php on line 17.
 1 APPPATH\Controllers\DashboardGuru.php(17): CodeIgniter\Debug\Exceptions->errorHandler(8, 'Undefined variable: guru', 'C:\\xampp\\htdocs\\akademik_gatra\\app\\Controllers\\DashboardGuru.php', 17, [])
 2 SYSTEMPATH\CodeIgniter.php(914): App\Controllers\DashboardGuru->__construct()
 3 SYSTEMPATH\CodeIgniter.php(493): CodeIgniter\CodeIgniter->createController()
 4 SYSTEMPATH\CodeIgniter.php(361): CodeIgniter\CodeIgniter->handleRequest(null, Object(Config\Cache), false)
 5 FCPATH\index.php(79): CodeIgniter\CodeIgniter->run()
INFO - 2024-01-10 13:53:11 --> Session: Class initialized using 'CodeIgniter\Session\Handlers\FileHandler' driver.
INFO - 2024-01-10 13:53:23 --> Session: Class initialized using 'CodeIgniter\Session\Handlers\FileHandler' driver.
INFO - 2024-01-10 13:53:30 --> Session: Class initialized using 'CodeIgniter\Session\Handlers\FileHandler' driver.
INFO - 2024-01-10 13:53:44 --> Session: Class initialized using 'CodeIgniter\Session\Handlers\FileHandler' driver.
INFO - 2024-01-10 13:57:01 --> Session: Class initialized using 'CodeIgniter\Session\Handlers\FileHandler' driver.
CRITICAL - 2024-01-10 13:57:01 --> You must set the database table to be used with your query.
in SYSTEMPATH\Database\BaseConnection.php on line 884.
 1 SYSTEMPATH\Model.php(635): CodeIgniter\Database\BaseConnection->table(null)
 2 SYSTEMPATH\Model.php(863): CodeIgniter\Model->builder()
 3 APPPATH\Controllers\DashboardGuru.php(78): CodeIgniter\Model->__call('siswa', [...])
 4 SYSTEMPATH\CodeIgniter.php(942): App\Controllers\DashboardGuru->DataNilai('8')
 5 SYSTEMPATH\CodeIgniter.php(502): CodeIgniter\CodeIgniter->runController(Object(App\Controllers\DashboardGuru))
 6 SYSTEMPATH\CodeIgniter.php(361): CodeIgniter\CodeIgniter->handleRequest(null, Object(Config\Cache), false)
 7 FCPATH\index.php(79): CodeIgniter\CodeIgniter->run()
INFO - 2024-01-10 13:58:02 --> Session: Class initialized using 'CodeIgniter\Session\Handlers\FileHandler' driver.
CRITICAL - 2024-01-10 13:58:02 --> You must set the database table to be used with your query.
in SYSTEMPATH\Database\BaseConnection.php on line 884.
 1 SYSTEMPATH\Model.php(635): CodeIgniter\Database\BaseConnection->table(null)
 2 SYSTEMPATH\Model.php(863): CodeIgniter\Model->builder()
 3 APPPATH\Controllers\DashboardGuru.php(78): CodeIgniter\Model->__call('siswa', [...])
 4 SYSTEMPATH\CodeIgniter.php(942): App\Controllers\DashboardGuru->DataNilai('8')
 5 SYSTEMPATH\CodeIgniter.php(502): CodeIgniter\CodeIgniter->runController(Object(App\Controllers\DashboardGuru))
 6 SYSTEMPATH\CodeIgniter.php(361): CodeIgniter\CodeIgniter->handleRequest(null, Object(Config\Cache), false)
 7 FCPATH\index.php(79): CodeIgniter\CodeIgniter->run()
INFO - 2024-01-10 13:58:48 --> Session: Class initialized using 'CodeIgniter\Session\Handlers\FileHandler' driver.
INFO - 2024-01-10 13:59:11 --> Session: Class initialized using 'CodeIgniter\Session\Handlers\FileHandler' driver.
CRITICAL - 2024-01-10 13:59:11 --> You must set the database table to be used with your query.
in SYSTEMPATH\Database\BaseConnection.php on line 884.
 1 SYSTEMPATH\Model.php(635): CodeIgniter\Database\BaseConnection->table(null)
 2 SYSTEMPATH\Model.php(863): CodeIgniter\Model->builder()
 3 APPPATH\Controllers\DashboardGuru.php(78): CodeIgniter\Model->__call('siswa', [...])
 4 SYSTEMPATH\CodeIgniter.php(942): App\Controllers\DashboardGuru->DataNilai('8')
 5 SYSTEMPATH\CodeIgniter.php(502): CodeIgniter\CodeIgniter->runController(Object(App\Controllers\DashboardGuru))
 6 SYSTEMPATH\CodeIgniter.php(361): CodeIgniter\CodeIgniter->handleRequest(null, Object(Config\Cache), false)
 7 FCPATH\index.php(79): CodeIgniter\CodeIgniter->run()
INFO - 2024-01-10 13:59:14 --> Session: Class initialized using 'CodeIgniter\Session\Handlers\FileHandler' driver.
INFO - 2024-01-10 14:00:34 --> Session: Class initialized using 'CodeIgniter\Session\Handlers\FileHandler' driver.
INFO - 2024-01-10 14:28:55 --> Session: Class initialized using 'CodeIgniter\Session\Handlers\FileHandler' driver.
INFO - 2024-01-10 14:28:56 --> Session: Class initialized using 'CodeIgniter\Session\Handlers\FileHandler' driver.
INFO - 2024-01-10 14:29:02 --> Session: Class initialized using 'CodeIgniter\Session\Handlers\FileHandler' driver.
INFO - 2024-01-10 14:40:20 --> Session: Class initialized using 'CodeIgniter\Session\Handlers\FileHandler' driver.
CRITICAL - 2024-01-10 14:40:21 --> You must set the database table to be used with your query.
in SYSTEMPATH\Database\BaseConnection.php on line 884.
 1 SYSTEMPATH\Model.php(635): CodeIgniter\Database\BaseConnection->table(null)
 2 SYSTEMPATH\Model.php(863): CodeIgniter\Model->builder()
 3 APPPATH\Controllers\DashboardGuru.php(78): CodeIgniter\Model->__call('siswa', [...])
 4 SYSTEMPATH\CodeIgniter.php(942): App\Controllers\DashboardGuru->DataNilai('8')
 5 SYSTEMPATH\CodeIgniter.php(502): CodeIgniter\CodeIgniter->runController(Object(App\Controllers\DashboardGuru))
 6 SYSTEMPATH\CodeIgniter.php(361): CodeIgniter\CodeIgniter->handleRequest(null, Object(Config\Cache), false)
 7 FCPATH\index.php(79): CodeIgniter\CodeIgniter->run()
INFO - 2024-01-10 14:54:55 --> Session: Class initialized using 'CodeIgniter\Session\Handlers\FileHandler' driver.
INFO - 2024-01-10 15:06:24 --> Session: Class initialized using 'CodeIgniter\Session\Handlers\FileHandler' driver.
INFO - 2024-01-10 15:06:27 --> Session: Class initialized using 'CodeIgniter\Session\Handlers\FileHandler' driver.
CRITICAL - 2024-01-10 15:06:27 --> You must set the database table to be used with your query.
in SYSTEMPATH\Database\BaseConnection.php on line 884.
 1 SYSTEMPATH\Model.php(635): CodeIgniter\Database\BaseConnection->table(null)
 2 SYSTEMPATH\Model.php(863): CodeIgniter\Model->builder()
 3 APPPATH\Controllers\DashboardGuru.php(78): CodeIgniter\Model->__call('siswa', [...])
 4 SYSTEMPATH\CodeIgniter.php(942): App\Controllers\DashboardGuru->DataNilai('8')
 5 SYSTEMPATH\CodeIgniter.php(502): CodeIgniter\CodeIgniter->runController(Object(App\Controllers\DashboardGuru))
 6 SYSTEMPATH\CodeIgniter.php(361): CodeIgniter\CodeIgniter->handleRequest(null, Object(Config\Cache), false)
 7 FCPATH\index.php(79): CodeIgniter\CodeIgniter->run()
INFO - 2024-01-10 15:25:33 --> Session: Class initialized using 'CodeIgniter\Session\Handlers\FileHandler' driver.
CRITICAL - 2024-01-10 15:25:33 --> Undefined variable: siswa
in APPPATH\Views\guru\nilai\v_data_nilai.php on line 77.
 1 APPPATH\Views\guru\nilai\v_data_nilai.php(77): CodeIgniter\Debug\Exceptions->errorHandler(8, 'Undefined variable: siswa', 'C:\\xampp\\htdocs\\akademik_gatra\\app\\Views\\guru\\nilai\\v_data_nilai.php', 77, [...])
 2 SYSTEMPATH\View\View.php(228): include('C:\\xampp\\htdocs\\akademik_gatra\\app\\Views\\guru\\nilai\\v_data_nilai.php')
 3 SYSTEMPATH\View\View.php(231): CodeIgniter\View\View->CodeIgniter\View\{closure}()
 4 SYSTEMPATH\Common.php(1190): CodeIgniter\View\View->render('guru/nilai/v_data_nilai', [], true)
 5 APPPATH\Views\v_template_admin.php(314): view('guru/nilai/v_data_nilai')
 6 SYSTEMPATH\View\View.php(228): include('C:\\xampp\\htdocs\\akademik_gatra\\app\\Views\\v_template_admin.php')
 7 SYSTEMPATH\View\View.php(231): CodeIgniter\View\View->CodeIgniter\View\{closure}()
 8 SYSTEMPATH\Common.php(1190): CodeIgniter\View\View->render('v_template_admin', [], true)
 9 APPPATH\Controllers\DashboardGuru.php(79): view('v_template_admin', [...])
10 SYSTEMPATH\CodeIgniter.php(942): App\Controllers\DashboardGuru->DataNilai('8')
11 SYSTEMPATH\CodeIgniter.php(502): CodeIgniter\CodeIgniter->runController(Object(App\Controllers\DashboardGuru))
12 SYSTEMPATH\CodeIgniter.php(361): CodeIgniter\CodeIgniter->handleRequest(null, Object(Config\Cache), false)
13 FCPATH\index.php(79): CodeIgniter\CodeIgniter->run()
INFO - 2024-01-10 15:25:59 --> Session: Class initialized using 'CodeIgniter\Session\Handlers\FileHandler' driver.
CRITICAL - 2024-01-10 15:25:59 --> You must set the database table to be used with your query.
in SYSTEMPATH\Database\BaseConnection.php on line 884.
 1 SYSTEMPATH\Model.php(635): CodeIgniter\Database\BaseConnection->table(null)
 2 SYSTEMPATH\Model.php(863): CodeIgniter\Model->builder()
 3 APPPATH\Controllers\DashboardGuru.php(78): CodeIgniter\Model->__call('siswa', [...])
 4 SYSTEMPATH\CodeIgniter.php(942): App\Controllers\DashboardGuru->DataNilai('8')
 5 SYSTEMPATH\CodeIgniter.php(502): CodeIgniter\CodeIgniter->runController(Object(App\Controllers\DashboardGuru))
 6 SYSTEMPATH\CodeIgniter.php(361): CodeIgniter\CodeIgniter->handleRequest(null, Object(Config\Cache), false)
 7 FCPATH\index.php(79): CodeIgniter\CodeIgniter->run()
INFO - 2024-01-10 15:27:43 --> Session: Class initialized using 'CodeIgniter\Session\Handlers\FileHandler' driver.
INFO - 2024-01-10 15:27:48 --> Session: Class initialized using 'CodeIgniter\Session\Handlers\FileHandler' driver.
INFO - 2024-01-10 15:27:48 --> Session: Class initialized using 'CodeIgniter\Session\Handlers\FileHandler' driver.
INFO - 2024-01-10 15:27:51 --> Session: Class initialized using 'CodeIgniter\Session\Handlers\FileHandler' driver.
INFO - 2024-01-10 15:27:53 --> Session: Class initialized using 'CodeIgniter\Session\Handlers\FileHandler' driver.
INFO - 2024-01-10 15:32:53 --> Session: Class initialized using 'CodeIgniter\Session\Handlers\FileHandler' driver.
INFO - 2024-01-10 15:32:57 --> Session: Class initialized using 'CodeIgniter\Session\Handlers\FileHandler' driver.
INFO - 2024-01-10 15:32:59 --> Session: Class initialized using 'CodeIgniter\Session\Handlers\FileHandler' driver.
INFO - 2024-01-10 15:33:07 --> Session: Class initialized using 'CodeIgniter\Session\Handlers\FileHandler' driver.
INFO - 2024-01-10 15:33:07 --> Session: Class initialized using 'CodeIgniter\Session\Handlers\FileHandler' driver.
INFO - 2024-01-10 15:35:42 --> Session: Class initialized using 'CodeIgniter\Session\Handlers\FileHandler' driver.
INFO - 2024-01-10 15:35:44 --> Session: Class initialized using 'CodeIgniter\Session\Handlers\FileHandler' driver.
INFO - 2024-01-10 15:36:01 --> Session: Class initialized using 'CodeIgniter\Session\Handlers\FileHandler' driver.
INFO - 2024-01-10 15:37:51 --> Session: Class initialized using 'CodeIgniter\Session\Handlers\FileHandler' driver.
INFO - 2024-01-10 15:37:54 --> Session: Class initialized using 'CodeIgniter\Session\Handlers\FileHandler' driver.
INFO - 2024-01-10 15:39:24 --> Session: Class initialized using 'CodeIgniter\Session\Handlers\FileHandler' driver.
INFO - 2024-01-10 15:39:43 --> Session: Class initialized using 'CodeIgniter\Session\Handlers\FileHandler' driver.
INFO - 2024-01-10 15:42:55 --> Session: Class initialized using 'CodeIgniter\Session\Handlers\FileHandler' driver.
INFO - 2024-01-10 15:42:58 --> Session: Class initialized using 'CodeIgniter\Session\Handlers\FileHandler' driver.
INFO - 2024-01-10 15:43:02 --> Session: Class initialized using 'CodeIgniter\Session\Handlers\FileHandler' driver.
INFO - 2024-01-10 15:43:04 --> Session: Class initialized using 'CodeIgniter\Session\Handlers\FileHandler' driver.
INFO - 2024-01-10 15:43:38 --> Session: Class initialized using 'CodeIgniter\Session\Handlers\FileHandler' driver.
INFO - 2024-01-10 15:44:48 --> Session: Class initialized using 'CodeIgniter\Session\Handlers\FileHandler' driver.
INFO - 2024-01-10 15:46:15 --> Session: Class initialized using 'CodeIgniter\Session\Handlers\FileHandler' driver.
INFO - 2024-01-10 15:46:58 --> Session: Class initialized using 'CodeIgniter\Session\Handlers\FileHandler' driver.
INFO - 2024-01-10 15:47:29 --> Session: Class initialized using 'CodeIgniter\Session\Handlers\FileHandler' driver.
INFO - 2024-01-10 15:47:34 --> Session: Class initialized using 'CodeIgniter\Session\Handlers\FileHandler' driver.
INFO - 2024-01-10 15:47:34 --> Session: Class initialized using 'CodeIgniter\Session\Handlers\FileHandler' driver.
INFO - 2024-01-10 15:49:28 --> Session: Class initialized using 'CodeIgniter\Session\Handlers\FileHandler' driver.
INFO - 2024-01-10 15:52:53 --> Session: Class initialized using 'CodeIgniter\Session\Handlers\FileHandler' driver.
INFO - 2024-01-10 15:53:03 --> Session: Class initialized using 'CodeIgniter\Session\Handlers\FileHandler' driver.
INFO - 2024-01-10 15:53:05 --> Session: Class initialized using 'CodeIgniter\Session\Handlers\FileHandler' driver.
INFO - 2024-01-10 15:53:08 --> Session: Class initialized using 'CodeIgniter\Session\Handlers\FileHandler' driver.
INFO - 2024-01-10 15:53:09 --> Session: Class initialized using 'CodeIgniter\Session\Handlers\FileHandler' driver.
INFO - 2024-01-10 15:56:52 --> Session: Class initialized using 'CodeIgniter\Session\Handlers\FileHandler' driver.
INFO - 2024-01-10 16:00:48 --> Session: Class initialized using 'CodeIgniter\Session\Handlers\FileHandler' driver.
INFO - 2024-01-10 16:02:30 --> Session: Class initialized using 'CodeIgniter\Session\Handlers\FileHandler' driver.
CRITICAL - 2024-01-10 16:02:30 --> Undefined variable: jadwal
in APPPATH\Views\guru\nilai\v_data_nilai.php on line 40.
 1 APPPATH\Views\guru\nilai\v_data_nilai.php(40): CodeIgniter\Debug\Exceptions->errorHandler(8, 'Undefined variable: jadwal', 'C:\\xampp\\htdocs\\akademik_gatra\\app\\Views\\guru\\nilai\\v_data_nilai.php', 40, [...])
 2 SYSTEMPATH\View\View.php(228): include('C:\\xampp\\htdocs\\akademik_gatra\\app\\Views\\guru\\nilai\\v_data_nilai.php')
 3 SYSTEMPATH\View\View.php(231): CodeIgniter\View\View->CodeIgniter\View\{closure}()
 4 SYSTEMPATH\Common.php(1190): CodeIgniter\View\View->render('guru/nilai/v_data_nilai', [], true)
 5 APPPATH\Views\v_template_admin.php(314): view('guru/nilai/v_data_nilai')
 6 SYSTEMPATH\View\View.php(228): include('C:\\xampp\\htdocs\\akademik_gatra\\app\\Views\\v_template_admin.php')
 7 SYSTEMPATH\View\View.php(231): CodeIgniter\View\View->CodeIgniter\View\{closure}()
 8 SYSTEMPATH\Common.php(1190): CodeIgniter\View\View->render('v_template_admin', [], true)
 9 APPPATH\Controllers\DashboardGuru.php(75): view('v_template_admin', [...])
10 SYSTEMPATH\CodeIgniter.php(942): App\Controllers\DashboardGuru->DataNilai('8')
11 SYSTEMPATH\CodeIgniter.php(502): CodeIgniter\CodeIgniter->runController(Object(App\Controllers\DashboardGuru))
12 SYSTEMPATH\CodeIgniter.php(361): CodeIgniter\CodeIgniter->handleRequest(null, Object(Config\Cache), false)
13 FCPATH\index.php(79): CodeIgniter\CodeIgniter->run()
INFO - 2024-01-10 16:03:01 --> Session: Class initialized using 'CodeIgniter\Session\Handlers\FileHandler' driver.
INFO - 2024-01-10 16:04:28 --> Session: Class initialized using 'CodeIgniter\Session\Handlers\FileHandler' driver.
CRITICAL - 2024-01-10 16:04:28 --> Undefined variable: siswa
in APPPATH\Views\guru\nilai\v_data_nilai.php on line 77.
 1 APPPATH\Views\guru\nilai\v_data_nilai.php(77): CodeIgniter\Debug\Exceptions->errorHandler(8, 'Undefined variable: siswa', 'C:\\xampp\\htdocs\\akademik_gatra\\app\\Views\\guru\\nilai\\v_data_nilai.php', 77, [...])
 2 SYSTEMPATH\View\View.php(228): include('C:\\xampp\\htdocs\\akademik_gatra\\app\\Views\\guru\\nilai\\v_data_nilai.php')
 3 SYSTEMPATH\View\View.php(231): CodeIgniter\View\View->CodeIgniter\View\{closure}()
 4 SYSTEMPATH\Common.php(1190): CodeIgniter\View\View->render('guru/nilai/v_data_nilai', [], true)
 5 APPPATH\Views\v_template_admin.php(314): view('guru/nilai/v_data_nilai')
 6 SYSTEMPATH\View\View.php(228): include('C:\\xampp\\htdocs\\akademik_gatra\\app\\Views\\v_template_admin.php')
 7 SYSTEMPATH\View\View.php(231): CodeIgniter\View\View->CodeIgniter\View\{closure}()
 8 SYSTEMPATH\Common.php(1190): CodeIgniter\View\View->render('v_template_admin', [], true)
 9 APPPATH\Controllers\DashboardGuru.php(76): view('v_template_admin', [...])
10 SYSTEMPATH\CodeIgniter.php(942): App\Controllers\DashboardGuru->DataNilai('8')
11 SYSTEMPATH\CodeIgniter.php(502): CodeIgniter\CodeIgniter->runController(Object(App\Controllers\DashboardGuru))
12 SYSTEMPATH\CodeIgniter.php(361): CodeIgniter\CodeIgniter->handleRequest(null, Object(Config\Cache), false)
13 FCPATH\index.php(79): CodeIgniter\CodeIgniter->run()
INFO - 2024-01-10 16:05:11 --> Session: Class initialized using 'CodeIgniter\Session\Handlers\FileHandler' driver.
INFO - 2024-01-10 16:05:59 --> Session: Class initialized using 'CodeIgniter\Session\Handlers\FileHandler' driver.
INFO - 2024-01-10 16:06:17 --> Session: Class initialized using 'CodeIgniter\Session\Handlers\FileHandler' driver.
INFO - 2024-01-10 16:06:18 --> Session: Class initialized using 'CodeIgniter\Session\Handlers\FileHandler' driver.
INFO - 2024-01-10 16:06:57 --> Session: Class initialized using 'CodeIgniter\Session\Handlers\FileHandler' driver.
INFO - 2024-01-10 16:07:28 --> Session: Class initialized using 'CodeIgniter\Session\Handlers\FileHandler' driver.
INFO - 2024-01-10 16:07:56 --> Session: Class initialized using 'CodeIgniter\Session\Handlers\FileHandler' driver.
INFO - 2024-01-10 16:08:18 --> Session: Class initialized using 'CodeIgniter\Session\Handlers\FileHandler' driver.
INFO - 2024-01-10 16:08:48 --> Session: Class initialized using 'CodeIgniter\Session\Handlers\FileHandler' driver.
INFO - 2024-01-10 16:08:56 --> Session: Class initialized using 'CodeIgniter\Session\Handlers\FileHandler' driver.
INFO - 2024-01-10 16:08:56 --> Session: Class initialized using 'CodeIgniter\Session\Handlers\FileHandler' driver.
INFO - 2024-01-10 16:09:05 --> Session: Class initialized using 'CodeIgniter\Session\Handlers\FileHandler' driver.
INFO - 2024-01-10 16:13:18 --> Session: Class initialized using 'CodeIgniter\Session\Handlers\FileHandler' driver.
INFO - 2024-01-10 16:13:19 --> Session: Class initialized using 'CodeIgniter\Session\Handlers\FileHandler' driver.
INFO - 2024-01-10 16:13:19 --> Session: Class initialized using 'CodeIgniter\Session\Handlers\FileHandler' driver.
INFO - 2024-01-10 16:13:26 --> Session: Class initialized using 'CodeIgniter\Session\Handlers\FileHandler' driver.
INFO - 2024-01-10 16:13:26 --> Session: Class initialized using 'CodeIgniter\Session\Handlers\FileHandler' driver.
INFO - 2024-01-10 16:13:28 --> Session: Class initialized using 'CodeIgniter\Session\Handlers\FileHandler' driver.
INFO - 2024-01-10 16:15:30 --> Session: Class initialized using 'CodeIgniter\Session\Handlers\FileHandler' driver.
INFO - 2024-01-10 16:18:09 --> Session: Class initialized using 'CodeIgniter\Session\Handlers\FileHandler' driver.
CRITICAL - 2024-01-10 16:18:09 --> Undefined variable: nilai
in APPPATH\Views\admin\nilaisiswa\v_index.php on line 20.
 1 APPPATH\Views\admin\nilaisiswa\v_index.php(20): CodeIgniter\Debug\Exceptions->errorHandler(8, 'Undefined variable: nilai', 'C:\\xampp\\htdocs\\akademik_gatra\\app\\Views\\admin\\nilaisiswa\\v_index.php', 20, [...])
 2 SYSTEMPATH\View\View.php(228): include('C:\\xampp\\htdocs\\akademik_gatra\\app\\Views\\admin\\nilaisiswa\\v_index.php')
 3 SYSTEMPATH\View\View.php(231): CodeIgniter\View\View->CodeIgniter\View\{closure}()
 4 SYSTEMPATH\Common.php(1190): CodeIgniter\View\View->render('admin/nilaisiswa/v_index', [], true)
 5 APPPATH\Views\v_template_admin.php(314): view('admin/nilaisiswa/v_index')
 6 SYSTEMPATH\View\View.php(228): include('C:\\xampp\\htdocs\\akademik_gatra\\app\\Views\\v_template_admin.php')
 7 SYSTEMPATH\View\View.php(231): CodeIgniter\View\View->CodeIgniter\View\{closure}()
 8 SYSTEMPATH\Common.php(1190): CodeIgniter\View\View->render('v_template_admin', [], true)
 9 APPPATH\Controllers\NilaiSiswa.php(31): view('v_template_admin', [...])
10 SYSTEMPATH\CodeIgniter.php(942): App\Controllers\NilaiSiswa->index()
11 SYSTEMPATH\CodeIgniter.php(502): CodeIgniter\CodeIgniter->runController(Object(App\Controllers\NilaiSiswa))
12 SYSTEMPATH\CodeIgniter.php(361): CodeIgniter\CodeIgniter->handleRequest(null, Object(Config\Cache), false)
13 FCPATH\index.php(79): CodeIgniter\CodeIgniter->run()
INFO - 2024-01-10 16:19:15 --> Session: Class initialized using 'CodeIgniter\Session\Handlers\FileHandler' driver.
CRITICAL - 2024-01-10 16:19:15 --> Undefined variable: nilai
in APPPATH\Views\admin\nilaisiswa\v_index.php on line 20.
 1 APPPATH\Views\admin\nilaisiswa\v_index.php(20): CodeIgniter\Debug\Exceptions->errorHandler(8, 'Undefined variable: nilai', 'C:\\xampp\\htdocs\\akademik_gatra\\app\\Views\\admin\\nilaisiswa\\v_index.php', 20, [...])
 2 SYSTEMPATH\View\View.php(228): include('C:\\xampp\\htdocs\\akademik_gatra\\app\\Views\\admin\\nilaisiswa\\v_index.php')
 3 SYSTEMPATH\View\View.php(231): CodeIgniter\View\View->CodeIgniter\View\{closure}()
 4 SYSTEMPATH\Common.php(1190): CodeIgniter\View\View->render('admin/nilaisiswa/v_index', [], true)
 5 APPPATH\Views\v_template_admin.php(314): view('admin/nilaisiswa/v_index')
 6 SYSTEMPATH\View\View.php(228): include('C:\\xampp\\htdocs\\akademik_gatra\\app\\Views\\v_template_admin.php')
 7 SYSTEMPATH\View\View.php(231): CodeIgniter\View\View->CodeIgniter\View\{closure}()
 8 SYSTEMPATH\Common.php(1190): CodeIgniter\View\View->render('v_template_admin', [], true)
 9 APPPATH\Controllers\NilaiSiswa.php(31): view('v_template_admin', [...])
10 SYSTEMPATH\CodeIgniter.php(942): App\Controllers\NilaiSiswa->index()
11 SYSTEMPATH\CodeIgniter.php(502): CodeIgniter\CodeIgniter->runController(Object(App\Controllers\NilaiSiswa))
12 SYSTEMPATH\CodeIgniter.php(361): CodeIgniter\CodeIgniter->handleRequest(null, Object(Config\Cache), false)
13 FCPATH\index.php(79): CodeIgniter\CodeIgniter->run()
INFO - 2024-01-10 16:19:18 --> Session: Class initialized using 'CodeIgniter\Session\Handlers\FileHandler' driver.
CRITICAL - 2024-01-10 16:19:18 --> Undefined variable: nilai
in APPPATH\Views\admin\nilaisiswa\v_index.php on line 20.
 1 APPPATH\Views\admin\nilaisiswa\v_index.php(20): CodeIgniter\Debug\Exceptions->errorHandler(8, 'Undefined variable: nilai', 'C:\\xampp\\htdocs\\akademik_gatra\\app\\Views\\admin\\nilaisiswa\\v_index.php', 20, [...])
 2 SYSTEMPATH\View\View.php(228): include('C:\\xampp\\htdocs\\akademik_gatra\\app\\Views\\admin\\nilaisiswa\\v_index.php')
 3 SYSTEMPATH\View\View.php(231): CodeIgniter\View\View->CodeIgniter\View\{closure}()
 4 SYSTEMPATH\Common.php(1190): CodeIgniter\View\View->render('admin/nilaisiswa/v_index', [], true)
 5 APPPATH\Views\v_template_admin.php(314): view('admin/nilaisiswa/v_index')
 6 SYSTEMPATH\View\View.php(228): include('C:\\xampp\\htdocs\\akademik_gatra\\app\\Views\\v_template_admin.php')
 7 SYSTEMPATH\View\View.php(231): CodeIgniter\View\View->CodeIgniter\View\{closure}()
 8 SYSTEMPATH\Common.php(1190): CodeIgniter\View\View->render('v_template_admin', [], true)
 9 APPPATH\Controllers\NilaiSiswa.php(31): view('v_template_admin', [...])
10 SYSTEMPATH\CodeIgniter.php(942): App\Controllers\NilaiSiswa->index()
11 SYSTEMPATH\CodeIgniter.php(502): CodeIgniter\CodeIgniter->runController(Object(App\Controllers\NilaiSiswa))
12 SYSTEMPATH\CodeIgniter.php(361): CodeIgniter\CodeIgniter->handleRequest(null, Object(Config\Cache), false)
13 FCPATH\index.php(79): CodeIgniter\CodeIgniter->run()
INFO - 2024-01-10 16:20:01 --> Session: Class initialized using 'CodeIgniter\Session\Handlers\FileHandler' driver.
CRITICAL - 2024-01-10 16:20:01 --> Undefined variable: nilai
in APPPATH\Views\admin\nilaisiswa\v_index.php on line 20.
 1 APPPATH\Views\admin\nilaisiswa\v_index.php(20): CodeIgniter\Debug\Exceptions->errorHandler(8, 'Undefined variable: nilai', 'C:\\xampp\\htdocs\\akademik_gatra\\app\\Views\\admin\\nilaisiswa\\v_index.php', 20, [...])
 2 SYSTEMPATH\View\View.php(228): include('C:\\xampp\\htdocs\\akademik_gatra\\app\\Views\\admin\\nilaisiswa\\v_index.php')
 3 SYSTEMPATH\View\View.php(231): CodeIgniter\View\View->CodeIgniter\View\{closure}()
 4 SYSTEMPATH\Common.php(1190): CodeIgniter\View\View->render('admin/nilaisiswa/v_index', [], true)
 5 APPPATH\Views\v_template_admin.php(314): view('admin/nilaisiswa/v_index')
 6 SYSTEMPATH\View\View.php(228): include('C:\\xampp\\htdocs\\akademik_gatra\\app\\Views\\v_template_admin.php')
 7 SYSTEMPATH\View\View.php(231): CodeIgniter\View\View->CodeIgniter\View\{closure}()
 8 SYSTEMPATH\Common.php(1190): CodeIgniter\View\View->render('v_template_admin', [], true)
 9 APPPATH\Controllers\NilaiSiswa.php(31): view('v_template_admin', [...])
10 SYSTEMPATH\CodeIgniter.php(942): App\Controllers\NilaiSiswa->index()
11 SYSTEMPATH\CodeIgniter.php(502): CodeIgniter\CodeIgniter->runController(Object(App\Controllers\NilaiSiswa))
12 SYSTEMPATH\CodeIgniter.php(361): CodeIgniter\CodeIgniter->handleRequest(null, Object(Config\Cache), false)
13 FCPATH\index.php(79): CodeIgniter\CodeIgniter->run()
INFO - 2024-01-10 16:21:12 --> Session: Class initialized using 'CodeIgniter\Session\Handlers\FileHandler' driver.
INFO - 2024-01-10 16:21:15 --> Session: Class initialized using 'CodeIgniter\Session\Handlers\FileHandler' driver.
CRITICAL - 2024-01-10 16:21:15 --> Undefined variable: nilai
in APPPATH\Views\admin\nilaisiswa\v_index.php on line 20.
 1 APPPATH\Views\admin\nilaisiswa\v_index.php(20): CodeIgniter\Debug\Exceptions->errorHandler(8, 'Undefined variable: nilai', 'C:\\xampp\\htdocs\\akademik_gatra\\app\\Views\\admin\\nilaisiswa\\v_index.php', 20, [...])
 2 SYSTEMPATH\View\View.php(228): include('C:\\xampp\\htdocs\\akademik_gatra\\app\\Views\\admin\\nilaisiswa\\v_index.php')
 3 SYSTEMPATH\View\View.php(231): CodeIgniter\View\View->CodeIgniter\View\{closure}()
 4 SYSTEMPATH\Common.php(1190): CodeIgniter\View\View->render('admin/nilaisiswa/v_index', [], true)
 5 APPPATH\Views\v_template_admin.php(314): view('admin/nilaisiswa/v_index')
 6 SYSTEMPATH\View\View.php(228): include('C:\\xampp\\htdocs\\akademik_gatra\\app\\Views\\v_template_admin.php')
 7 SYSTEMPATH\View\View.php(231): CodeIgniter\View\View->CodeIgniter\View\{closure}()
 8 SYSTEMPATH\Common.php(1190): CodeIgniter\View\View->render('v_template_admin', [], true)
 9 APPPATH\Controllers\NilaiSiswa.php(31): view('v_template_admin', [...])
10 SYSTEMPATH\CodeIgniter.php(942): App\Controllers\NilaiSiswa->index()
11 SYSTEMPATH\CodeIgniter.php(502): CodeIgniter\CodeIgniter->runController(Object(App\Controllers\NilaiSiswa))
12 SYSTEMPATH\CodeIgniter.php(361): CodeIgniter\CodeIgniter->handleRequest(null, Object(Config\Cache), false)
13 FCPATH\index.php(79): CodeIgniter\CodeIgniter->run()
INFO - 2024-01-10 16:23:21 --> Session: Class initialized using 'CodeIgniter\Session\Handlers\FileHandler' driver.
INFO - 2024-01-10 16:23:24 --> Session: Class initialized using 'CodeIgniter\Session\Handlers\FileHandler' driver.
INFO - 2024-01-10 16:23:26 --> Session: Class initialized using 'CodeIgniter\Session\Handlers\FileHandler' driver.
INFO - 2024-01-10 16:24:54 --> Session: Class initialized using 'CodeIgniter\Session\Handlers\FileHandler' driver.
INFO - 2024-01-10 16:24:56 --> Session: Class initialized using 'CodeIgniter\Session\Handlers\FileHandler' driver.
INFO - 2024-01-10 16:24:58 --> Session: Class initialized using 'CodeIgniter\Session\Handlers\FileHandler' driver.
INFO - 2024-01-10 16:25:44 --> Session: Class initialized using 'CodeIgniter\Session\Handlers\FileHandler' driver.
INFO - 2024-01-10 16:25:46 --> Session: Class initialized using 'CodeIgniter\Session\Handlers\FileHandler' driver.
CRITICAL - 2024-01-10 16:25:46 --> Invalid file: "admin/nilaisiswa/v_nilaisiswa.php"
in SYSTEMPATH\Exceptions\FrameworkException.php on line 39.
 1 SYSTEMPATH\View\View.php(216): CodeIgniter\Exceptions\FrameworkException::forInvalidFile('admin/nilaisiswa/v_nilaisiswa.php')
 2 SYSTEMPATH\Common.php(1190): CodeIgniter\View\View->render('admin/nilaisiswa/v_nilaisiswa', [], true)
 3 APPPATH\Views\v_template_admin.php(314): view('admin/nilaisiswa/v_nilaisiswa')
 4 SYSTEMPATH\View\View.php(228): include('C:\\xampp\\htdocs\\akademik_gatra\\app\\Views\\v_template_admin.php')
 5 SYSTEMPATH\View\View.php(231): CodeIgniter\View\View->CodeIgniter\View\{closure}()
 6 SYSTEMPATH\Common.php(1190): CodeIgniter\View\View->render('v_template_admin', [], true)
 7 APPPATH\Controllers\NilaiSiswa.php(43): view('v_template_admin', [...])
 8 SYSTEMPATH\CodeIgniter.php(942): App\Controllers\NilaiSiswa->DetailRombel('1')
 9 SYSTEMPATH\CodeIgniter.php(502): CodeIgniter\CodeIgniter->runController(Object(App\Controllers\NilaiSiswa))
10 SYSTEMPATH\CodeIgniter.php(361): CodeIgniter\CodeIgniter->handleRequest(null, Object(Config\Cache), false)
11 FCPATH\index.php(79): CodeIgniter\CodeIgniter->run()
INFO - 2024-01-10 16:26:40 --> Session: Class initialized using 'CodeIgniter\Session\Handlers\FileHandler' driver.
CRITICAL - 2024-01-10 16:26:40 --> Invalid file: "admin/nilaisiswa/v_nilaisiswa.php"
in SYSTEMPATH\Exceptions\FrameworkException.php on line 39.
 1 SYSTEMPATH\View\View.php(216): CodeIgniter\Exceptions\FrameworkException::forInvalidFile('admin/nilaisiswa/v_nilaisiswa.php')
 2 SYSTEMPATH\Common.php(1190): CodeIgniter\View\View->render('admin/nilaisiswa/v_nilaisiswa', [], true)
 3 APPPATH\Views\v_template_admin.php(314): view('admin/nilaisiswa/v_nilaisiswa')
 4 SYSTEMPATH\View\View.php(228): include('C:\\xampp\\htdocs\\akademik_gatra\\app\\Views\\v_template_admin.php')
 5 SYSTEMPATH\View\View.php(231): CodeIgniter\View\View->CodeIgniter\View\{closure}()
 6 SYSTEMPATH\Common.php(1190): CodeIgniter\View\View->render('v_template_admin', [], true)
 7 APPPATH\Controllers\NilaiSiswa.php(43): view('v_template_admin', [...])
 8 SYSTEMPATH\CodeIgniter.php(942): App\Controllers\NilaiSiswa->DetailRombel('1')
 9 SYSTEMPATH\CodeIgniter.php(502): CodeIgniter\CodeIgniter->runController(Object(App\Controllers\NilaiSiswa))
10 SYSTEMPATH\CodeIgniter.php(361): CodeIgniter\CodeIgniter->handleRequest(null, Object(Config\Cache), false)
11 FCPATH\index.php(79): CodeIgniter\CodeIgniter->run()
INFO - 2024-01-10 16:26:43 --> Session: Class initialized using 'CodeIgniter\Session\Handlers\FileHandler' driver.
CRITICAL - 2024-01-10 16:26:43 --> Invalid file: "admin/nilaisiswa/v_nilaisiswa.php"
in SYSTEMPATH\Exceptions\FrameworkException.php on line 39.
 1 SYSTEMPATH\View\View.php(216): CodeIgniter\Exceptions\FrameworkException::forInvalidFile('admin/nilaisiswa/v_nilaisiswa.php')
 2 SYSTEMPATH\Common.php(1190): CodeIgniter\View\View->render('admin/nilaisiswa/v_nilaisiswa', [], true)
 3 APPPATH\Views\v_template_admin.php(314): view('admin/nilaisiswa/v_nilaisiswa')
 4 SYSTEMPATH\View\View.php(228): include('C:\\xampp\\htdocs\\akademik_gatra\\app\\Views\\v_template_admin.php')
 5 SYSTEMPATH\View\View.php(231): CodeIgniter\View\View->CodeIgniter\View\{closure}()
 6 SYSTEMPATH\Common.php(1190): CodeIgniter\View\View->render('v_template_admin', [], true)
 7 APPPATH\Controllers\NilaiSiswa.php(43): view('v_template_admin', [...])
 8 SYSTEMPATH\CodeIgniter.php(942): App\Controllers\NilaiSiswa->DetailRombel('1')
 9 SYSTEMPATH\CodeIgniter.php(502): CodeIgniter\CodeIgniter->runController(Object(App\Controllers\NilaiSiswa))
10 SYSTEMPATH\CodeIgniter.php(361): CodeIgniter\CodeIgniter->handleRequest(null, Object(Config\Cache), false)
11 FCPATH\index.php(79): CodeIgniter\CodeIgniter->run()
INFO - 2024-01-10 16:27:21 --> Session: Class initialized using 'CodeIgniter\Session\Handlers\FileHandler' driver.
CRITICAL - 2024-01-10 16:27:21 --> Undefined index: kode_mapel
in APPPATH\Views\admin\nilaisiswa\v_nilaisiswa.php on line 33.
 1 APPPATH\Views\admin\nilaisiswa\v_nilaisiswa.php(33): CodeIgniter\Debug\Exceptions->errorHandler(8, 'Undefined index: kode_mapel', 'C:\\xampp\\htdocs\\akademik_gatra\\app\\Views\\admin\\nilaisiswa\\v_nilaisiswa.php', 33, [...])
 2 SYSTEMPATH\View\View.php(228): include('C:\\xampp\\htdocs\\akademik_gatra\\app\\Views\\admin\\nilaisiswa\\v_nilaisiswa.php')
 3 SYSTEMPATH\View\View.php(231): CodeIgniter\View\View->CodeIgniter\View\{closure}()
 4 SYSTEMPATH\Common.php(1190): CodeIgniter\View\View->render('admin/nilaisiswa/v_nilaisiswa', [], true)
 5 APPPATH\Views\v_template_admin.php(314): view('admin/nilaisiswa/v_nilaisiswa')
 6 SYSTEMPATH\View\View.php(228): include('C:\\xampp\\htdocs\\akademik_gatra\\app\\Views\\v_template_admin.php')
 7 SYSTEMPATH\View\View.php(231): CodeIgniter\View\View->CodeIgniter\View\{closure}()
 8 SYSTEMPATH\Common.php(1190): CodeIgniter\View\View->render('v_template_admin', [], true)
 9 APPPATH\Controllers\NilaiSiswa.php(43): view('v_template_admin', [...])
10 SYSTEMPATH\CodeIgniter.php(942): App\Controllers\NilaiSiswa->DetailRombel('1')
11 SYSTEMPATH\CodeIgniter.php(502): CodeIgniter\CodeIgniter->runController(Object(App\Controllers\NilaiSiswa))
12 SYSTEMPATH\CodeIgniter.php(361): CodeIgniter\CodeIgniter->handleRequest(null, Object(Config\Cache), false)
13 FCPATH\index.php(79): CodeIgniter\CodeIgniter->run()
INFO - 2024-01-10 16:28:24 --> Session: Class initialized using 'CodeIgniter\Session\Handlers\FileHandler' driver.
CRITICAL - 2024-01-10 16:28:24 --> Undefined index: kode_mapel
in APPPATH\Views\admin\nilaisiswa\v_nilaisiswa.php on line 33.
 1 APPPATH\Views\admin\nilaisiswa\v_nilaisiswa.php(33): CodeIgniter\Debug\Exceptions->errorHandler(8, 'Undefined index: kode_mapel', 'C:\\xampp\\htdocs\\akademik_gatra\\app\\Views\\admin\\nilaisiswa\\v_nilaisiswa.php', 33, [...])
 2 SYSTEMPATH\View\View.php(228): include('C:\\xampp\\htdocs\\akademik_gatra\\app\\Views\\admin\\nilaisiswa\\v_nilaisiswa.php')
 3 SYSTEMPATH\View\View.php(231): CodeIgniter\View\View->CodeIgniter\View\{closure}()
 4 SYSTEMPATH\Common.php(1190): CodeIgniter\View\View->render('admin/nilaisiswa/v_nilaisiswa', [], true)
 5 APPPATH\Views\v_template_admin.php(314): view('admin/nilaisiswa/v_nilaisiswa')
 6 SYSTEMPATH\View\View.php(228): include('C:\\xampp\\htdocs\\akademik_gatra\\app\\Views\\v_template_admin.php')
 7 SYSTEMPATH\View\View.php(231): CodeIgniter\View\View->CodeIgniter\View\{closure}()
 8 SYSTEMPATH\Common.php(1190): CodeIgniter\View\View->render('v_template_admin', [], true)
 9 APPPATH\Controllers\NilaiSiswa.php(43): view('v_template_admin', [...])
10 SYSTEMPATH\CodeIgniter.php(942): App\Controllers\NilaiSiswa->DetailRombel('1')
11 SYSTEMPATH\CodeIgniter.php(502): CodeIgniter\CodeIgniter->runController(Object(App\Controllers\NilaiSiswa))
12 SYSTEMPATH\CodeIgniter.php(361): CodeIgniter\CodeIgniter->handleRequest(null, Object(Config\Cache), false)
13 FCPATH\index.php(79): CodeIgniter\CodeIgniter->run()
INFO - 2024-01-10 16:28:26 --> Session: Class initialized using 'CodeIgniter\Session\Handlers\FileHandler' driver.
INFO - 2024-01-10 16:28:29 --> Session: Class initialized using 'CodeIgniter\Session\Handlers\FileHandler' driver.
INFO - 2024-01-10 16:28:44 --> Session: Class initialized using 'CodeIgniter\Session\Handlers\FileHandler' driver.
CRITICAL - 2024-01-10 16:28:44 --> Undefined index: kode_mapel
in APPPATH\Views\admin\nilaisiswa\v_nilaisiswa.php on line 33.
 1 APPPATH\Views\admin\nilaisiswa\v_nilaisiswa.php(33): CodeIgniter\Debug\Exceptions->errorHandler(8, 'Undefined index: kode_mapel', 'C:\\xampp\\htdocs\\akademik_gatra\\app\\Views\\admin\\nilaisiswa\\v_nilaisiswa.php', 33, [...])
 2 SYSTEMPATH\View\View.php(228): include('C:\\xampp\\htdocs\\akademik_gatra\\app\\Views\\admin\\nilaisiswa\\v_nilaisiswa.php')
 3 SYSTEMPATH\View\View.php(231): CodeIgniter\View\View->CodeIgniter\View\{closure}()
 4 SYSTEMPATH\Common.php(1190): CodeIgniter\View\View->render('admin/nilaisiswa/v_nilaisiswa', [], true)
 5 APPPATH\Views\v_template_admin.php(314): view('admin/nilaisiswa/v_nilaisiswa')
 6 SYSTEMPATH\View\View.php(228): include('C:\\xampp\\htdocs\\akademik_gatra\\app\\Views\\v_template_admin.php')
 7 SYSTEMPATH\View\View.php(231): CodeIgniter\View\View->CodeIgniter\View\{closure}()
 8 SYSTEMPATH\Common.php(1190): CodeIgniter\View\View->render('v_template_admin', [], true)
 9 APPPATH\Controllers\NilaiSiswa.php(43): view('v_template_admin', [...])
10 SYSTEMPATH\CodeIgniter.php(942): App\Controllers\NilaiSiswa->DetailRombel('1')
11 SYSTEMPATH\CodeIgniter.php(502): CodeIgniter\CodeIgniter->runController(Object(App\Controllers\NilaiSiswa))
12 SYSTEMPATH\CodeIgniter.php(361): CodeIgniter\CodeIgniter->handleRequest(null, Object(Config\Cache), false)
13 FCPATH\index.php(79): CodeIgniter\CodeIgniter->run()
INFO - 2024-01-10 16:30:26 --> Session: Class initialized using 'CodeIgniter\Session\Handlers\FileHandler' driver.
CRITICAL - 2024-01-10 16:30:26 --> Undefined index: kode_mapel
in APPPATH\Views\admin\nilaisiswa\v_nilaisiswa.php on line 33.
 1 APPPATH\Views\admin\nilaisiswa\v_nilaisiswa.php(33): CodeIgniter\Debug\Exceptions->errorHandler(8, 'Undefined index: kode_mapel', 'C:\\xampp\\htdocs\\akademik_gatra\\app\\Views\\admin\\nilaisiswa\\v_nilaisiswa.php', 33, [...])
 2 SYSTEMPATH\View\View.php(228): include('C:\\xampp\\htdocs\\akademik_gatra\\app\\Views\\admin\\nilaisiswa\\v_nilaisiswa.php')
 3 SYSTEMPATH\View\View.php(231): CodeIgniter\View\View->CodeIgniter\View\{closure}()
 4 SYSTEMPATH\Common.php(1190): CodeIgniter\View\View->render('admin/nilaisiswa/v_nilaisiswa', [], true)
 5 APPPATH\Views\v_template_admin.php(314): view('admin/nilaisiswa/v_nilaisiswa')
 6 SYSTEMPATH\View\View.php(228): include('C:\\xampp\\htdocs\\akademik_gatra\\app\\Views\\v_template_admin.php')
 7 SYSTEMPATH\View\View.php(231): CodeIgniter\View\View->CodeIgniter\View\{closure}()
 8 SYSTEMPATH\Common.php(1190): CodeIgniter\View\View->render('v_template_admin', [], true)
 9 APPPATH\Controllers\NilaiSiswa.php(43): view('v_template_admin', [...])
10 SYSTEMPATH\CodeIgniter.php(942): App\Controllers\NilaiSiswa->DetailRombel('1')
11 SYSTEMPATH\CodeIgniter.php(502): CodeIgniter\CodeIgniter->runController(Object(App\Controllers\NilaiSiswa))
12 SYSTEMPATH\CodeIgniter.php(361): CodeIgniter\CodeIgniter->handleRequest(null, Object(Config\Cache), false)
13 FCPATH\index.php(79): CodeIgniter\CodeIgniter->run()
INFO - 2024-01-10 16:30:29 --> Session: Class initialized using 'CodeIgniter\Session\Handlers\FileHandler' driver.
INFO - 2024-01-10 16:30:31 --> Session: Class initialized using 'CodeIgniter\Session\Handlers\FileHandler' driver.
INFO - 2024-01-10 16:32:09 --> Session: Class initialized using 'CodeIgniter\Session\Handlers\FileHandler' driver.
CRITICAL - 2024-01-10 16:32:09 --> Invalid file: "admin/nilaisiswa/v_nilaisiswa.php"
in SYSTEMPATH\Exceptions\FrameworkException.php on line 39.
 1 SYSTEMPATH\View\View.php(216): CodeIgniter\Exceptions\FrameworkException::forInvalidFile('admin/nilaisiswa/v_nilaisiswa.php')
 2 SYSTEMPATH\Common.php(1190): CodeIgniter\View\View->render('admin/nilaisiswa/v_nilaisiswa', [], true)
 3 APPPATH\Views\v_template_admin.php(314): view('admin/nilaisiswa/v_nilaisiswa')
 4 SYSTEMPATH\View\View.php(228): include('C:\\xampp\\htdocs\\akademik_gatra\\app\\Views\\v_template_admin.php')
 5 SYSTEMPATH\View\View.php(231): CodeIgniter\View\View->CodeIgniter\View\{closure}()
 6 SYSTEMPATH\Common.php(1190): CodeIgniter\View\View->render('v_template_admin', [], true)
 7 APPPATH\Controllers\NilaiSiswa.php(43): view('v_template_admin', [...])
 8 SYSTEMPATH\CodeIgniter.php(942): App\Controllers\NilaiSiswa->DetailRombel('1')
 9 SYSTEMPATH\CodeIgniter.php(502): CodeIgniter\CodeIgniter->runController(Object(App\Controllers\NilaiSiswa))
10 SYSTEMPATH\CodeIgniter.php(361): CodeIgniter\CodeIgniter->handleRequest(null, Object(Config\Cache), false)
11 FCPATH\index.php(79): CodeIgniter\CodeIgniter->run()
INFO - 2024-01-10 16:33:36 --> Session: Class initialized using 'CodeIgniter\Session\Handlers\FileHandler' driver.
CRITICAL - 2024-01-10 16:33:36 --> Invalid file: "admin/nilaisiswa/v_nilaisiswa.php"
in SYSTEMPATH\Exceptions\FrameworkException.php on line 39.
 1 SYSTEMPATH\View\View.php(216): CodeIgniter\Exceptions\FrameworkException::forInvalidFile('admin/nilaisiswa/v_nilaisiswa.php')
 2 SYSTEMPATH\Common.php(1190): CodeIgniter\View\View->render('admin/nilaisiswa/v_nilaisiswa', [], true)
 3 APPPATH\Views\v_template_admin.php(314): view('admin/nilaisiswa/v_nilaisiswa')
 4 SYSTEMPATH\View\View.php(228): include('C:\\xampp\\htdocs\\akademik_gatra\\app\\Views\\v_template_admin.php')
 5 SYSTEMPATH\View\View.php(231): CodeIgniter\View\View->CodeIgniter\View\{closure}()
 6 SYSTEMPATH\Common.php(1190): CodeIgniter\View\View->render('v_template_admin', [], true)
 7 APPPATH\Controllers\NilaiSiswa.php(43): view('v_template_admin', [...])
 8 SYSTEMPATH\CodeIgniter.php(942): App\Controllers\NilaiSiswa->DetailRombel('1')
 9 SYSTEMPATH\CodeIgniter.php(502): CodeIgniter\CodeIgniter->runController(Object(App\Controllers\NilaiSiswa))
10 SYSTEMPATH\CodeIgniter.php(361): CodeIgniter\CodeIgniter->handleRequest(null, Object(Config\Cache), false)
11 FCPATH\index.php(79): CodeIgniter\CodeIgniter->run()
INFO - 2024-01-10 16:33:49 --> Session: Class initialized using 'CodeIgniter\Session\Handlers\FileHandler' driver.
INFO - 2024-01-10 16:34:50 --> Session: Class initialized using 'CodeIgniter\Session\Handlers\FileHandler' driver.
INFO - 2024-01-10 16:34:55 --> Session: Class initialized using 'CodeIgniter\Session\Handlers\FileHandler' driver.
INFO - 2024-01-10 16:35:05 --> Session: Class initialized using 'CodeIgniter\Session\Handlers\FileHandler' driver.
INFO - 2024-01-10 16:35:12 --> Session: Class initialized using 'CodeIgniter\Session\Handlers\FileHandler' driver.
INFO - 2024-01-10 16:35:16 --> Session: Class initialized using 'CodeIgniter\Session\Handlers\FileHandler' driver.
INFO - 2024-01-10 16:36:30 --> Session: Class initialized using 'CodeIgniter\Session\Handlers\FileHandler' driver.
INFO - 2024-01-10 16:37:49 --> Session: Class initialized using 'CodeIgniter\Session\Handlers\FileHandler' driver.
INFO - 2024-01-10 16:37:52 --> Session: Class initialized using 'CodeIgniter\Session\Handlers\FileHandler' driver.
INFO - 2024-01-10 16:40:26 --> Session: Class initialized using 'CodeIgniter\Session\Handlers\FileHandler' driver.
CRITICAL - 2024-01-10 16:40:26 --> Undefined property: App\Controllers\NilaiSiswa::$ModelNIlai
in APPPATH\Controllers\NilaiSiswa.php on line 41.
 1 APPPATH\Controllers\NilaiSiswa.php(41): CodeIgniter\Debug\Exceptions->errorHandler(8, 'Undefined property: App\\Controllers\\NilaiSiswa::$ModelNIlai', 'C:\\xampp\\htdocs\\akademik_gatra\\app\\Controllers\\NilaiSiswa.php', 41, [...])
 2 SYSTEMPATH\CodeIgniter.php(942): App\Controllers\NilaiSiswa->DetailRombel('1')
 3 SYSTEMPATH\CodeIgniter.php(502): CodeIgniter\CodeIgniter->runController(Object(App\Controllers\NilaiSiswa))
 4 SYSTEMPATH\CodeIgniter.php(361): CodeIgniter\CodeIgniter->handleRequest(null, Object(Config\Cache), false)
 5 FCPATH\index.php(79): CodeIgniter\CodeIgniter->run()
INFO - 2024-01-10 16:44:45 --> Session: Class initialized using 'CodeIgniter\Session\Handlers\FileHandler' driver.
INFO - 2024-01-10 16:45:03 --> Session: Class initialized using 'CodeIgniter\Session\Handlers\FileHandler' driver.
INFO - 2024-01-10 16:45:07 --> Session: Class initialized using 'CodeIgniter\Session\Handlers\FileHandler' driver.
INFO - 2024-01-10 16:46:09 --> Session: Class initialized using 'CodeIgniter\Session\Handlers\FileHandler' driver.
INFO - 2024-01-10 16:46:12 --> Session: Class initialized using 'CodeIgniter\Session\Handlers\FileHandler' driver.
INFO - 2024-01-10 16:46:15 --> Session: Class initialized using 'CodeIgniter\Session\Handlers\FileHandler' driver.
INFO - 2024-01-10 16:46:28 --> Session: Class initialized using 'CodeIgniter\Session\Handlers\FileHandler' driver.
INFO - 2024-01-10 16:46:31 --> Session: Class initialized using 'CodeIgniter\Session\Handlers\FileHandler' driver.
INFO - 2024-01-10 16:46:35 --> Session: Class initialized using 'CodeIgniter\Session\Handlers\FileHandler' driver.
INFO - 2024-01-10 16:46:37 --> Session: Class initialized using 'CodeIgniter\Session\Handlers\FileHandler' driver.
INFO - 2024-01-10 16:47:23 --> Session: Class initialized using 'CodeIgniter\Session\Handlers\FileHandler' driver.
INFO - 2024-01-10 17:21:15 --> Session: Class initialized using 'CodeIgniter\Session\Handlers\FileHandler' driver.
INFO - 2024-01-10 17:21:15 --> Session: Class initialized using 'CodeIgniter\Session\Handlers\FileHandler' driver.
INFO - 2024-01-10 17:24:43 --> Session: Class initialized using 'CodeIgniter\Session\Handlers\FileHandler' driver.
INFO - 2024-01-10 17:24:46 --> Session: Class initialized using 'CodeIgniter\Session\Handlers\FileHandler' driver.
INFO - 2024-01-10 17:25:13 --> Session: Class initialized using 'CodeIgniter\Session\Handlers\FileHandler' driver.
INFO - 2024-01-10 17:25:13 --> Session: Class initialized using 'CodeIgniter\Session\Handlers\FileHandler' driver.
INFO - 2024-01-10 17:25:13 --> Session: Class initialized using 'CodeIgniter\Session\Handlers\FileHandler' driver.
INFO - 2024-01-10 17:25:19 --> Session: Class initialized using 'CodeIgniter\Session\Handlers\FileHandler' driver.
INFO - 2024-01-10 17:25:20 --> Session: Class initialized using 'CodeIgniter\Session\Handlers\FileHandler' driver.
INFO - 2024-01-10 17:25:23 --> Session: Class initialized using 'CodeIgniter\Session\Handlers\FileHandler' driver.
INFO - 2024-01-10 17:25:50 --> Session: Class initialized using 'CodeIgniter\Session\Handlers\FileHandler' driver.
INFO - 2024-01-10 17:25:52 --> Session: Class initialized using 'CodeIgniter\Session\Handlers\FileHandler' driver.
INFO - 2024-01-10 17:30:28 --> Session: Class initialized using 'CodeIgniter\Session\Handlers\FileHandler' driver.
INFO - 2024-01-10 17:31:35 --> Session: Class initialized using 'CodeIgniter\Session\Handlers\FileHandler' driver.
INFO - 2024-01-10 17:31:35 --> Session: Class initialized using 'CodeIgniter\Session\Handlers\FileHandler' driver.
INFO - 2024-01-10 17:34:54 --> Session: Class initialized using 'CodeIgniter\Session\Handlers\FileHandler' driver.
INFO - 2024-01-10 17:37:54 --> Session: Class initialized using 'CodeIgniter\Session\Handlers\FileHandler' driver.
INFO - 2024-01-10 17:37:56 --> Session: Class initialized using 'CodeIgniter\Session\Handlers\FileHandler' driver.
INFO - 2024-01-10 17:38:21 --> Session: Class initialized using 'CodeIgniter\Session\Handlers\FileHandler' driver.
INFO - 2024-01-10 17:38:21 --> Session: Class initialized using 'CodeIgniter\Session\Handlers\FileHandler' driver.
INFO - 2024-01-10 17:45:17 --> Session: Class initialized using 'CodeIgniter\Session\Handlers\FileHandler' driver.
INFO - 2024-01-10 17:50:15 --> Session: Class initialized using 'CodeIgniter\Session\Handlers\FileHandler' driver.
CRITICAL - 2024-01-10 17:50:15 --> Too few arguments to function App\Models\ModelDashboardGuru::JadwalGuru(), 1 passed in C:\xampp\htdocs\akademik_gatra\app\Controllers\DashboardGuru.php on line 40 and exactly 2 expected
in APPPATH\Models\ModelDashboardGuru.php on line 15.
 1 APPPATH\Controllers\DashboardGuru.php(40): App\Models\ModelDashboardGuru->JadwalGuru('17')
 2 SYSTEMPATH\CodeIgniter.php(942): App\Controllers\DashboardGuru->JadwalMengajar()
 3 SYSTEMPATH\CodeIgniter.php(502): CodeIgniter\CodeIgniter->runController(Object(App\Controllers\DashboardGuru))
 4 SYSTEMPATH\CodeIgniter.php(361): CodeIgniter\CodeIgniter->handleRequest(null, Object(Config\Cache), false)
 5 FCPATH\index.php(79): CodeIgniter\CodeIgniter->run()
INFO - 2024-01-10 17:52:48 --> Session: Class initialized using 'CodeIgniter\Session\Handlers\FileHandler' driver.
INFO - 2024-01-10 17:53:08 --> Session: Class initialized using 'CodeIgniter\Session\Handlers\FileHandler' driver.
INFO - 2024-01-10 17:53:10 --> Session: Class initialized using 'CodeIgniter\Session\Handlers\FileHandler' driver.
INFO - 2024-01-10 18:01:22 --> Session: Class initialized using 'CodeIgniter\Session\Handlers\FileHandler' driver.
INFO - 2024-01-10 18:02:30 --> Session: Class initialized using 'CodeIgniter\Session\Handlers\FileHandler' driver.
INFO - 2024-01-10 18:15:48 --> Session: Class initialized using 'CodeIgniter\Session\Handlers\FileHandler' driver.
CRITICAL - 2024-01-10 18:15:48 --> Array to string conversion
in APPPATH\Views\guru\nilai\v_data_nilai.php on line 57.
 1 APPPATH\Views\guru\nilai\v_data_nilai.php(57): CodeIgniter\Debug\Exceptions->errorHandler(8, 'Array to string conversion', 'C:\\xampp\\htdocs\\akademik_gatra\\app\\Views\\guru\\nilai\\v_data_nilai.php', 57, [...])
 2 SYSTEMPATH\View\View.php(228): include('C:\\xampp\\htdocs\\akademik_gatra\\app\\Views\\guru\\nilai\\v_data_nilai.php')
 3 SYSTEMPATH\View\View.php(231): CodeIgniter\View\View->CodeIgniter\View\{closure}()
 4 SYSTEMPATH\Common.php(1190): CodeIgniter\View\View->render('guru/nilai/v_data_nilai', [], true)
 5 APPPATH\Views\v_template_admin.php(314): view('guru/nilai/v_data_nilai')
 6 SYSTEMPATH\View\View.php(228): include('C:\\xampp\\htdocs\\akademik_gatra\\app\\Views\\v_template_admin.php')
 7 SYSTEMPATH\View\View.php(231): CodeIgniter\View\View->CodeIgniter\View\{closure}()
 8 SYSTEMPATH\Common.php(1190): CodeIgniter\View\View->render('v_template_admin', [], true)
 9 APPPATH\Controllers\DashboardGuru.php(76): view('v_template_admin', [...])
10 SYSTEMPATH\CodeIgniter.php(942): App\Controllers\DashboardGuru->DataNilai('8')
11 SYSTEMPATH\CodeIgniter.php(502): CodeIgniter\CodeIgniter->runController(Object(App\Controllers\DashboardGuru))
12 SYSTEMPATH\CodeIgniter.php(361): CodeIgniter\CodeIgniter->handleRequest(null, Object(Config\Cache), false)
13 FCPATH\index.php(79): CodeIgniter\CodeIgniter->run()
INFO - 2024-01-10 18:16:25 --> Session: Class initialized using 'CodeIgniter\Session\Handlers\FileHandler' driver.
CRITICAL - 2024-01-10 18:16:25 --> Array to string conversion
in APPPATH\Views\guru\nilai\v_data_nilai.php on line 57.
 1 APPPATH\Views\guru\nilai\v_data_nilai.php(57): CodeIgniter\Debug\Exceptions->errorHandler(8, 'Array to string conversion', 'C:\\xampp\\htdocs\\akademik_gatra\\app\\Views\\guru\\nilai\\v_data_nilai.php', 57, [...])
 2 SYSTEMPATH\View\View.php(228): include('C:\\xampp\\htdocs\\akademik_gatra\\app\\Views\\guru\\nilai\\v_data_nilai.php')
 3 SYSTEMPATH\View\View.php(231): CodeIgniter\View\View->CodeIgniter\View\{closure}()
 4 SYSTEMPATH\Common.php(1190): CodeIgniter\View\View->render('guru/nilai/v_data_nilai', [], true)
 5 APPPATH\Views\v_template_admin.php(314): view('guru/nilai/v_data_nilai')
 6 SYSTEMPATH\View\View.php(228): include('C:\\xampp\\htdocs\\akademik_gatra\\app\\Views\\v_template_admin.php')
 7 SYSTEMPATH\View\View.php(231): CodeIgniter\View\View->CodeIgniter\View\{closure}()
 8 SYSTEMPATH\Common.php(1190): CodeIgniter\View\View->render('v_template_admin', [], true)
 9 APPPATH\Controllers\DashboardGuru.php(76): view('v_template_admin', [...])
10 SYSTEMPATH\CodeIgniter.php(942): App\Controllers\DashboardGuru->DataNilai('8')
11 SYSTEMPATH\CodeIgniter.php(502): CodeIgniter\CodeIgniter->runController(Object(App\Controllers\DashboardGuru))
12 SYSTEMPATH\CodeIgniter.php(361): CodeIgniter\CodeIgniter->handleRequest(null, Object(Config\Cache), false)
13 FCPATH\index.php(79): CodeIgniter\CodeIgniter->run()
INFO - 2024-01-10 18:21:34 --> Session: Class initialized using 'CodeIgniter\Session\Handlers\FileHandler' driver.
CRITICAL - 2024-01-10 18:21:34 --> Array to string conversion
in APPPATH\Views\guru\nilai\v_data_nilai.php on line 58.
 1 APPPATH\Views\guru\nilai\v_data_nilai.php(58): CodeIgniter\Debug\Exceptions->errorHandler(8, 'Array to string conversion', 'C:\\xampp\\htdocs\\akademik_gatra\\app\\Views\\guru\\nilai\\v_data_nilai.php', 58, [...])
 2 SYSTEMPATH\View\View.php(228): include('C:\\xampp\\htdocs\\akademik_gatra\\app\\Views\\guru\\nilai\\v_data_nilai.php')
 3 SYSTEMPATH\View\View.php(231): CodeIgniter\View\View->CodeIgniter\View\{closure}()
 4 SYSTEMPATH\Common.php(1190): CodeIgniter\View\View->render('guru/nilai/v_data_nilai', [], true)
 5 APPPATH\Views\v_template_admin.php(314): view('guru/nilai/v_data_nilai')
 6 SYSTEMPATH\View\View.php(228): include('C:\\xampp\\htdocs\\akademik_gatra\\app\\Views\\v_template_admin.php')
 7 SYSTEMPATH\View\View.php(231): CodeIgniter\View\View->CodeIgniter\View\{closure}()
 8 SYSTEMPATH\Common.php(1190): CodeIgniter\View\View->render('v_template_admin', [], true)
 9 APPPATH\Controllers\DashboardGuru.php(76): view('v_template_admin', [...])
10 SYSTEMPATH\CodeIgniter.php(942): App\Controllers\DashboardGuru->DataNilai('8')
11 SYSTEMPATH\CodeIgniter.php(502): CodeIgniter\CodeIgniter->runController(Object(App\Controllers\DashboardGuru))
12 SYSTEMPATH\CodeIgniter.php(361): CodeIgniter\CodeIgniter->handleRequest(null, Object(Config\Cache), false)
13 FCPATH\index.php(79): CodeIgniter\CodeIgniter->run()
INFO - 2024-01-10 18:22:41 --> Session: Class initialized using 'CodeIgniter\Session\Handlers\FileHandler' driver.
INFO - 2024-01-10 18:22:46 --> Session: Class initialized using 'CodeIgniter\Session\Handlers\FileHandler' driver.
INFO - 2024-01-10 18:22:55 --> Session: Class initialized using 'CodeIgniter\Session\Handlers\FileHandler' driver.
INFO - 2024-01-10 18:22:58 --> Session: Class initialized using 'CodeIgniter\Session\Handlers\FileHandler' driver.
INFO - 2024-01-10 18:23:34 --> Session: Class initialized using 'CodeIgniter\Session\Handlers\FileHandler' driver.
INFO - 2024-01-10 18:23:51 --> Session: Class initialized using 'CodeIgniter\Session\Handlers\FileHandler' driver.
INFO - 2024-01-10 18:24:03 --> Session: Class initialized using 'CodeIgniter\Session\Handlers\FileHandler' driver.
INFO - 2024-01-10 18:24:21 --> Session: Class initialized using 'CodeIgniter\Session\Handlers\FileHandler' driver.
CRITICAL - 2024-01-10 18:24:21 --> Array to string conversion
in APPPATH\Views\guru\nilai\v_data_nilai.php on line 58.
 1 APPPATH\Views\guru\nilai\v_data_nilai.php(58): CodeIgniter\Debug\Exceptions->errorHandler(8, 'Array to string conversion', 'C:\\xampp\\htdocs\\akademik_gatra\\app\\Views\\guru\\nilai\\v_data_nilai.php', 58, [...])
 2 SYSTEMPATH\View\View.php(228): include('C:\\xampp\\htdocs\\akademik_gatra\\app\\Views\\guru\\nilai\\v_data_nilai.php')
 3 SYSTEMPATH\View\View.php(231): CodeIgniter\View\View->CodeIgniter\View\{closure}()
 4 SYSTEMPATH\Common.php(1190): CodeIgniter\View\View->render('guru/nilai/v_data_nilai', [], true)
 5 APPPATH\Views\v_template_admin.php(314): view('guru/nilai/v_data_nilai')
 6 SYSTEMPATH\View\View.php(228): include('C:\\xampp\\htdocs\\akademik_gatra\\app\\Views\\v_template_admin.php')
 7 SYSTEMPATH\View\View.php(231): CodeIgniter\View\View->CodeIgniter\View\{closure}()
 8 SYSTEMPATH\Common.php(1190): CodeIgniter\View\View->render('v_template_admin', [], true)
 9 APPPATH\Controllers\DashboardGuru.php(76): view('v_template_admin', [...])
10 SYSTEMPATH\CodeIgniter.php(942): App\Controllers\DashboardGuru->DataNilai('8')
11 SYSTEMPATH\CodeIgniter.php(502): CodeIgniter\CodeIgniter->runController(Object(App\Controllers\DashboardGuru))
12 SYSTEMPATH\CodeIgniter.php(361): CodeIgniter\CodeIgniter->handleRequest(null, Object(Config\Cache), false)
13 FCPATH\index.php(79): CodeIgniter\CodeIgniter->run()
INFO - 2024-01-10 18:24:28 --> Session: Class initialized using 'CodeIgniter\Session\Handlers\FileHandler' driver.
INFO - 2024-01-10 18:24:46 --> Session: Class initialized using 'CodeIgniter\Session\Handlers\FileHandler' driver.
CRITICAL - 2024-01-10 18:24:46 --> Array to string conversion
in APPPATH\Views\guru\nilai\v_data_nilai.php on line 57.
 1 APPPATH\Views\guru\nilai\v_data_nilai.php(57): CodeIgniter\Debug\Exceptions->errorHandler(8, 'Array to string conversion', 'C:\\xampp\\htdocs\\akademik_gatra\\app\\Views\\guru\\nilai\\v_data_nilai.php', 57, [...])
 2 SYSTEMPATH\View\View.php(228): include('C:\\xampp\\htdocs\\akademik_gatra\\app\\Views\\guru\\nilai\\v_data_nilai.php')
 3 SYSTEMPATH\View\View.php(231): CodeIgniter\View\View->CodeIgniter\View\{closure}()
 4 SYSTEMPATH\Common.php(1190): CodeIgniter\View\View->render('guru/nilai/v_data_nilai', [], true)
 5 APPPATH\Views\v_template_admin.php(314): view('guru/nilai/v_data_nilai')
 6 SYSTEMPATH\View\View.php(228): include('C:\\xampp\\htdocs\\akademik_gatra\\app\\Views\\v_template_admin.php')
 7 SYSTEMPATH\View\View.php(231): CodeIgniter\View\View->CodeIgniter\View\{closure}()
 8 SYSTEMPATH\Common.php(1190): CodeIgniter\View\View->render('v_template_admin', [], true)
 9 APPPATH\Controllers\DashboardGuru.php(76): view('v_template_admin', [...])
10 SYSTEMPATH\CodeIgniter.php(942): App\Controllers\DashboardGuru->DataNilai('8')
11 SYSTEMPATH\CodeIgniter.php(502): CodeIgniter\CodeIgniter->runController(Object(App\Controllers\DashboardGuru))
12 SYSTEMPATH\CodeIgniter.php(361): CodeIgniter\CodeIgniter->handleRequest(null, Object(Config\Cache), false)
13 FCPATH\index.php(79): CodeIgniter\CodeIgniter->run()
INFO - 2024-01-10 18:26:08 --> Session: Class initialized using 'CodeIgniter\Session\Handlers\FileHandler' driver.
CRITICAL - 2024-01-10 18:26:08 --> Array to string conversion
in APPPATH\Views\guru\nilai\v_data_nilai.php on line 57.
 1 APPPATH\Views\guru\nilai\v_data_nilai.php(57): CodeIgniter\Debug\Exceptions->errorHandler(8, 'Array to string conversion', 'C:\\xampp\\htdocs\\akademik_gatra\\app\\Views\\guru\\nilai\\v_data_nilai.php', 57, [...])
 2 SYSTEMPATH\View\View.php(228): include('C:\\xampp\\htdocs\\akademik_gatra\\app\\Views\\guru\\nilai\\v_data_nilai.php')
 3 SYSTEMPATH\View\View.php(231): CodeIgniter\View\View->CodeIgniter\View\{closure}()
 4 SYSTEMPATH\Common.php(1190): CodeIgniter\View\View->render('guru/nilai/v_data_nilai', [], true)
 5 APPPATH\Views\v_template_admin.php(314): view('guru/nilai/v_data_nilai')
 6 SYSTEMPATH\View\View.php(228): include('C:\\xampp\\htdocs\\akademik_gatra\\app\\Views\\v_template_admin.php')
 7 SYSTEMPATH\View\View.php(231): CodeIgniter\View\View->CodeIgniter\View\{closure}()
 8 SYSTEMPATH\Common.php(1190): CodeIgniter\View\View->render('v_template_admin', [], true)
 9 APPPATH\Controllers\DashboardGuru.php(76): view('v_template_admin', [...])
10 SYSTEMPATH\CodeIgniter.php(942): App\Controllers\DashboardGuru->DataNilai('8')
11 SYSTEMPATH\CodeIgniter.php(502): CodeIgniter\CodeIgniter->runController(Object(App\Controllers\DashboardGuru))
12 SYSTEMPATH\CodeIgniter.php(361): CodeIgniter\CodeIgniter->handleRequest(null, Object(Config\Cache), false)
13 FCPATH\index.php(79): CodeIgniter\CodeIgniter->run()
INFO - 2024-01-10 18:26:50 --> Session: Class initialized using 'CodeIgniter\Session\Handlers\FileHandler' driver.
CRITICAL - 2024-01-10 18:26:50 --> Array to string conversion
in APPPATH\Views\guru\nilai\v_data_nilai.php on line 57.
 1 APPPATH\Views\guru\nilai\v_data_nilai.php(57): CodeIgniter\Debug\Exceptions->errorHandler(8, 'Array to string conversion', 'C:\\xampp\\htdocs\\akademik_gatra\\app\\Views\\guru\\nilai\\v_data_nilai.php', 57, [...])
 2 SYSTEMPATH\View\View.php(228): include('C:\\xampp\\htdocs\\akademik_gatra\\app\\Views\\guru\\nilai\\v_data_nilai.php')
 3 SYSTEMPATH\View\View.php(231): CodeIgniter\View\View->CodeIgniter\View\{closure}()
 4 SYSTEMPATH\Common.php(1190): CodeIgniter\View\View->render('guru/nilai/v_data_nilai', [], true)
 5 APPPATH\Views\v_template_admin.php(314): view('guru/nilai/v_data_nilai')
 6 SYSTEMPATH\View\View.php(228): include('C:\\xampp\\htdocs\\akademik_gatra\\app\\Views\\v_template_admin.php')
 7 SYSTEMPATH\View\View.php(231): CodeIgniter\View\View->CodeIgniter\View\{closure}()
 8 SYSTEMPATH\Common.php(1190): CodeIgniter\View\View->render('v_template_admin', [], true)
 9 APPPATH\Controllers\DashboardGuru.php(76): view('v_template_admin', [...])
10 SYSTEMPATH\CodeIgniter.php(942): App\Controllers\DashboardGuru->DataNilai('8')
11 SYSTEMPATH\CodeIgniter.php(502): CodeIgniter\CodeIgniter->runController(Object(App\Controllers\DashboardGuru))
12 SYSTEMPATH\CodeIgniter.php(361): CodeIgniter\CodeIgniter->handleRequest(null, Object(Config\Cache), false)
13 FCPATH\index.php(79): CodeIgniter\CodeIgniter->run()
INFO - 2024-01-10 18:26:51 --> Session: Class initialized using 'CodeIgniter\Session\Handlers\FileHandler' driver.
CRITICAL - 2024-01-10 18:26:51 --> Array to string conversion
in APPPATH\Views\guru\nilai\v_data_nilai.php on line 57.
 1 APPPATH\Views\guru\nilai\v_data_nilai.php(57): CodeIgniter\Debug\Exceptions->errorHandler(8, 'Array to string conversion', 'C:\\xampp\\htdocs\\akademik_gatra\\app\\Views\\guru\\nilai\\v_data_nilai.php', 57, [...])
 2 SYSTEMPATH\View\View.php(228): include('C:\\xampp\\htdocs\\akademik_gatra\\app\\Views\\guru\\nilai\\v_data_nilai.php')
 3 SYSTEMPATH\View\View.php(231): CodeIgniter\View\View->CodeIgniter\View\{closure}()
 4 SYSTEMPATH\Common.php(1190): CodeIgniter\View\View->render('guru/nilai/v_data_nilai', [], true)
 5 APPPATH\Views\v_template_admin.php(314): view('guru/nilai/v_data_nilai')
 6 SYSTEMPATH\View\View.php(228): include('C:\\xampp\\htdocs\\akademik_gatra\\app\\Views\\v_template_admin.php')
 7 SYSTEMPATH\View\View.php(231): CodeIgniter\View\View->CodeIgniter\View\{closure}()
 8 SYSTEMPATH\Common.php(1190): CodeIgniter\View\View->render('v_template_admin', [], true)
 9 APPPATH\Controllers\DashboardGuru.php(76): view('v_template_admin', [...])
10 SYSTEMPATH\CodeIgniter.php(942): App\Controllers\DashboardGuru->DataNilai('8')
11 SYSTEMPATH\CodeIgniter.php(502): CodeIgniter\CodeIgniter->runController(Object(App\Controllers\DashboardGuru))
12 SYSTEMPATH\CodeIgniter.php(361): CodeIgniter\CodeIgniter->handleRequest(null, Object(Config\Cache), false)
13 FCPATH\index.php(79): CodeIgniter\CodeIgniter->run()
INFO - 2024-01-10 18:27:05 --> Session: Class initialized using 'CodeIgniter\Session\Handlers\FileHandler' driver.
CRITICAL - 2024-01-10 18:27:06 --> Array to string conversion
in APPPATH\Views\guru\nilai\v_data_nilai.php on line 57.
 1 APPPATH\Views\guru\nilai\v_data_nilai.php(57): CodeIgniter\Debug\Exceptions->errorHandler(8, 'Array to string conversion', 'C:\\xampp\\htdocs\\akademik_gatra\\app\\Views\\guru\\nilai\\v_data_nilai.php', 57, [...])
 2 SYSTEMPATH\View\View.php(228): include('C:\\xampp\\htdocs\\akademik_gatra\\app\\Views\\guru\\nilai\\v_data_nilai.php')
 3 SYSTEMPATH\View\View.php(231): CodeIgniter\View\View->CodeIgniter\View\{closure}()
 4 SYSTEMPATH\Common.php(1190): CodeIgniter\View\View->render('guru/nilai/v_data_nilai', [], true)
 5 APPPATH\Views\v_template_admin.php(314): view('guru/nilai/v_data_nilai')
 6 SYSTEMPATH\View\View.php(228): include('C:\\xampp\\htdocs\\akademik_gatra\\app\\Views\\v_template_admin.php')
 7 SYSTEMPATH\View\View.php(231): CodeIgniter\View\View->CodeIgniter\View\{closure}()
 8 SYSTEMPATH\Common.php(1190): CodeIgniter\View\View->render('v_template_admin', [], true)
 9 APPPATH\Controllers\DashboardGuru.php(76): view('v_template_admin', [...])
10 SYSTEMPATH\CodeIgniter.php(942): App\Controllers\DashboardGuru->DataNilai('8')
11 SYSTEMPATH\CodeIgniter.php(502): CodeIgniter\CodeIgniter->runController(Object(App\Controllers\DashboardGuru))
12 SYSTEMPATH\CodeIgniter.php(361): CodeIgniter\CodeIgniter->handleRequest(null, Object(Config\Cache), false)
13 FCPATH\index.php(79): CodeIgniter\CodeIgniter->run()
INFO - 2024-01-10 18:27:21 --> Session: Class initialized using 'CodeIgniter\Session\Handlers\FileHandler' driver.
CRITICAL - 2024-01-10 18:27:21 --> Array to string conversion
in APPPATH\Views\guru\nilai\v_data_nilai.php on line 58.
 1 APPPATH\Views\guru\nilai\v_data_nilai.php(58): CodeIgniter\Debug\Exceptions->errorHandler(8, 'Array to string conversion', 'C:\\xampp\\htdocs\\akademik_gatra\\app\\Views\\guru\\nilai\\v_data_nilai.php', 58, [...])
 2 SYSTEMPATH\View\View.php(228): include('C:\\xampp\\htdocs\\akademik_gatra\\app\\Views\\guru\\nilai\\v_data_nilai.php')
 3 SYSTEMPATH\View\View.php(231): CodeIgniter\View\View->CodeIgniter\View\{closure}()
 4 SYSTEMPATH\Common.php(1190): CodeIgniter\View\View->render('guru/nilai/v_data_nilai', [], true)
 5 APPPATH\Views\v_template_admin.php(314): view('guru/nilai/v_data_nilai')
 6 SYSTEMPATH\View\View.php(228): include('C:\\xampp\\htdocs\\akademik_gatra\\app\\Views\\v_template_admin.php')
 7 SYSTEMPATH\View\View.php(231): CodeIgniter\View\View->CodeIgniter\View\{closure}()
 8 SYSTEMPATH\Common.php(1190): CodeIgniter\View\View->render('v_template_admin', [], true)
 9 APPPATH\Controllers\DashboardGuru.php(76): view('v_template_admin', [...])
10 SYSTEMPATH\CodeIgniter.php(942): App\Controllers\DashboardGuru->DataNilai('8')
11 SYSTEMPATH\CodeIgniter.php(502): CodeIgniter\CodeIgniter->runController(Object(App\Controllers\DashboardGuru))
12 SYSTEMPATH\CodeIgniter.php(361): CodeIgniter\CodeIgniter->handleRequest(null, Object(Config\Cache), false)
13 FCPATH\index.php(79): CodeIgniter\CodeIgniter->run()
INFO - 2024-01-10 18:27:50 --> Session: Class initialized using 'CodeIgniter\Session\Handlers\FileHandler' driver.
CRITICAL - 2024-01-10 18:27:50 --> syntax error, unexpected 'echo' (T_ECHO)
in APPPATH\Views\guru\nilai\v_data_nilai.php on line 57.
 1 SYSTEMPATH\View\View.php(231): CodeIgniter\View\View->CodeIgniter\View\{closure}()
 2 SYSTEMPATH\Common.php(1190): CodeIgniter\View\View->render('guru/nilai/v_data_nilai', [], true)
 3 APPPATH\Views\v_template_admin.php(314): view('guru/nilai/v_data_nilai')
 4 SYSTEMPATH\View\View.php(228): include('C:\\xampp\\htdocs\\akademik_gatra\\app\\Views\\v_template_admin.php')
 5 SYSTEMPATH\View\View.php(231): CodeIgniter\View\View->CodeIgniter\View\{closure}()
 6 SYSTEMPATH\Common.php(1190): CodeIgniter\View\View->render('v_template_admin', [], true)
 7 APPPATH\Controllers\DashboardGuru.php(76): view('v_template_admin', [...])
 8 SYSTEMPATH\CodeIgniter.php(942): App\Controllers\DashboardGuru->DataNilai('8')
 9 SYSTEMPATH\CodeIgniter.php(502): CodeIgniter\CodeIgniter->runController(Object(App\Controllers\DashboardGuru))
10 SYSTEMPATH\CodeIgniter.php(361): CodeIgniter\CodeIgniter->handleRequest(null, Object(Config\Cache), false)
11 FCPATH\index.php(79): CodeIgniter\CodeIgniter->run()
INFO - 2024-01-10 18:28:13 --> Session: Class initialized using 'CodeIgniter\Session\Handlers\FileHandler' driver.
CRITICAL - 2024-01-10 18:28:13 --> Array to string conversion
in APPPATH\Views\guru\nilai\v_data_nilai.php on line 57.
 1 APPPATH\Views\guru\nilai\v_data_nilai.php(57): CodeIgniter\Debug\Exceptions->errorHandler(8, 'Array to string conversion', 'C:\\xampp\\htdocs\\akademik_gatra\\app\\Views\\guru\\nilai\\v_data_nilai.php', 57, [...])
 2 SYSTEMPATH\View\View.php(228): include('C:\\xampp\\htdocs\\akademik_gatra\\app\\Views\\guru\\nilai\\v_data_nilai.php')
 3 SYSTEMPATH\View\View.php(231): CodeIgniter\View\View->CodeIgniter\View\{closure}()
 4 SYSTEMPATH\Common.php(1190): CodeIgniter\View\View->render('guru/nilai/v_data_nilai', [], true)
 5 APPPATH\Views\v_template_admin.php(314): view('guru/nilai/v_data_nilai')
 6 SYSTEMPATH\View\View.php(228): include('C:\\xampp\\htdocs\\akademik_gatra\\app\\Views\\v_template_admin.php')
 7 SYSTEMPATH\View\View.php(231): CodeIgniter\View\View->CodeIgniter\View\{closure}()
 8 SYSTEMPATH\Common.php(1190): CodeIgniter\View\View->render('v_template_admin', [], true)
 9 APPPATH\Controllers\DashboardGuru.php(76): view('v_template_admin', [...])
10 SYSTEMPATH\CodeIgniter.php(942): App\Controllers\DashboardGuru->DataNilai('8')
11 SYSTEMPATH\CodeIgniter.php(502): CodeIgniter\CodeIgniter->runController(Object(App\Controllers\DashboardGuru))
12 SYSTEMPATH\CodeIgniter.php(361): CodeIgniter\CodeIgniter->handleRequest(null, Object(Config\Cache), false)
13 FCPATH\index.php(79): CodeIgniter\CodeIgniter->run()
INFO - 2024-01-10 18:28:15 --> Session: Class initialized using 'CodeIgniter\Session\Handlers\FileHandler' driver.
CRITICAL - 2024-01-10 18:28:15 --> Array to string conversion
in APPPATH\Views\guru\nilai\v_data_nilai.php on line 57.
 1 APPPATH\Views\guru\nilai\v_data_nilai.php(57): CodeIgniter\Debug\Exceptions->errorHandler(8, 'Array to string conversion', 'C:\\xampp\\htdocs\\akademik_gatra\\app\\Views\\guru\\nilai\\v_data_nilai.php', 57, [...])
 2 SYSTEMPATH\View\View.php(228): include('C:\\xampp\\htdocs\\akademik_gatra\\app\\Views\\guru\\nilai\\v_data_nilai.php')
 3 SYSTEMPATH\View\View.php(231): CodeIgniter\View\View->CodeIgniter\View\{closure}()
 4 SYSTEMPATH\Common.php(1190): CodeIgniter\View\View->render('guru/nilai/v_data_nilai', [], true)
 5 APPPATH\Views\v_template_admin.php(314): view('guru/nilai/v_data_nilai')
 6 SYSTEMPATH\View\View.php(228): include('C:\\xampp\\htdocs\\akademik_gatra\\app\\Views\\v_template_admin.php')
 7 SYSTEMPATH\View\View.php(231): CodeIgniter\View\View->CodeIgniter\View\{closure}()
 8 SYSTEMPATH\Common.php(1190): CodeIgniter\View\View->render('v_template_admin', [], true)
 9 APPPATH\Controllers\DashboardGuru.php(76): view('v_template_admin', [...])
10 SYSTEMPATH\CodeIgniter.php(942): App\Controllers\DashboardGuru->DataNilai('8')
11 SYSTEMPATH\CodeIgniter.php(502): CodeIgniter\CodeIgniter->runController(Object(App\Controllers\DashboardGuru))
12 SYSTEMPATH\CodeIgniter.php(361): CodeIgniter\CodeIgniter->handleRequest(null, Object(Config\Cache), false)
13 FCPATH\index.php(79): CodeIgniter\CodeIgniter->run()
INFO - 2024-01-10 18:35:55 --> Session: Class initialized using 'CodeIgniter\Session\Handlers\FileHandler' driver.
INFO - 2024-01-10 18:35:56 --> Session: Class initialized using 'CodeIgniter\Session\Handlers\FileHandler' driver.
INFO - 2024-01-10 18:38:17 --> Session: Class initialized using 'CodeIgniter\Session\Handlers\FileHandler' driver.
INFO - 2024-01-10 19:26:48 --> Session: Class initialized using 'CodeIgniter\Session\Handlers\FileHandler' driver.
INFO - 2024-01-10 19:26:49 --> Session: Class initialized using 'CodeIgniter\Session\Handlers\FileHandler' driver.
INFO - 2024-01-10 19:26:51 --> Session: Class initialized using 'CodeIgniter\Session\Handlers\FileHandler' driver.
CRITICAL - 2024-01-10 19:26:51 --> Array to string conversion
in APPPATH\Views\guru\nilai\v_data_nilai.php on line 57.
 1 APPPATH\Views\guru\nilai\v_data_nilai.php(57): CodeIgniter\Debug\Exceptions->errorHandler(8, 'Array to string conversion', 'C:\\xampp\\htdocs\\akademik_gatra\\app\\Views\\guru\\nilai\\v_data_nilai.php', 57, [...])
 2 SYSTEMPATH\View\View.php(228): include('C:\\xampp\\htdocs\\akademik_gatra\\app\\Views\\guru\\nilai\\v_data_nilai.php')
 3 SYSTEMPATH\View\View.php(231): CodeIgniter\View\View->CodeIgniter\View\{closure}()
 4 SYSTEMPATH\Common.php(1190): CodeIgniter\View\View->render('guru/nilai/v_data_nilai', [], true)
 5 APPPATH\Views\v_template_admin.php(314): view('guru/nilai/v_data_nilai')
 6 SYSTEMPATH\View\View.php(228): include('C:\\xampp\\htdocs\\akademik_gatra\\app\\Views\\v_template_admin.php')
 7 SYSTEMPATH\View\View.php(231): CodeIgniter\View\View->CodeIgniter\View\{closure}()
 8 SYSTEMPATH\Common.php(1190): CodeIgniter\View\View->render('v_template_admin', [], true)
 9 APPPATH\Controllers\DashboardGuru.php(76): view('v_template_admin', [...])
10 SYSTEMPATH\CodeIgniter.php(942): App\Controllers\DashboardGuru->DataNilai('8')
11 SYSTEMPATH\CodeIgniter.php(502): CodeIgniter\CodeIgniter->runController(Object(App\Controllers\DashboardGuru))
12 SYSTEMPATH\CodeIgniter.php(361): CodeIgniter\CodeIgniter->handleRequest(null, Object(Config\Cache), false)
13 FCPATH\index.php(79): CodeIgniter\CodeIgniter->run()
INFO - 2024-01-10 19:50:00 --> Session: Class initialized using 'CodeIgniter\Session\Handlers\FileHandler' driver.
INFO - 2024-01-10 19:50:16 --> Session: Class initialized using 'CodeIgniter\Session\Handlers\FileHandler' driver.
INFO - 2024-01-10 19:50:18 --> Session: Class initialized using 'CodeIgniter\Session\Handlers\FileHandler' driver.
INFO - 2024-01-10 19:50:19 --> Session: Class initialized using 'CodeIgniter\Session\Handlers\FileHandler' driver.
INFO - 2024-01-10 19:50:21 --> Session: Class initialized using 'CodeIgniter\Session\Handlers\FileHandler' driver.
