INFO - 2023-12-15 08:32:17 --> Session: Class initialized using 'CodeIgniter\Session\Handlers\FileHandler' driver.
INFO - 2023-12-15 08:32:26 --> Session: Class initialized using 'CodeIgniter\Session\Handlers\FileHandler' driver.
INFO - 2023-12-15 08:32:37 --> Session: Class initialized using 'CodeIgniter\Session\Handlers\FileHandler' driver.
INFO - 2023-12-15 08:33:11 --> Session: Class initialized using 'CodeIgniter\Session\Handlers\FileHandler' driver.
INFO - 2023-12-15 08:33:42 --> Session: Class initialized using 'CodeIgniter\Session\Handlers\FileHandler' driver.
INFO - 2023-12-15 08:34:06 --> Session: Class initialized using 'CodeIgniter\Session\Handlers\FileHandler' driver.
INFO - 2023-12-15 08:34:16 --> Session: Class initialized using 'CodeIgniter\Session\Handlers\FileHandler' driver.
INFO - 2023-12-15 08:36:28 --> Session: Class initialized using 'CodeIgniter\Session\Handlers\FileHandler' driver.
INFO - 2023-12-15 08:37:43 --> Session: Class initialized using 'CodeIgniter\Session\Handlers\FileHandler' driver.
INFO - 2023-12-15 08:37:43 --> Session: Class initialized using 'CodeIgniter\Session\Handlers\FileHandler' driver.
INFO - 2023-12-15 08:41:47 --> Session: Class initialized using 'CodeIgniter\Session\Handlers\FileHandler' driver.
INFO - 2023-12-15 08:41:50 --> Session: Class initialized using 'CodeIgniter\Session\Handlers\FileHandler' driver.
INFO - 2023-12-15 08:41:53 --> Session: Class initialized using 'CodeIgniter\Session\Handlers\FileHandler' driver.
INFO - 2023-12-15 09:11:24 --> Session: Class initialized using 'CodeIgniter\Session\Handlers\FileHandler' driver.
INFO - 2023-12-15 09:11:25 --> Session: Class initialized using 'CodeIgniter\Session\Handlers\FileHandler' driver.
INFO - 2023-12-15 09:11:38 --> Session: Class initialized using 'CodeIgniter\Session\Handlers\FileHandler' driver.
CRITICAL - 2023-12-15 09:11:38 --> Undefined index: id_user
in APPPATH\Controllers\Auth.php on line 60.
 1 APPPATH\Controllers\Auth.php(60): CodeIgniter\Debug\Exceptions->errorHandler(8, 'Undefined index: id_user', 'C:\\xampp\\htdocs\\akademik_gatra\\app\\Controllers\\Auth.php', 60, [...])
 2 SYSTEMPATH\CodeIgniter.php(942): App\Controllers\Auth->CekLogin()
 3 SYSTEMPATH\CodeIgniter.php(502): CodeIgniter\CodeIgniter->runController(Object(App\Controllers\Auth))
 4 SYSTEMPATH\CodeIgniter.php(361): CodeIgniter\CodeIgniter->handleRequest(null, Object(Config\Cache), false)
 5 FCPATH\index.php(79): CodeIgniter\CodeIgniter->run()
INFO - 2023-12-15 09:19:05 --> Session: Class initialized using 'CodeIgniter\Session\Handlers\FileHandler' driver.
INFO - 2023-12-15 09:19:07 --> Session: Class initialized using 'CodeIgniter\Session\Handlers\FileHandler' driver.
INFO - 2023-12-15 09:19:19 --> Session: Class initialized using 'CodeIgniter\Session\Handlers\FileHandler' driver.
INFO - 2023-12-15 09:19:19 --> Session: Class initialized using 'CodeIgniter\Session\Handlers\FileHandler' driver.
INFO - 2023-12-15 09:19:38 --> Session: Class initialized using 'CodeIgniter\Session\Handlers\FileHandler' driver.
CRITICAL - 2023-12-15 09:19:38 --> Undefined index: id_user
in APPPATH\Controllers\Auth.php on line 60.
 1 APPPATH\Controllers\Auth.php(60): CodeIgniter\Debug\Exceptions->errorHandler(8, 'Undefined index: id_user', 'C:\\xampp\\htdocs\\akademik_gatra\\app\\Controllers\\Auth.php', 60, [...])
 2 SYSTEMPATH\CodeIgniter.php(942): App\Controllers\Auth->CekLogin()
 3 SYSTEMPATH\CodeIgniter.php(502): CodeIgniter\CodeIgniter->runController(Object(App\Controllers\Auth))
 4 SYSTEMPATH\CodeIgniter.php(361): CodeIgniter\CodeIgniter->handleRequest(null, Object(Config\Cache), false)
 5 FCPATH\index.php(79): CodeIgniter\CodeIgniter->run()
INFO - 2023-12-15 09:23:04 --> Session: Class initialized using 'CodeIgniter\Session\Handlers\FileHandler' driver.
INFO - 2023-12-15 09:23:04 --> Session: Class initialized using 'CodeIgniter\Session\Handlers\FileHandler' driver.
INFO - 2023-12-15 09:23:07 --> Session: Class initialized using 'CodeIgniter\Session\Handlers\FileHandler' driver.
INFO - 2023-12-15 09:23:13 --> Session: Class initialized using 'CodeIgniter\Session\Handlers\FileHandler' driver.
INFO - 2023-12-15 09:23:13 --> Session: Class initialized using 'CodeIgniter\Session\Handlers\FileHandler' driver.
INFO - 2023-12-15 09:23:29 --> Session: Class initialized using 'CodeIgniter\Session\Handlers\FileHandler' driver.
INFO - 2023-12-15 09:23:44 --> Session: Class initialized using 'CodeIgniter\Session\Handlers\FileHandler' driver.
INFO - 2023-12-15 09:26:22 --> Session: Class initialized using 'CodeIgniter\Session\Handlers\FileHandler' driver.
INFO - 2023-12-15 09:26:32 --> Session: Class initialized using 'CodeIgniter\Session\Handlers\FileHandler' driver.
INFO - 2023-12-15 09:26:32 --> Session: Class initialized using 'CodeIgniter\Session\Handlers\FileHandler' driver.
INFO - 2023-12-15 09:26:45 --> Session: Class initialized using 'CodeIgniter\Session\Handlers\FileHandler' driver.
INFO - 2023-12-15 09:30:28 --> Session: Class initialized using 'CodeIgniter\Session\Handlers\FileHandler' driver.
INFO - 2023-12-15 09:30:30 --> Session: Class initialized using 'CodeIgniter\Session\Handlers\FileHandler' driver.
INFO - 2023-12-15 09:30:55 --> Session: Class initialized using 'CodeIgniter\Session\Handlers\FileHandler' driver.
INFO - 2023-12-15 09:30:55 --> Session: Class initialized using 'CodeIgniter\Session\Handlers\FileHandler' driver.
INFO - 2023-12-15 09:32:51 --> Session: Class initialized using 'CodeIgniter\Session\Handlers\FileHandler' driver.
INFO - 2023-12-15 09:33:07 --> Session: Class initialized using 'CodeIgniter\Session\Handlers\FileHandler' driver.
INFO - 2023-12-15 09:33:07 --> Session: Class initialized using 'CodeIgniter\Session\Handlers\FileHandler' driver.
INFO - 2023-12-15 09:33:22 --> Session: Class initialized using 'CodeIgniter\Session\Handlers\FileHandler' driver.
INFO - 2023-12-15 09:43:09 --> Session: Class initialized using 'CodeIgniter\Session\Handlers\FileHandler' driver.
INFO - 2023-12-15 09:43:14 --> Session: Class initialized using 'CodeIgniter\Session\Handlers\FileHandler' driver.
INFO - 2023-12-15 09:43:37 --> Session: Class initialized using 'CodeIgniter\Session\Handlers\FileHandler' driver.
INFO - 2023-12-15 09:43:37 --> Session: Class initialized using 'CodeIgniter\Session\Handlers\FileHandler' driver.
INFO - 2023-12-15 09:43:43 --> Session: Class initialized using 'CodeIgniter\Session\Handlers\FileHandler' driver.
INFO - 2023-12-15 09:43:43 --> Session: Class initialized using 'CodeIgniter\Session\Handlers\FileHandler' driver.
INFO - 2023-12-15 09:43:50 --> Session: Class initialized using 'CodeIgniter\Session\Handlers\FileHandler' driver.
INFO - 2023-12-15 09:43:50 --> Session: Class initialized using 'CodeIgniter\Session\Handlers\FileHandler' driver.
INFO - 2023-12-15 09:43:50 --> Session: Class initialized using 'CodeIgniter\Session\Handlers\FileHandler' driver.
INFO - 2023-12-15 09:43:51 --> Session: Class initialized using 'CodeIgniter\Session\Handlers\FileHandler' driver.
INFO - 2023-12-15 09:43:51 --> Session: Class initialized using 'CodeIgniter\Session\Handlers\FileHandler' driver.
INFO - 2023-12-15 09:43:51 --> Session: Class initialized using 'CodeIgniter\Session\Handlers\FileHandler' driver.
CRITICAL - 2023-12-15 09:43:55 --> Trying to access array offset on value of type null
in APPPATH\Views\front-end\v_detail_jurusan.php on line 12.
 1 APPPATH\Views\front-end\v_detail_jurusan.php(12): CodeIgniter\Debug\Exceptions->errorHandler(8, 'Trying to access array offset on value of type null', 'C:\\xampp\\htdocs\\akademik_gatra\\app\\Views\\front-end\\v_detail_jurusan.php', 12, [...])
 2 SYSTEMPATH\View\View.php(228): include('C:\\xampp\\htdocs\\akademik_gatra\\app\\Views\\front-end\\v_detail_jurusan.php')
 3 SYSTEMPATH\View\View.php(231): CodeIgniter\View\View->CodeIgniter\View\{closure}()
 4 SYSTEMPATH\Common.php(1190): CodeIgniter\View\View->render('front-end/v_detail_jurusan', [], true)
 5 APPPATH\Views\v_template_front_end.php(212): view('front-end/v_detail_jurusan')
 6 SYSTEMPATH\View\View.php(228): include('C:\\xampp\\htdocs\\akademik_gatra\\app\\Views\\v_template_front_end.php')
 7 SYSTEMPATH\View\View.php(231): CodeIgniter\View\View->CodeIgniter\View\{closure}()
 8 SYSTEMPATH\Common.php(1190): CodeIgniter\View\View->render('v_template_front_end', [], true)
 9 APPPATH\Controllers\Home.php(29): view('v_template_front_end', [...])
10 SYSTEMPATH\CodeIgniter.php(942): App\Controllers\Home->DetailJurusan('images', 'page-banner-6.jpg')
11 SYSTEMPATH\CodeIgniter.php(502): CodeIgniter\CodeIgniter->runController(Object(App\Controllers\Home))
12 SYSTEMPATH\CodeIgniter.php(361): CodeIgniter\CodeIgniter->handleRequest(null, Object(Config\Cache), false)
13 FCPATH\index.php(79): CodeIgniter\CodeIgniter->run()
INFO - 2023-12-15 09:54:10 --> Session: Class initialized using 'CodeIgniter\Session\Handlers\FileHandler' driver.
INFO - 2023-12-15 09:54:10 --> Session: Class initialized using 'CodeIgniter\Session\Handlers\FileHandler' driver.
INFO - 2023-12-15 09:54:10 --> Session: Class initialized using 'CodeIgniter\Session\Handlers\FileHandler' driver.
INFO - 2023-12-15 09:54:10 --> Session: Class initialized using 'CodeIgniter\Session\Handlers\FileHandler' driver.
INFO - 2023-12-15 09:54:11 --> Session: Class initialized using 'CodeIgniter\Session\Handlers\FileHandler' driver.
INFO - 2023-12-15 09:54:11 --> Session: Class initialized using 'CodeIgniter\Session\Handlers\FileHandler' driver.
INFO - 2023-12-15 09:54:37 --> Session: Class initialized using 'CodeIgniter\Session\Handlers\FileHandler' driver.
INFO - 2023-12-15 09:55:11 --> Session: Class initialized using 'CodeIgniter\Session\Handlers\FileHandler' driver.
INFO - 2023-12-15 09:55:12 --> Session: Class initialized using 'CodeIgniter\Session\Handlers\FileHandler' driver.
INFO - 2023-12-15 09:55:57 --> Session: Class initialized using 'CodeIgniter\Session\Handlers\FileHandler' driver.
INFO - 2023-12-15 09:56:09 --> Session: Class initialized using 'CodeIgniter\Session\Handlers\FileHandler' driver.
INFO - 2023-12-15 09:56:26 --> Session: Class initialized using 'CodeIgniter\Session\Handlers\FileHandler' driver.
INFO - 2023-12-15 09:56:32 --> Session: Class initialized using 'CodeIgniter\Session\Handlers\FileHandler' driver.
INFO - 2023-12-15 09:56:45 --> Session: Class initialized using 'CodeIgniter\Session\Handlers\FileHandler' driver.
INFO - 2023-12-15 09:56:50 --> Session: Class initialized using 'CodeIgniter\Session\Handlers\FileHandler' driver.
INFO - 2023-12-15 09:56:50 --> Session: Class initialized using 'CodeIgniter\Session\Handlers\FileHandler' driver.
INFO - 2023-12-15 09:57:28 --> Session: Class initialized using 'CodeIgniter\Session\Handlers\FileHandler' driver.
INFO - 2023-12-15 09:57:59 --> Session: Class initialized using 'CodeIgniter\Session\Handlers\FileHandler' driver.
INFO - 2023-12-15 09:58:26 --> Session: Class initialized using 'CodeIgniter\Session\Handlers\FileHandler' driver.
INFO - 2023-12-15 09:59:08 --> Session: Class initialized using 'CodeIgniter\Session\Handlers\FileHandler' driver.
INFO - 2023-12-15 10:00:24 --> Session: Class initialized using 'CodeIgniter\Session\Handlers\FileHandler' driver.
INFO - 2023-12-15 10:05:22 --> Session: Class initialized using 'CodeIgniter\Session\Handlers\FileHandler' driver.
INFO - 2023-12-15 10:14:10 --> Session: Class initialized using 'CodeIgniter\Session\Handlers\FileHandler' driver.
INFO - 2023-12-15 10:14:31 --> Session: Class initialized using 'CodeIgniter\Session\Handlers\FileHandler' driver.
INFO - 2023-12-15 10:15:20 --> Session: Class initialized using 'CodeIgniter\Session\Handlers\FileHandler' driver.
INFO - 2023-12-15 10:17:04 --> Session: Class initialized using 'CodeIgniter\Session\Handlers\FileHandler' driver.
INFO - 2023-12-15 10:33:21 --> Session: Class initialized using 'CodeIgniter\Session\Handlers\FileHandler' driver.
INFO - 2023-12-15 10:37:37 --> Session: Class initialized using 'CodeIgniter\Session\Handlers\FileHandler' driver.
INFO - 2023-12-15 10:37:41 --> Session: Class initialized using 'CodeIgniter\Session\Handlers\FileHandler' driver.
INFO - 2023-12-15 10:38:07 --> Session: Class initialized using 'CodeIgniter\Session\Handlers\FileHandler' driver.
INFO - 2023-12-15 10:38:07 --> Session: Class initialized using 'CodeIgniter\Session\Handlers\FileHandler' driver.
INFO - 2023-12-15 10:39:12 --> Session: Class initialized using 'CodeIgniter\Session\Handlers\FileHandler' driver.
INFO - 2023-12-15 10:39:50 --> Session: Class initialized using 'CodeIgniter\Session\Handlers\FileHandler' driver.
INFO - 2023-12-15 10:40:03 --> Session: Class initialized using 'CodeIgniter\Session\Handlers\FileHandler' driver.
INFO - 2023-12-15 10:40:04 --> Session: Class initialized using 'CodeIgniter\Session\Handlers\FileHandler' driver.
INFO - 2023-12-15 10:40:07 --> Session: Class initialized using 'CodeIgniter\Session\Handlers\FileHandler' driver.
INFO - 2023-12-15 10:42:01 --> Session: Class initialized using 'CodeIgniter\Session\Handlers\FileHandler' driver.
INFO - 2023-12-15 10:47:41 --> Session: Class initialized using 'CodeIgniter\Session\Handlers\FileHandler' driver.
INFO - 2023-12-15 10:47:41 --> Session: Class initialized using 'CodeIgniter\Session\Handlers\FileHandler' driver.
INFO - 2023-12-15 10:47:55 --> Session: Class initialized using 'CodeIgniter\Session\Handlers\FileHandler' driver.
INFO - 2023-12-15 10:47:55 --> Session: Class initialized using 'CodeIgniter\Session\Handlers\FileHandler' driver.
INFO - 2023-12-15 10:48:00 --> Session: Class initialized using 'CodeIgniter\Session\Handlers\FileHandler' driver.
CRITICAL - 2023-12-15 10:48:01 --> Undefined variable: jurusan
in APPPATH\Views\v_kelas.php on line 81.
 1 APPPATH\Views\v_kelas.php(81): CodeIgniter\Debug\Exceptions->errorHandler(8, 'Undefined variable: jurusan', 'C:\\xampp\\htdocs\\akademik_gatra\\app\\Views\\v_kelas.php', 81, [...])
 2 SYSTEMPATH\View\View.php(228): include('C:\\xampp\\htdocs\\akademik_gatra\\app\\Views\\v_kelas.php')
 3 SYSTEMPATH\View\View.php(231): CodeIgniter\View\View->CodeIgniter\View\{closure}()
 4 SYSTEMPATH\Common.php(1190): CodeIgniter\View\View->render('v_kelas', [], true)
 5 APPPATH\Views\v_template_admin.php(219): view('v_kelas')
 6 SYSTEMPATH\View\View.php(228): include('C:\\xampp\\htdocs\\akademik_gatra\\app\\Views\\v_template_admin.php')
 7 SYSTEMPATH\View\View.php(231): CodeIgniter\View\View->CodeIgniter\View\{closure}()
 8 SYSTEMPATH\Common.php(1190): CodeIgniter\View\View->render('v_template_admin', [], true)
 9 APPPATH\Controllers\Kelas.php(25): view('v_template_admin', [...])
10 SYSTEMPATH\CodeIgniter.php(942): App\Controllers\Kelas->index()
11 SYSTEMPATH\CodeIgniter.php(502): CodeIgniter\CodeIgniter->runController(Object(App\Controllers\Kelas))
12 SYSTEMPATH\CodeIgniter.php(361): CodeIgniter\CodeIgniter->handleRequest(null, Object(Config\Cache), false)
13 FCPATH\index.php(79): CodeIgniter\CodeIgniter->run()
INFO - 2023-12-15 10:48:56 --> Session: Class initialized using 'CodeIgniter\Session\Handlers\FileHandler' driver.
CRITICAL - 2023-12-15 10:48:56 --> Undefined variable: jurusan
in APPPATH\Views\v_kelas.php on line 81.
 1 APPPATH\Views\v_kelas.php(81): CodeIgniter\Debug\Exceptions->errorHandler(8, 'Undefined variable: jurusan', 'C:\\xampp\\htdocs\\akademik_gatra\\app\\Views\\v_kelas.php', 81, [...])
 2 SYSTEMPATH\View\View.php(228): include('C:\\xampp\\htdocs\\akademik_gatra\\app\\Views\\v_kelas.php')
 3 SYSTEMPATH\View\View.php(231): CodeIgniter\View\View->CodeIgniter\View\{closure}()
 4 SYSTEMPATH\Common.php(1190): CodeIgniter\View\View->render('v_kelas', [], true)
 5 APPPATH\Views\v_template_admin.php(219): view('v_kelas')
 6 SYSTEMPATH\View\View.php(228): include('C:\\xampp\\htdocs\\akademik_gatra\\app\\Views\\v_template_admin.php')
 7 SYSTEMPATH\View\View.php(231): CodeIgniter\View\View->CodeIgniter\View\{closure}()
 8 SYSTEMPATH\Common.php(1190): CodeIgniter\View\View->render('v_template_admin', [], true)
 9 APPPATH\Controllers\Kelas.php(25): view('v_template_admin', [...])
10 SYSTEMPATH\CodeIgniter.php(942): App\Controllers\Kelas->index()
11 SYSTEMPATH\CodeIgniter.php(502): CodeIgniter\CodeIgniter->runController(Object(App\Controllers\Kelas))
12 SYSTEMPATH\CodeIgniter.php(361): CodeIgniter\CodeIgniter->handleRequest(null, Object(Config\Cache), false)
13 FCPATH\index.php(79): CodeIgniter\CodeIgniter->run()
INFO - 2023-12-15 10:51:03 --> Session: Class initialized using 'CodeIgniter\Session\Handlers\FileHandler' driver.
INFO - 2023-12-15 10:54:32 --> Session: Class initialized using 'CodeIgniter\Session\Handlers\FileHandler' driver.
CRITICAL - 2023-12-15 10:54:32 --> Undefined variable: jurusan
in APPPATH\Views\v_kelas.php on line 81.
 1 APPPATH\Views\v_kelas.php(81): CodeIgniter\Debug\Exceptions->errorHandler(8, 'Undefined variable: jurusan', 'C:\\xampp\\htdocs\\akademik_gatra\\app\\Views\\v_kelas.php', 81, [...])
 2 SYSTEMPATH\View\View.php(228): include('C:\\xampp\\htdocs\\akademik_gatra\\app\\Views\\v_kelas.php')
 3 SYSTEMPATH\View\View.php(231): CodeIgniter\View\View->CodeIgniter\View\{closure}()
 4 SYSTEMPATH\Common.php(1190): CodeIgniter\View\View->render('v_kelas', [], true)
 5 APPPATH\Views\v_template_admin.php(219): view('v_kelas')
 6 SYSTEMPATH\View\View.php(228): include('C:\\xampp\\htdocs\\akademik_gatra\\app\\Views\\v_template_admin.php')
 7 SYSTEMPATH\View\View.php(231): CodeIgniter\View\View->CodeIgniter\View\{closure}()
 8 SYSTEMPATH\Common.php(1190): CodeIgniter\View\View->render('v_template_admin', [], true)
 9 APPPATH\Controllers\Kelas.php(25): view('v_template_admin', [...])
10 SYSTEMPATH\CodeIgniter.php(942): App\Controllers\Kelas->index()
11 SYSTEMPATH\CodeIgniter.php(502): CodeIgniter\CodeIgniter->runController(Object(App\Controllers\Kelas))
12 SYSTEMPATH\CodeIgniter.php(361): CodeIgniter\CodeIgniter->handleRequest(null, Object(Config\Cache), false)
13 FCPATH\index.php(79): CodeIgniter\CodeIgniter->run()
INFO - 2023-12-15 10:55:48 --> Session: Class initialized using 'CodeIgniter\Session\Handlers\FileHandler' driver.
INFO - 2023-12-15 10:55:48 --> Session: Class initialized using 'CodeIgniter\Session\Handlers\FileHandler' driver.
INFO - 2023-12-15 10:55:48 --> Session: Class initialized using 'CodeIgniter\Session\Handlers\FileHandler' driver.
CRITICAL - 2023-12-15 10:58:25 --> Class 'App\Models\ModelSekolah' not found
in APPPATH\Controllers\Auth.php on line 13.
 1 SYSTEMPATH\CodeIgniter.php(914): App\Controllers\Auth->__construct()
 2 SYSTEMPATH\CodeIgniter.php(493): CodeIgniter\CodeIgniter->createController()
 3 SYSTEMPATH\CodeIgniter.php(361): CodeIgniter\CodeIgniter->handleRequest(null, Object(Config\Cache), false)
 4 FCPATH\index.php(79): CodeIgniter\CodeIgniter->run()
INFO - 2023-12-15 11:05:48 --> Session: Class initialized using 'CodeIgniter\Session\Handlers\FileHandler' driver.
INFO - 2023-12-15 11:05:48 --> Session: Class initialized using 'CodeIgniter\Session\Handlers\FileHandler' driver.
INFO - 2023-12-15 11:05:48 --> Session: Class initialized using 'CodeIgniter\Session\Handlers\FileHandler' driver.
INFO - 2023-12-15 11:05:53 --> Session: Class initialized using 'CodeIgniter\Session\Handlers\FileHandler' driver.
INFO - 2023-12-15 11:06:04 --> Session: Class initialized using 'CodeIgniter\Session\Handlers\FileHandler' driver.
INFO - 2023-12-15 11:06:04 --> Session: Class initialized using 'CodeIgniter\Session\Handlers\FileHandler' driver.
INFO - 2023-12-15 11:07:22 --> Session: Class initialized using 'CodeIgniter\Session\Handlers\FileHandler' driver.
INFO - 2023-12-15 11:07:25 --> Session: Class initialized using 'CodeIgniter\Session\Handlers\FileHandler' driver.
ERROR - 2023-12-15 11:07:25 --> mysqli_sql_exception: Unknown column 'id_jurusan' in 'where clause' in C:\xampp\htdocs\akademik_gatra\system\Database\MySQLi\Connection.php:306
Stack trace:
#0 C:\xampp\htdocs\akademik_gatra\system\Database\MySQLi\Connection.php(306): mysqli->query('SELECT *\nFROM `...', 0)
#1 C:\xampp\htdocs\akademik_gatra\system\Database\BaseConnection.php(693): CodeIgniter\Database\MySQLi\Connection->execute('SELECT *\nFROM `...')
#2 C:\xampp\htdocs\akademik_gatra\system\Database\BaseConnection.php(607): CodeIgniter\Database\BaseConnection->simpleQuery('SELECT *\nFROM `...')
#3 C:\xampp\htdocs\akademik_gatra\system\Database\BaseBuilder.php(1615): CodeIgniter\Database\BaseConnection->query('SELECT *\nFROM `...', Array, false)
#4 C:\xampp\htdocs\akademik_gatra\app\Models\ModelBerita.php(24): CodeIgniter\Database\BaseBuilder->get()
#5 C:\xampp\htdocs\akademik_gatra\app\Controllers\Berita.php(96): App\Models\ModelBerita->DetailData('1')
#6 C:\xampp\htdocs\akademik_gatra\system\CodeIgniter.php(942): App\Controllers\Berita->Edit('1')
#7 C:\xampp\htdocs\akademik_gatra\system\CodeIgniter.php(502): CodeIgniter\CodeIgniter->runController(Object(App\Controllers\Berita))
#8 C:\xampp\htdocs\akademik_gatra\system\CodeIgniter.php(361): CodeIgniter\CodeIgniter->handleRequest(NULL, Object(Config\Cache), false)
#9 C:\xampp\htdocs\akademik_gatra\public\index.php(79): CodeIgniter\CodeIgniter->run()
#10 {main}
CRITICAL - 2023-12-15 11:07:25 --> Unknown column 'id_jurusan' in 'where clause'
in SYSTEMPATH\Database\BaseConnection.php on line 647.
 1 SYSTEMPATH\Database\BaseBuilder.php(1615): CodeIgniter\Database\BaseConnection->query('SELECT *
FROM `tbl_berita`
WHERE `id_jurusan` = :id_jurusan:', [...], false)
 2 APPPATH\Models\ModelBerita.php(24): CodeIgniter\Database\BaseBuilder->get()
 3 APPPATH\Controllers\Berita.php(96): App\Models\ModelBerita->DetailData('1')
 4 SYSTEMPATH\CodeIgniter.php(942): App\Controllers\Berita->Edit('1')
 5 SYSTEMPATH\CodeIgniter.php(502): CodeIgniter\CodeIgniter->runController(Object(App\Controllers\Berita))
 6 SYSTEMPATH\CodeIgniter.php(361): CodeIgniter\CodeIgniter->handleRequest(null, Object(Config\Cache), false)
 7 FCPATH\index.php(79): CodeIgniter\CodeIgniter->run()
INFO - 2023-12-15 11:07:28 --> Session: Class initialized using 'CodeIgniter\Session\Handlers\FileHandler' driver.
INFO - 2023-12-15 11:09:42 --> Session: Class initialized using 'CodeIgniter\Session\Handlers\FileHandler' driver.
INFO - 2023-12-15 11:09:45 --> Session: Class initialized using 'CodeIgniter\Session\Handlers\FileHandler' driver.
CRITICAL - 2023-12-15 11:09:45 --> Undefined variable: id_jurusan
in APPPATH\Controllers\Berita.php on line 96.
 1 APPPATH\Controllers\Berita.php(96): CodeIgniter\Debug\Exceptions->errorHandler(8, 'Undefined variable: id_jurusan', 'C:\\xampp\\htdocs\\akademik_gatra\\app\\Controllers\\Berita.php', 96, [...])
 2 SYSTEMPATH\CodeIgniter.php(942): App\Controllers\Berita->Edit('1')
 3 SYSTEMPATH\CodeIgniter.php(502): CodeIgniter\CodeIgniter->runController(Object(App\Controllers\Berita))
 4 SYSTEMPATH\CodeIgniter.php(361): CodeIgniter\CodeIgniter->handleRequest(null, Object(Config\Cache), false)
 5 FCPATH\index.php(79): CodeIgniter\CodeIgniter->run()
INFO - 2023-12-15 11:09:47 --> Session: Class initialized using 'CodeIgniter\Session\Handlers\FileHandler' driver.
CRITICAL - 2023-12-15 11:09:47 --> Undefined variable: id_jurusan
in APPPATH\Controllers\Berita.php on line 96.
 1 APPPATH\Controllers\Berita.php(96): CodeIgniter\Debug\Exceptions->errorHandler(8, 'Undefined variable: id_jurusan', 'C:\\xampp\\htdocs\\akademik_gatra\\app\\Controllers\\Berita.php', 96, [...])
 2 SYSTEMPATH\CodeIgniter.php(942): App\Controllers\Berita->Edit('1')
 3 SYSTEMPATH\CodeIgniter.php(502): CodeIgniter\CodeIgniter->runController(Object(App\Controllers\Berita))
 4 SYSTEMPATH\CodeIgniter.php(361): CodeIgniter\CodeIgniter->handleRequest(null, Object(Config\Cache), false)
 5 FCPATH\index.php(79): CodeIgniter\CodeIgniter->run()
INFO - 2023-12-15 11:13:59 --> Session: Class initialized using 'CodeIgniter\Session\Handlers\FileHandler' driver.
CRITICAL - 2023-12-15 11:14:00 --> Undefined variable: id_jurusan
in APPPATH\Controllers\Berita.php on line 96.
 1 APPPATH\Controllers\Berita.php(96): CodeIgniter\Debug\Exceptions->errorHandler(8, 'Undefined variable: id_jurusan', 'C:\\xampp\\htdocs\\akademik_gatra\\app\\Controllers\\Berita.php', 96, [...])
 2 SYSTEMPATH\CodeIgniter.php(942): App\Controllers\Berita->Edit('1')
 3 SYSTEMPATH\CodeIgniter.php(502): CodeIgniter\CodeIgniter->runController(Object(App\Controllers\Berita))
 4 SYSTEMPATH\CodeIgniter.php(361): CodeIgniter\CodeIgniter->handleRequest(null, Object(Config\Cache), false)
 5 FCPATH\index.php(79): CodeIgniter\CodeIgniter->run()
INFO - 2023-12-15 11:14:02 --> Session: Class initialized using 'CodeIgniter\Session\Handlers\FileHandler' driver.
CRITICAL - 2023-12-15 11:14:02 --> Undefined variable: id_jurusan
in APPPATH\Controllers\Berita.php on line 96.
 1 APPPATH\Controllers\Berita.php(96): CodeIgniter\Debug\Exceptions->errorHandler(8, 'Undefined variable: id_jurusan', 'C:\\xampp\\htdocs\\akademik_gatra\\app\\Controllers\\Berita.php', 96, [...])
 2 SYSTEMPATH\CodeIgniter.php(942): App\Controllers\Berita->Edit('1')
 3 SYSTEMPATH\CodeIgniter.php(502): CodeIgniter\CodeIgniter->runController(Object(App\Controllers\Berita))
 4 SYSTEMPATH\CodeIgniter.php(361): CodeIgniter\CodeIgniter->handleRequest(null, Object(Config\Cache), false)
 5 FCPATH\index.php(79): CodeIgniter\CodeIgniter->run()
INFO - 2023-12-15 11:14:52 --> Session: Class initialized using 'CodeIgniter\Session\Handlers\FileHandler' driver.
INFO - 2023-12-15 11:17:56 --> Session: Class initialized using 'CodeIgniter\Session\Handlers\FileHandler' driver.
INFO - 2023-12-15 11:17:58 --> Session: Class initialized using 'CodeIgniter\Session\Handlers\FileHandler' driver.
INFO - 2023-12-15 11:18:01 --> Session: Class initialized using 'CodeIgniter\Session\Handlers\FileHandler' driver.
INFO - 2023-12-15 11:18:35 --> Session: Class initialized using 'CodeIgniter\Session\Handlers\FileHandler' driver.
CRITICAL - 2023-12-15 11:18:36 --> Trying to access array offset on value of type null
in APPPATH\Views\berita\v_edit.php on line 11.
 1 APPPATH\Views\berita\v_edit.php(11): CodeIgniter\Debug\Exceptions->errorHandler(8, 'Trying to access array offset on value of type null', 'C:\\xampp\\htdocs\\akademik_gatra\\app\\Views\\berita\\v_edit.php', 11, [...])
 2 SYSTEMPATH\View\View.php(228): include('C:\\xampp\\htdocs\\akademik_gatra\\app\\Views\\berita\\v_edit.php')
 3 SYSTEMPATH\View\View.php(231): CodeIgniter\View\View->CodeIgniter\View\{closure}()
 4 SYSTEMPATH\Common.php(1190): CodeIgniter\View\View->render('berita/v_edit', [], true)
 5 APPPATH\Views\v_template_admin.php(219): view('berita/v_edit')
 6 SYSTEMPATH\View\View.php(228): include('C:\\xampp\\htdocs\\akademik_gatra\\app\\Views\\v_template_admin.php')
 7 SYSTEMPATH\View\View.php(231): CodeIgniter\View\View->CodeIgniter\View\{closure}()
 8 SYSTEMPATH\Common.php(1190): CodeIgniter\View\View->render('v_template_admin', [], true)
 9 APPPATH\Controllers\Berita.php(99): view('v_template_admin', [...])
10 SYSTEMPATH\CodeIgniter.php(942): App\Controllers\Berita->Edit('1')
11 SYSTEMPATH\CodeIgniter.php(502): CodeIgniter\CodeIgniter->runController(Object(App\Controllers\Berita))
12 SYSTEMPATH\CodeIgniter.php(361): CodeIgniter\CodeIgniter->handleRequest(null, Object(Config\Cache), false)
13 FCPATH\index.php(79): CodeIgniter\CodeIgniter->run()
INFO - 2023-12-15 11:18:39 --> Session: Class initialized using 'CodeIgniter\Session\Handlers\FileHandler' driver.
INFO - 2023-12-15 11:18:42 --> Session: Class initialized using 'CodeIgniter\Session\Handlers\FileHandler' driver.
INFO - 2023-12-15 11:18:52 --> Session: Class initialized using 'CodeIgniter\Session\Handlers\FileHandler' driver.
INFO - 2023-12-15 14:31:12 --> Session: Class initialized using 'CodeIgniter\Session\Handlers\FileHandler' driver.
INFO - 2023-12-15 14:31:13 --> Session: Class initialized using 'CodeIgniter\Session\Handlers\FileHandler' driver.
INFO - 2023-12-15 14:31:27 --> Session: Class initialized using 'CodeIgniter\Session\Handlers\FileHandler' driver.
INFO - 2023-12-15 14:31:27 --> Session: Class initialized using 'CodeIgniter\Session\Handlers\FileHandler' driver.
INFO - 2023-12-15 14:31:32 --> Session: Class initialized using 'CodeIgniter\Session\Handlers\FileHandler' driver.
INFO - 2023-12-15 14:32:49 --> Session: Class initialized using 'CodeIgniter\Session\Handlers\FileHandler' driver.
INFO - 2023-12-15 14:45:43 --> Session: Class initialized using 'CodeIgniter\Session\Handlers\FileHandler' driver.
CRITICAL - 2023-12-15 14:45:43 --> Undefined variable: tbl_jurusan
in APPPATH\Views\v_kelas.php on line 81.
 1 APPPATH\Views\v_kelas.php(81): CodeIgniter\Debug\Exceptions->errorHandler(8, 'Undefined variable: tbl_jurusan', 'C:\\xampp\\htdocs\\akademik_gatra\\app\\Views\\v_kelas.php', 81, [...])
 2 SYSTEMPATH\View\View.php(228): include('C:\\xampp\\htdocs\\akademik_gatra\\app\\Views\\v_kelas.php')
 3 SYSTEMPATH\View\View.php(231): CodeIgniter\View\View->CodeIgniter\View\{closure}()
 4 SYSTEMPATH\Common.php(1190): CodeIgniter\View\View->render('v_kelas', [], true)
 5 APPPATH\Views\v_template_admin.php(219): view('v_kelas')
 6 SYSTEMPATH\View\View.php(228): include('C:\\xampp\\htdocs\\akademik_gatra\\app\\Views\\v_template_admin.php')
 7 SYSTEMPATH\View\View.php(231): CodeIgniter\View\View->CodeIgniter\View\{closure}()
 8 SYSTEMPATH\Common.php(1190): CodeIgniter\View\View->render('v_template_admin', [], true)
 9 APPPATH\Controllers\Kelas.php(25): view('v_template_admin', [...])
10 SYSTEMPATH\CodeIgniter.php(942): App\Controllers\Kelas->index()
11 SYSTEMPATH\CodeIgniter.php(502): CodeIgniter\CodeIgniter->runController(Object(App\Controllers\Kelas))
12 SYSTEMPATH\CodeIgniter.php(361): CodeIgniter\CodeIgniter->handleRequest(null, Object(Config\Cache), false)
13 FCPATH\index.php(79): CodeIgniter\CodeIgniter->run()
INFO - 2023-12-15 14:51:12 --> Session: Class initialized using 'CodeIgniter\Session\Handlers\FileHandler' driver.
CRITICAL - 2023-12-15 14:51:12 --> Undefined variable: tbl_jurusan
in APPPATH\Views\v_kelas.php on line 81.
 1 APPPATH\Views\v_kelas.php(81): CodeIgniter\Debug\Exceptions->errorHandler(8, 'Undefined variable: tbl_jurusan', 'C:\\xampp\\htdocs\\akademik_gatra\\app\\Views\\v_kelas.php', 81, [...])
 2 SYSTEMPATH\View\View.php(228): include('C:\\xampp\\htdocs\\akademik_gatra\\app\\Views\\v_kelas.php')
 3 SYSTEMPATH\View\View.php(231): CodeIgniter\View\View->CodeIgniter\View\{closure}()
 4 SYSTEMPATH\Common.php(1190): CodeIgniter\View\View->render('v_kelas', [], true)
 5 APPPATH\Views\v_template_admin.php(219): view('v_kelas')
 6 SYSTEMPATH\View\View.php(228): include('C:\\xampp\\htdocs\\akademik_gatra\\app\\Views\\v_template_admin.php')
 7 SYSTEMPATH\View\View.php(231): CodeIgniter\View\View->CodeIgniter\View\{closure}()
 8 SYSTEMPATH\Common.php(1190): CodeIgniter\View\View->render('v_template_admin', [], true)
 9 APPPATH\Controllers\Kelas.php(25): view('v_template_admin', [...])
10 SYSTEMPATH\CodeIgniter.php(942): App\Controllers\Kelas->index()
11 SYSTEMPATH\CodeIgniter.php(502): CodeIgniter\CodeIgniter->runController(Object(App\Controllers\Kelas))
12 SYSTEMPATH\CodeIgniter.php(361): CodeIgniter\CodeIgniter->handleRequest(null, Object(Config\Cache), false)
13 FCPATH\index.php(79): CodeIgniter\CodeIgniter->run()
INFO - 2023-12-15 14:51:50 --> Session: Class initialized using 'CodeIgniter\Session\Handlers\FileHandler' driver.
INFO - 2023-12-15 14:52:03 --> Session: Class initialized using 'CodeIgniter\Session\Handlers\FileHandler' driver.
INFO - 2023-12-15 14:52:12 --> Session: Class initialized using 'CodeIgniter\Session\Handlers\FileHandler' driver.
INFO - 2023-12-15 15:20:00 --> Session: Class initialized using 'CodeIgniter\Session\Handlers\FileHandler' driver.
INFO - 2023-12-15 15:36:30 --> Session: Class initialized using 'CodeIgniter\Session\Handlers\FileHandler' driver.
INFO - 2023-12-15 15:36:30 --> Session: Class initialized using 'CodeIgniter\Session\Handlers\FileHandler' driver.
INFO - 2023-12-15 15:36:41 --> Session: Class initialized using 'CodeIgniter\Session\Handlers\FileHandler' driver.
INFO - 2023-12-15 15:36:41 --> Session: Class initialized using 'CodeIgniter\Session\Handlers\FileHandler' driver.
INFO - 2023-12-15 15:36:45 --> Session: Class initialized using 'CodeIgniter\Session\Handlers\FileHandler' driver.
CRITICAL - 2023-12-15 15:36:45 --> Undefined index: kelas
in APPPATH\Views\v_kelas.php on line 45.
 1 APPPATH\Views\v_kelas.php(45): CodeIgniter\Debug\Exceptions->errorHandler(8, 'Undefined index: kelas', 'C:\\xampp\\htdocs\\akademik_gatra\\app\\Views\\v_kelas.php', 45, [...])
 2 SYSTEMPATH\View\View.php(228): include('C:\\xampp\\htdocs\\akademik_gatra\\app\\Views\\v_kelas.php')
 3 SYSTEMPATH\View\View.php(231): CodeIgniter\View\View->CodeIgniter\View\{closure}()
 4 SYSTEMPATH\Common.php(1190): CodeIgniter\View\View->render('v_kelas', [], true)
 5 APPPATH\Views\v_template_admin.php(219): view('v_kelas')
 6 SYSTEMPATH\View\View.php(228): include('C:\\xampp\\htdocs\\akademik_gatra\\app\\Views\\v_template_admin.php')
 7 SYSTEMPATH\View\View.php(231): CodeIgniter\View\View->CodeIgniter\View\{closure}()
 8 SYSTEMPATH\Common.php(1190): CodeIgniter\View\View->render('v_template_admin', [], true)
 9 APPPATH\Controllers\Kelas.php(25): view('v_template_admin', [...])
10 SYSTEMPATH\CodeIgniter.php(942): App\Controllers\Kelas->index()
11 SYSTEMPATH\CodeIgniter.php(502): CodeIgniter\CodeIgniter->runController(Object(App\Controllers\Kelas))
12 SYSTEMPATH\CodeIgniter.php(361): CodeIgniter\CodeIgniter->handleRequest(null, Object(Config\Cache), false)
13 FCPATH\index.php(79): CodeIgniter\CodeIgniter->run()
INFO - 2023-12-15 15:37:07 --> Session: Class initialized using 'CodeIgniter\Session\Handlers\FileHandler' driver.
CRITICAL - 2023-12-15 15:37:07 --> Undefined index: kelas
in APPPATH\Views\v_kelas.php on line 45.
 1 APPPATH\Views\v_kelas.php(45): CodeIgniter\Debug\Exceptions->errorHandler(8, 'Undefined index: kelas', 'C:\\xampp\\htdocs\\akademik_gatra\\app\\Views\\v_kelas.php', 45, [...])
 2 SYSTEMPATH\View\View.php(228): include('C:\\xampp\\htdocs\\akademik_gatra\\app\\Views\\v_kelas.php')
 3 SYSTEMPATH\View\View.php(231): CodeIgniter\View\View->CodeIgniter\View\{closure}()
 4 SYSTEMPATH\Common.php(1190): CodeIgniter\View\View->render('v_kelas', [], true)
 5 APPPATH\Views\v_template_admin.php(219): view('v_kelas')
 6 SYSTEMPATH\View\View.php(228): include('C:\\xampp\\htdocs\\akademik_gatra\\app\\Views\\v_template_admin.php')
 7 SYSTEMPATH\View\View.php(231): CodeIgniter\View\View->CodeIgniter\View\{closure}()
 8 SYSTEMPATH\Common.php(1190): CodeIgniter\View\View->render('v_template_admin', [], true)
 9 APPPATH\Controllers\Kelas.php(25): view('v_template_admin', [...])
10 SYSTEMPATH\CodeIgniter.php(942): App\Controllers\Kelas->index()
11 SYSTEMPATH\CodeIgniter.php(502): CodeIgniter\CodeIgniter->runController(Object(App\Controllers\Kelas))
12 SYSTEMPATH\CodeIgniter.php(361): CodeIgniter\CodeIgniter->handleRequest(null, Object(Config\Cache), false)
13 FCPATH\index.php(79): CodeIgniter\CodeIgniter->run()
INFO - 2023-12-15 15:37:37 --> Session: Class initialized using 'CodeIgniter\Session\Handlers\FileHandler' driver.
CRITICAL - 2023-12-15 15:37:37 --> Undefined index: kelas
in APPPATH\Views\v_kelas.php on line 114.
 1 APPPATH\Views\v_kelas.php(114): CodeIgniter\Debug\Exceptions->errorHandler(8, 'Undefined index: kelas', 'C:\\xampp\\htdocs\\akademik_gatra\\app\\Views\\v_kelas.php', 114, [...])
 2 SYSTEMPATH\View\View.php(228): include('C:\\xampp\\htdocs\\akademik_gatra\\app\\Views\\v_kelas.php')
 3 SYSTEMPATH\View\View.php(231): CodeIgniter\View\View->CodeIgniter\View\{closure}()
 4 SYSTEMPATH\Common.php(1190): CodeIgniter\View\View->render('v_kelas', [], true)
 5 APPPATH\Views\v_template_admin.php(219): view('v_kelas')
 6 SYSTEMPATH\View\View.php(228): include('C:\\xampp\\htdocs\\akademik_gatra\\app\\Views\\v_template_admin.php')
 7 SYSTEMPATH\View\View.php(231): CodeIgniter\View\View->CodeIgniter\View\{closure}()
 8 SYSTEMPATH\Common.php(1190): CodeIgniter\View\View->render('v_template_admin', [], true)
 9 APPPATH\Controllers\Kelas.php(25): view('v_template_admin', [...])
10 SYSTEMPATH\CodeIgniter.php(942): App\Controllers\Kelas->index()
11 SYSTEMPATH\CodeIgniter.php(502): CodeIgniter\CodeIgniter->runController(Object(App\Controllers\Kelas))
12 SYSTEMPATH\CodeIgniter.php(361): CodeIgniter\CodeIgniter->handleRequest(null, Object(Config\Cache), false)
13 FCPATH\index.php(79): CodeIgniter\CodeIgniter->run()
INFO - 2023-12-15 15:38:48 --> Session: Class initialized using 'CodeIgniter\Session\Handlers\FileHandler' driver.
INFO - 2023-12-15 15:40:05 --> Session: Class initialized using 'CodeIgniter\Session\Handlers\FileHandler' driver.
CRITICAL - 2023-12-15 15:40:05 --> Undefined index: nama_jurusan
in APPPATH\Views\v_kelas.php on line 46.
 1 APPPATH\Views\v_kelas.php(46): CodeIgniter\Debug\Exceptions->errorHandler(8, 'Undefined index: nama_jurusan', 'C:\\xampp\\htdocs\\akademik_gatra\\app\\Views\\v_kelas.php', 46, [...])
 2 SYSTEMPATH\View\View.php(228): include('C:\\xampp\\htdocs\\akademik_gatra\\app\\Views\\v_kelas.php')
 3 SYSTEMPATH\View\View.php(231): CodeIgniter\View\View->CodeIgniter\View\{closure}()
 4 SYSTEMPATH\Common.php(1190): CodeIgniter\View\View->render('v_kelas', [], true)
 5 APPPATH\Views\v_template_admin.php(219): view('v_kelas')
 6 SYSTEMPATH\View\View.php(228): include('C:\\xampp\\htdocs\\akademik_gatra\\app\\Views\\v_template_admin.php')
 7 SYSTEMPATH\View\View.php(231): CodeIgniter\View\View->CodeIgniter\View\{closure}()
 8 SYSTEMPATH\Common.php(1190): CodeIgniter\View\View->render('v_template_admin', [], true)
 9 APPPATH\Controllers\Kelas.php(25): view('v_template_admin', [...])
10 SYSTEMPATH\CodeIgniter.php(942): App\Controllers\Kelas->index()
11 SYSTEMPATH\CodeIgniter.php(502): CodeIgniter\CodeIgniter->runController(Object(App\Controllers\Kelas))
12 SYSTEMPATH\CodeIgniter.php(361): CodeIgniter\CodeIgniter->handleRequest(null, Object(Config\Cache), false)
13 FCPATH\index.php(79): CodeIgniter\CodeIgniter->run()
INFO - 2023-12-15 15:40:23 --> Session: Class initialized using 'CodeIgniter\Session\Handlers\FileHandler' driver.
INFO - 2023-12-15 15:43:22 --> Session: Class initialized using 'CodeIgniter\Session\Handlers\FileHandler' driver.
INFO - 2023-12-15 15:43:22 --> Session: Class initialized using 'CodeIgniter\Session\Handlers\FileHandler' driver.
INFO - 2023-12-15 15:43:34 --> Session: Class initialized using 'CodeIgniter\Session\Handlers\FileHandler' driver.
INFO - 2023-12-15 15:43:34 --> Session: Class initialized using 'CodeIgniter\Session\Handlers\FileHandler' driver.
INFO - 2023-12-15 15:43:39 --> Session: Class initialized using 'CodeIgniter\Session\Handlers\FileHandler' driver.
INFO - 2023-12-15 15:46:59 --> Session: Class initialized using 'CodeIgniter\Session\Handlers\FileHandler' driver.
CRITICAL - 2023-12-15 15:46:59 --> Undefined variable: jurusan
in APPPATH\Views\v_kelas.php on line 85.
 1 APPPATH\Views\v_kelas.php(85): CodeIgniter\Debug\Exceptions->errorHandler(8, 'Undefined variable: jurusan', 'C:\\xampp\\htdocs\\akademik_gatra\\app\\Views\\v_kelas.php', 85, [...])
 2 SYSTEMPATH\View\View.php(228): include('C:\\xampp\\htdocs\\akademik_gatra\\app\\Views\\v_kelas.php')
 3 SYSTEMPATH\View\View.php(231): CodeIgniter\View\View->CodeIgniter\View\{closure}()
 4 SYSTEMPATH\Common.php(1190): CodeIgniter\View\View->render('v_kelas', [], true)
 5 APPPATH\Views\v_template_admin.php(219): view('v_kelas')
 6 SYSTEMPATH\View\View.php(228): include('C:\\xampp\\htdocs\\akademik_gatra\\app\\Views\\v_template_admin.php')
 7 SYSTEMPATH\View\View.php(231): CodeIgniter\View\View->CodeIgniter\View\{closure}()
 8 SYSTEMPATH\Common.php(1190): CodeIgniter\View\View->render('v_template_admin', [], true)
 9 APPPATH\Controllers\Kelas.php(25): view('v_template_admin', [...])
10 SYSTEMPATH\CodeIgniter.php(942): App\Controllers\Kelas->index()
11 SYSTEMPATH\CodeIgniter.php(502): CodeIgniter\CodeIgniter->runController(Object(App\Controllers\Kelas))
12 SYSTEMPATH\CodeIgniter.php(361): CodeIgniter\CodeIgniter->handleRequest(null, Object(Config\Cache), false)
13 FCPATH\index.php(79): CodeIgniter\CodeIgniter->run()
INFO - 2023-12-15 15:53:56 --> Session: Class initialized using 'CodeIgniter\Session\Handlers\FileHandler' driver.
CRITICAL - 2023-12-15 15:53:56 --> Call to undefined method CodeIgniter\Database\MySQLi\Connection::select()
in APPPATH\Models\ModelKelas.php on line 11.
 1 APPPATH\Controllers\Kelas.php(23): App\Models\ModelKelas->AllData()
 2 SYSTEMPATH\CodeIgniter.php(942): App\Controllers\Kelas->index()
 3 SYSTEMPATH\CodeIgniter.php(502): CodeIgniter\CodeIgniter->runController(Object(App\Controllers\Kelas))
 4 SYSTEMPATH\CodeIgniter.php(361): CodeIgniter\CodeIgniter->handleRequest(null, Object(Config\Cache), false)
 5 FCPATH\index.php(79): CodeIgniter\CodeIgniter->run()
INFO - 2023-12-15 15:56:06 --> Session: Class initialized using 'CodeIgniter\Session\Handlers\FileHandler' driver.
CRITICAL - 2023-12-15 15:56:06 --> Undefined variable: jurusan
in APPPATH\Views\v_kelas.php on line 85.
 1 APPPATH\Views\v_kelas.php(85): CodeIgniter\Debug\Exceptions->errorHandler(8, 'Undefined variable: jurusan', 'C:\\xampp\\htdocs\\akademik_gatra\\app\\Views\\v_kelas.php', 85, [...])
 2 SYSTEMPATH\View\View.php(228): include('C:\\xampp\\htdocs\\akademik_gatra\\app\\Views\\v_kelas.php')
 3 SYSTEMPATH\View\View.php(231): CodeIgniter\View\View->CodeIgniter\View\{closure}()
 4 SYSTEMPATH\Common.php(1190): CodeIgniter\View\View->render('v_kelas', [], true)
 5 APPPATH\Views\v_template_admin.php(219): view('v_kelas')
 6 SYSTEMPATH\View\View.php(228): include('C:\\xampp\\htdocs\\akademik_gatra\\app\\Views\\v_template_admin.php')
 7 SYSTEMPATH\View\View.php(231): CodeIgniter\View\View->CodeIgniter\View\{closure}()
 8 SYSTEMPATH\Common.php(1190): CodeIgniter\View\View->render('v_template_admin', [], true)
 9 APPPATH\Controllers\Kelas.php(25): view('v_template_admin', [...])
10 SYSTEMPATH\CodeIgniter.php(942): App\Controllers\Kelas->index()
11 SYSTEMPATH\CodeIgniter.php(502): CodeIgniter\CodeIgniter->runController(Object(App\Controllers\Kelas))
12 SYSTEMPATH\CodeIgniter.php(361): CodeIgniter\CodeIgniter->handleRequest(null, Object(Config\Cache), false)
13 FCPATH\index.php(79): CodeIgniter\CodeIgniter->run()
INFO - 2023-12-15 15:59:19 --> Session: Class initialized using 'CodeIgniter\Session\Handlers\FileHandler' driver.
CRITICAL - 2023-12-15 15:59:19 --> You must set the database table to be used with your query.
in SYSTEMPATH\Database\BaseConnection.php on line 884.
 1 SYSTEMPATH\Model.php(635): CodeIgniter\Database\BaseConnection->table(null)
 2 SYSTEMPATH\Model.php(838): CodeIgniter\Model->builder()
 3 APPPATH\Models\ModelKelas.php(12): CodeIgniter\Model->__get('select_column')
 4 APPPATH\Controllers\Kelas.php(23): App\Models\ModelKelas->AllData()
 5 SYSTEMPATH\CodeIgniter.php(942): App\Controllers\Kelas->index()
 6 SYSTEMPATH\CodeIgniter.php(502): CodeIgniter\CodeIgniter->runController(Object(App\Controllers\Kelas))
 7 SYSTEMPATH\CodeIgniter.php(361): CodeIgniter\CodeIgniter->handleRequest(null, Object(Config\Cache), false)
 8 FCPATH\index.php(79): CodeIgniter\CodeIgniter->run()
INFO - 2023-12-15 15:59:40 --> Session: Class initialized using 'CodeIgniter\Session\Handlers\FileHandler' driver.
CRITICAL - 2023-12-15 15:59:40 --> Access to undeclared static property: App\Models\ModelKelas::$tbl_kelas
in APPPATH\Models\ModelKelas.php on line 12.
 1 APPPATH\Controllers\Kelas.php(23): App\Models\ModelKelas->AllData()
 2 SYSTEMPATH\CodeIgniter.php(942): App\Controllers\Kelas->index()
 3 SYSTEMPATH\CodeIgniter.php(502): CodeIgniter\CodeIgniter->runController(Object(App\Controllers\Kelas))
 4 SYSTEMPATH\CodeIgniter.php(361): CodeIgniter\CodeIgniter->handleRequest(null, Object(Config\Cache), false)
 5 FCPATH\index.php(79): CodeIgniter\CodeIgniter->run()
INFO - 2023-12-15 16:00:14 --> Session: Class initialized using 'CodeIgniter\Session\Handlers\FileHandler' driver.
CRITICAL - 2023-12-15 16:00:14 --> Access to undeclared static property: App\Models\ModelKelas::$tbl_kelas
in APPPATH\Models\ModelKelas.php on line 12.
 1 APPPATH\Controllers\Kelas.php(23): App\Models\ModelKelas->AllData()
 2 SYSTEMPATH\CodeIgniter.php(942): App\Controllers\Kelas->index()
 3 SYSTEMPATH\CodeIgniter.php(502): CodeIgniter\CodeIgniter->runController(Object(App\Controllers\Kelas))
 4 SYSTEMPATH\CodeIgniter.php(361): CodeIgniter\CodeIgniter->handleRequest(null, Object(Config\Cache), false)
 5 FCPATH\index.php(79): CodeIgniter\CodeIgniter->run()
INFO - 2023-12-15 16:42:02 --> Session: Class initialized using 'CodeIgniter\Session\Handlers\FileHandler' driver.
CRITICAL - 2023-12-15 16:42:03 --> Undefined variable: jurusan
in APPPATH\Views\v_kelas.php on line 85.
 1 APPPATH\Views\v_kelas.php(85): CodeIgniter\Debug\Exceptions->errorHandler(8, 'Undefined variable: jurusan', 'C:\\xampp\\htdocs\\akademik_gatra\\app\\Views\\v_kelas.php', 85, [...])
 2 SYSTEMPATH\View\View.php(228): include('C:\\xampp\\htdocs\\akademik_gatra\\app\\Views\\v_kelas.php')
 3 SYSTEMPATH\View\View.php(231): CodeIgniter\View\View->CodeIgniter\View\{closure}()
 4 SYSTEMPATH\Common.php(1190): CodeIgniter\View\View->render('v_kelas', [], true)
 5 APPPATH\Views\v_template_admin.php(219): view('v_kelas')
 6 SYSTEMPATH\View\View.php(228): include('C:\\xampp\\htdocs\\akademik_gatra\\app\\Views\\v_template_admin.php')
 7 SYSTEMPATH\View\View.php(231): CodeIgniter\View\View->CodeIgniter\View\{closure}()
 8 SYSTEMPATH\Common.php(1190): CodeIgniter\View\View->render('v_template_admin', [], true)
 9 APPPATH\Controllers\Kelas.php(25): view('v_template_admin', [...])
10 SYSTEMPATH\CodeIgniter.php(942): App\Controllers\Kelas->index()
11 SYSTEMPATH\CodeIgniter.php(502): CodeIgniter\CodeIgniter->runController(Object(App\Controllers\Kelas))
12 SYSTEMPATH\CodeIgniter.php(361): CodeIgniter\CodeIgniter->handleRequest(null, Object(Config\Cache), false)
13 FCPATH\index.php(79): CodeIgniter\CodeIgniter->run()
INFO - 2023-12-15 16:42:06 --> Session: Class initialized using 'CodeIgniter\Session\Handlers\FileHandler' driver.
CRITICAL - 2023-12-15 16:42:06 --> Undefined variable: jurusan
in APPPATH\Views\v_kelas.php on line 85.
 1 APPPATH\Views\v_kelas.php(85): CodeIgniter\Debug\Exceptions->errorHandler(8, 'Undefined variable: jurusan', 'C:\\xampp\\htdocs\\akademik_gatra\\app\\Views\\v_kelas.php', 85, [...])
 2 SYSTEMPATH\View\View.php(228): include('C:\\xampp\\htdocs\\akademik_gatra\\app\\Views\\v_kelas.php')
 3 SYSTEMPATH\View\View.php(231): CodeIgniter\View\View->CodeIgniter\View\{closure}()
 4 SYSTEMPATH\Common.php(1190): CodeIgniter\View\View->render('v_kelas', [], true)
 5 APPPATH\Views\v_template_admin.php(219): view('v_kelas')
 6 SYSTEMPATH\View\View.php(228): include('C:\\xampp\\htdocs\\akademik_gatra\\app\\Views\\v_template_admin.php')
 7 SYSTEMPATH\View\View.php(231): CodeIgniter\View\View->CodeIgniter\View\{closure}()
 8 SYSTEMPATH\Common.php(1190): CodeIgniter\View\View->render('v_template_admin', [], true)
 9 APPPATH\Controllers\Kelas.php(25): view('v_template_admin', [...])
10 SYSTEMPATH\CodeIgniter.php(942): App\Controllers\Kelas->index()
11 SYSTEMPATH\CodeIgniter.php(502): CodeIgniter\CodeIgniter->runController(Object(App\Controllers\Kelas))
12 SYSTEMPATH\CodeIgniter.php(361): CodeIgniter\CodeIgniter->handleRequest(null, Object(Config\Cache), false)
13 FCPATH\index.php(79): CodeIgniter\CodeIgniter->run()
INFO - 2023-12-15 16:42:26 --> Session: Class initialized using 'CodeIgniter\Session\Handlers\FileHandler' driver.
CRITICAL - 2023-12-15 16:42:26 --> Undefined variable: jurusan
in APPPATH\Views\v_kelas.php on line 85.
 1 APPPATH\Views\v_kelas.php(85): CodeIgniter\Debug\Exceptions->errorHandler(8, 'Undefined variable: jurusan', 'C:\\xampp\\htdocs\\akademik_gatra\\app\\Views\\v_kelas.php', 85, [...])
 2 SYSTEMPATH\View\View.php(228): include('C:\\xampp\\htdocs\\akademik_gatra\\app\\Views\\v_kelas.php')
 3 SYSTEMPATH\View\View.php(231): CodeIgniter\View\View->CodeIgniter\View\{closure}()
 4 SYSTEMPATH\Common.php(1190): CodeIgniter\View\View->render('v_kelas', [], true)
 5 APPPATH\Views\v_template_admin.php(219): view('v_kelas')
 6 SYSTEMPATH\View\View.php(228): include('C:\\xampp\\htdocs\\akademik_gatra\\app\\Views\\v_template_admin.php')
 7 SYSTEMPATH\View\View.php(231): CodeIgniter\View\View->CodeIgniter\View\{closure}()
 8 SYSTEMPATH\Common.php(1190): CodeIgniter\View\View->render('v_template_admin', [], true)
 9 APPPATH\Controllers\Kelas.php(25): view('v_template_admin', [...])
10 SYSTEMPATH\CodeIgniter.php(942): App\Controllers\Kelas->index()
11 SYSTEMPATH\CodeIgniter.php(502): CodeIgniter\CodeIgniter->runController(Object(App\Controllers\Kelas))
12 SYSTEMPATH\CodeIgniter.php(361): CodeIgniter\CodeIgniter->handleRequest(null, Object(Config\Cache), false)
13 FCPATH\index.php(79): CodeIgniter\CodeIgniter->run()
INFO - 2023-12-15 16:42:53 --> Session: Class initialized using 'CodeIgniter\Session\Handlers\FileHandler' driver.
CRITICAL - 2023-12-15 16:42:53 --> Undefined variable: jurusan
in APPPATH\Views\v_kelas.php on line 85.
 1 APPPATH\Views\v_kelas.php(85): CodeIgniter\Debug\Exceptions->errorHandler(8, 'Undefined variable: jurusan', 'C:\\xampp\\htdocs\\akademik_gatra\\app\\Views\\v_kelas.php', 85, [...])
 2 SYSTEMPATH\View\View.php(228): include('C:\\xampp\\htdocs\\akademik_gatra\\app\\Views\\v_kelas.php')
 3 SYSTEMPATH\View\View.php(231): CodeIgniter\View\View->CodeIgniter\View\{closure}()
 4 SYSTEMPATH\Common.php(1190): CodeIgniter\View\View->render('v_kelas', [], true)
 5 APPPATH\Views\v_template_admin.php(219): view('v_kelas')
 6 SYSTEMPATH\View\View.php(228): include('C:\\xampp\\htdocs\\akademik_gatra\\app\\Views\\v_template_admin.php')
 7 SYSTEMPATH\View\View.php(231): CodeIgniter\View\View->CodeIgniter\View\{closure}()
 8 SYSTEMPATH\Common.php(1190): CodeIgniter\View\View->render('v_template_admin', [], true)
 9 APPPATH\Controllers\Kelas.php(25): view('v_template_admin', [...])
10 SYSTEMPATH\CodeIgniter.php(942): App\Controllers\Kelas->index()
11 SYSTEMPATH\CodeIgniter.php(502): CodeIgniter\CodeIgniter->runController(Object(App\Controllers\Kelas))
12 SYSTEMPATH\CodeIgniter.php(361): CodeIgniter\CodeIgniter->handleRequest(null, Object(Config\Cache), false)
13 FCPATH\index.php(79): CodeIgniter\CodeIgniter->run()
INFO - 2023-12-15 16:43:22 --> Session: Class initialized using 'CodeIgniter\Session\Handlers\FileHandler' driver.
CRITICAL - 2023-12-15 16:43:22 --> Undefined variable: guru
in APPPATH\Views\v_kelas.php on line 96.
 1 APPPATH\Views\v_kelas.php(96): CodeIgniter\Debug\Exceptions->errorHandler(8, 'Undefined variable: guru', 'C:\\xampp\\htdocs\\akademik_gatra\\app\\Views\\v_kelas.php', 96, [...])
 2 SYSTEMPATH\View\View.php(228): include('C:\\xampp\\htdocs\\akademik_gatra\\app\\Views\\v_kelas.php')
 3 SYSTEMPATH\View\View.php(231): CodeIgniter\View\View->CodeIgniter\View\{closure}()
 4 SYSTEMPATH\Common.php(1190): CodeIgniter\View\View->render('v_kelas', [], true)
 5 APPPATH\Views\v_template_admin.php(219): view('v_kelas')
 6 SYSTEMPATH\View\View.php(228): include('C:\\xampp\\htdocs\\akademik_gatra\\app\\Views\\v_template_admin.php')
 7 SYSTEMPATH\View\View.php(231): CodeIgniter\View\View->CodeIgniter\View\{closure}()
 8 SYSTEMPATH\Common.php(1190): CodeIgniter\View\View->render('v_template_admin', [], true)
 9 APPPATH\Controllers\Kelas.php(25): view('v_template_admin', [...])
10 SYSTEMPATH\CodeIgniter.php(942): App\Controllers\Kelas->index()
11 SYSTEMPATH\CodeIgniter.php(502): CodeIgniter\CodeIgniter->runController(Object(App\Controllers\Kelas))
12 SYSTEMPATH\CodeIgniter.php(361): CodeIgniter\CodeIgniter->handleRequest(null, Object(Config\Cache), false)
13 FCPATH\index.php(79): CodeIgniter\CodeIgniter->run()
INFO - 2023-12-15 16:44:08 --> Session: Class initialized using 'CodeIgniter\Session\Handlers\FileHandler' driver.
CRITICAL - 2023-12-15 16:44:08 --> Undefined variable: guru
in APPPATH\Views\v_kelas.php on line 96.
 1 APPPATH\Views\v_kelas.php(96): CodeIgniter\Debug\Exceptions->errorHandler(8, 'Undefined variable: guru', 'C:\\xampp\\htdocs\\akademik_gatra\\app\\Views\\v_kelas.php', 96, [...])
 2 SYSTEMPATH\View\View.php(228): include('C:\\xampp\\htdocs\\akademik_gatra\\app\\Views\\v_kelas.php')
 3 SYSTEMPATH\View\View.php(231): CodeIgniter\View\View->CodeIgniter\View\{closure}()
 4 SYSTEMPATH\Common.php(1190): CodeIgniter\View\View->render('v_kelas', [], true)
 5 APPPATH\Views\v_template_admin.php(219): view('v_kelas')
 6 SYSTEMPATH\View\View.php(228): include('C:\\xampp\\htdocs\\akademik_gatra\\app\\Views\\v_template_admin.php')
 7 SYSTEMPATH\View\View.php(231): CodeIgniter\View\View->CodeIgniter\View\{closure}()
 8 SYSTEMPATH\Common.php(1190): CodeIgniter\View\View->render('v_template_admin', [], true)
 9 APPPATH\Controllers\Kelas.php(25): view('v_template_admin', [...])
10 SYSTEMPATH\CodeIgniter.php(942): App\Controllers\Kelas->index()
11 SYSTEMPATH\CodeIgniter.php(502): CodeIgniter\CodeIgniter->runController(Object(App\Controllers\Kelas))
12 SYSTEMPATH\CodeIgniter.php(361): CodeIgniter\CodeIgniter->handleRequest(null, Object(Config\Cache), false)
13 FCPATH\index.php(79): CodeIgniter\CodeIgniter->run()
INFO - 2023-12-15 16:44:10 --> Session: Class initialized using 'CodeIgniter\Session\Handlers\FileHandler' driver.
INFO - 2023-12-15 16:44:13 --> Session: Class initialized using 'CodeIgniter\Session\Handlers\FileHandler' driver.
INFO - 2023-12-15 16:44:15 --> Session: Class initialized using 'CodeIgniter\Session\Handlers\FileHandler' driver.
CRITICAL - 2023-12-15 16:44:16 --> Undefined variable: guru
in APPPATH\Views\v_kelas.php on line 96.
 1 APPPATH\Views\v_kelas.php(96): CodeIgniter\Debug\Exceptions->errorHandler(8, 'Undefined variable: guru', 'C:\\xampp\\htdocs\\akademik_gatra\\app\\Views\\v_kelas.php', 96, [...])
 2 SYSTEMPATH\View\View.php(228): include('C:\\xampp\\htdocs\\akademik_gatra\\app\\Views\\v_kelas.php')
 3 SYSTEMPATH\View\View.php(231): CodeIgniter\View\View->CodeIgniter\View\{closure}()
 4 SYSTEMPATH\Common.php(1190): CodeIgniter\View\View->render('v_kelas', [], true)
 5 APPPATH\Views\v_template_admin.php(219): view('v_kelas')
 6 SYSTEMPATH\View\View.php(228): include('C:\\xampp\\htdocs\\akademik_gatra\\app\\Views\\v_template_admin.php')
 7 SYSTEMPATH\View\View.php(231): CodeIgniter\View\View->CodeIgniter\View\{closure}()
 8 SYSTEMPATH\Common.php(1190): CodeIgniter\View\View->render('v_template_admin', [], true)
 9 APPPATH\Controllers\Kelas.php(25): view('v_template_admin', [...])
10 SYSTEMPATH\CodeIgniter.php(942): App\Controllers\Kelas->index()
11 SYSTEMPATH\CodeIgniter.php(502): CodeIgniter\CodeIgniter->runController(Object(App\Controllers\Kelas))
12 SYSTEMPATH\CodeIgniter.php(361): CodeIgniter\CodeIgniter->handleRequest(null, Object(Config\Cache), false)
13 FCPATH\index.php(79): CodeIgniter\CodeIgniter->run()
INFO - 2023-12-15 16:44:44 --> Session: Class initialized using 'CodeIgniter\Session\Handlers\FileHandler' driver.
INFO - 2023-12-15 16:45:24 --> Session: Class initialized using 'CodeIgniter\Session\Handlers\FileHandler' driver.
INFO - 2023-12-15 16:45:27 --> Session: Class initialized using 'CodeIgniter\Session\Handlers\FileHandler' driver.
INFO - 2023-12-15 16:45:31 --> Session: Class initialized using 'CodeIgniter\Session\Handlers\FileHandler' driver.
INFO - 2023-12-15 16:45:33 --> Session: Class initialized using 'CodeIgniter\Session\Handlers\FileHandler' driver.
INFO - 2023-12-15 16:45:36 --> Session: Class initialized using 'CodeIgniter\Session\Handlers\FileHandler' driver.
INFO - 2023-12-15 16:46:20 --> Session: Class initialized using 'CodeIgniter\Session\Handlers\FileHandler' driver.
INFO - 2023-12-15 16:47:18 --> Session: Class initialized using 'CodeIgniter\Session\Handlers\FileHandler' driver.
INFO - 2023-12-15 16:47:20 --> Session: Class initialized using 'CodeIgniter\Session\Handlers\FileHandler' driver.
INFO - 2023-12-15 16:47:36 --> Session: Class initialized using 'CodeIgniter\Session\Handlers\FileHandler' driver.
INFO - 2023-12-15 16:47:39 --> Session: Class initialized using 'CodeIgniter\Session\Handlers\FileHandler' driver.
INFO - 2023-12-15 16:47:42 --> Session: Class initialized using 'CodeIgniter\Session\Handlers\FileHandler' driver.
INFO - 2023-12-15 16:49:31 --> Session: Class initialized using 'CodeIgniter\Session\Handlers\FileHandler' driver.
INFO - 2023-12-15 16:49:34 --> Session: Class initialized using 'CodeIgniter\Session\Handlers\FileHandler' driver.
INFO - 2023-12-15 17:01:21 --> Session: Class initialized using 'CodeIgniter\Session\Handlers\FileHandler' driver.
INFO - 2023-12-15 17:01:21 --> Session: Class initialized using 'CodeIgniter\Session\Handlers\FileHandler' driver.
INFO - 2023-12-15 17:01:24 --> Session: Class initialized using 'CodeIgniter\Session\Handlers\FileHandler' driver.
INFO - 2023-12-15 17:16:04 --> Session: Class initialized using 'CodeIgniter\Session\Handlers\FileHandler' driver.
INFO - 2023-12-15 17:16:04 --> Session: Class initialized using 'CodeIgniter\Session\Handlers\FileHandler' driver.
INFO - 2023-12-15 17:17:08 --> Session: Class initialized using 'CodeIgniter\Session\Handlers\FileHandler' driver.
INFO - 2023-12-15 17:17:30 --> Session: Class initialized using 'CodeIgniter\Session\Handlers\FileHandler' driver.
INFO - 2023-12-15 17:17:49 --> Session: Class initialized using 'CodeIgniter\Session\Handlers\FileHandler' driver.
INFO - 2023-12-15 17:18:09 --> Session: Class initialized using 'CodeIgniter\Session\Handlers\FileHandler' driver.
INFO - 2023-12-15 17:18:47 --> Session: Class initialized using 'CodeIgniter\Session\Handlers\FileHandler' driver.
INFO - 2023-12-15 17:18:53 --> Session: Class initialized using 'CodeIgniter\Session\Handlers\FileHandler' driver.
INFO - 2023-12-15 17:18:53 --> Session: Class initialized using 'CodeIgniter\Session\Handlers\FileHandler' driver.
INFO - 2023-12-15 17:18:53 --> Session: Class initialized using 'CodeIgniter\Session\Handlers\FileHandler' driver.
INFO - 2023-12-15 17:18:53 --> Session: Class initialized using 'CodeIgniter\Session\Handlers\FileHandler' driver.
INFO - 2023-12-15 17:18:54 --> Session: Class initialized using 'CodeIgniter\Session\Handlers\FileHandler' driver.
INFO - 2023-12-15 17:18:54 --> Session: Class initialized using 'CodeIgniter\Session\Handlers\FileHandler' driver.
INFO - 2023-12-15 17:18:58 --> Session: Class initialized using 'CodeIgniter\Session\Handlers\FileHandler' driver.
INFO - 2023-12-15 17:21:26 --> Session: Class initialized using 'CodeIgniter\Session\Handlers\FileHandler' driver.
INFO - 2023-12-15 17:21:26 --> Session: Class initialized using 'CodeIgniter\Session\Handlers\FileHandler' driver.
INFO - 2023-12-15 17:24:05 --> Session: Class initialized using 'CodeIgniter\Session\Handlers\FileHandler' driver.
INFO - 2023-12-15 17:24:08 --> Session: Class initialized using 'CodeIgniter\Session\Handlers\FileHandler' driver.
INFO - 2023-12-15 17:26:55 --> Session: Class initialized using 'CodeIgniter\Session\Handlers\FileHandler' driver.
INFO - 2023-12-15 17:26:57 --> Session: Class initialized using 'CodeIgniter\Session\Handlers\FileHandler' driver.
CRITICAL - 2023-12-15 17:26:57 --> Undefined index: nama_kelas
in APPPATH\Views\v_kelas.php on line 45.
 1 APPPATH\Views\v_kelas.php(45): CodeIgniter\Debug\Exceptions->errorHandler(8, 'Undefined index: nama_kelas', 'C:\\xampp\\htdocs\\akademik_gatra\\app\\Views\\v_kelas.php', 45, [...])
 2 SYSTEMPATH\View\View.php(228): include('C:\\xampp\\htdocs\\akademik_gatra\\app\\Views\\v_kelas.php')
 3 SYSTEMPATH\View\View.php(231): CodeIgniter\View\View->CodeIgniter\View\{closure}()
 4 SYSTEMPATH\Common.php(1190): CodeIgniter\View\View->render('v_kelas', [], true)
 5 APPPATH\Views\v_template_admin.php(219): view('v_kelas')
 6 SYSTEMPATH\View\View.php(228): include('C:\\xampp\\htdocs\\akademik_gatra\\app\\Views\\v_template_admin.php')
 7 SYSTEMPATH\View\View.php(231): CodeIgniter\View\View->CodeIgniter\View\{closure}()
 8 SYSTEMPATH\Common.php(1190): CodeIgniter\View\View->render('v_template_admin', [], true)
 9 APPPATH\Controllers\Kelas.php(25): view('v_template_admin', [...])
10 SYSTEMPATH\CodeIgniter.php(942): App\Controllers\Kelas->index()
11 SYSTEMPATH\CodeIgniter.php(502): CodeIgniter\CodeIgniter->runController(Object(App\Controllers\Kelas))
12 SYSTEMPATH\CodeIgniter.php(361): CodeIgniter\CodeIgniter->handleRequest(null, Object(Config\Cache), false)
13 FCPATH\index.php(79): CodeIgniter\CodeIgniter->run()
INFO - 2023-12-15 17:29:09 --> Session: Class initialized using 'CodeIgniter\Session\Handlers\FileHandler' driver.
CRITICAL - 2023-12-15 17:29:09 --> Undefined index: nama_kelas
in APPPATH\Views\v_kelas.php on line 43.
 1 APPPATH\Views\v_kelas.php(43): CodeIgniter\Debug\Exceptions->errorHandler(8, 'Undefined index: nama_kelas', 'C:\\xampp\\htdocs\\akademik_gatra\\app\\Views\\v_kelas.php', 43, [...])
 2 SYSTEMPATH\View\View.php(228): include('C:\\xampp\\htdocs\\akademik_gatra\\app\\Views\\v_kelas.php')
 3 SYSTEMPATH\View\View.php(231): CodeIgniter\View\View->CodeIgniter\View\{closure}()
 4 SYSTEMPATH\Common.php(1190): CodeIgniter\View\View->render('v_kelas', [], true)
 5 APPPATH\Views\v_template_admin.php(219): view('v_kelas')
 6 SYSTEMPATH\View\View.php(228): include('C:\\xampp\\htdocs\\akademik_gatra\\app\\Views\\v_template_admin.php')
 7 SYSTEMPATH\View\View.php(231): CodeIgniter\View\View->CodeIgniter\View\{closure}()
 8 SYSTEMPATH\Common.php(1190): CodeIgniter\View\View->render('v_template_admin', [], true)
 9 APPPATH\Controllers\Kelas.php(25): view('v_template_admin', [...])
10 SYSTEMPATH\CodeIgniter.php(942): App\Controllers\Kelas->index()
11 SYSTEMPATH\CodeIgniter.php(502): CodeIgniter\CodeIgniter->runController(Object(App\Controllers\Kelas))
12 SYSTEMPATH\CodeIgniter.php(361): CodeIgniter\CodeIgniter->handleRequest(null, Object(Config\Cache), false)
13 FCPATH\index.php(79): CodeIgniter\CodeIgniter->run()
INFO - 2023-12-15 17:29:25 --> Session: Class initialized using 'CodeIgniter\Session\Handlers\FileHandler' driver.
CRITICAL - 2023-12-15 17:29:25 --> Undefined index: nama_kelas
in APPPATH\Views\v_kelas.php on line 123.
 1 APPPATH\Views\v_kelas.php(123): CodeIgniter\Debug\Exceptions->errorHandler(8, 'Undefined index: nama_kelas', 'C:\\xampp\\htdocs\\akademik_gatra\\app\\Views\\v_kelas.php', 123, [...])
 2 SYSTEMPATH\View\View.php(228): include('C:\\xampp\\htdocs\\akademik_gatra\\app\\Views\\v_kelas.php')
 3 SYSTEMPATH\View\View.php(231): CodeIgniter\View\View->CodeIgniter\View\{closure}()
 4 SYSTEMPATH\Common.php(1190): CodeIgniter\View\View->render('v_kelas', [], true)
 5 APPPATH\Views\v_template_admin.php(219): view('v_kelas')
 6 SYSTEMPATH\View\View.php(228): include('C:\\xampp\\htdocs\\akademik_gatra\\app\\Views\\v_template_admin.php')
 7 SYSTEMPATH\View\View.php(231): CodeIgniter\View\View->CodeIgniter\View\{closure}()
 8 SYSTEMPATH\Common.php(1190): CodeIgniter\View\View->render('v_template_admin', [], true)
 9 APPPATH\Controllers\Kelas.php(25): view('v_template_admin', [...])
10 SYSTEMPATH\CodeIgniter.php(942): App\Controllers\Kelas->index()
11 SYSTEMPATH\CodeIgniter.php(502): CodeIgniter\CodeIgniter->runController(Object(App\Controllers\Kelas))
12 SYSTEMPATH\CodeIgniter.php(361): CodeIgniter\CodeIgniter->handleRequest(null, Object(Config\Cache), false)
13 FCPATH\index.php(79): CodeIgniter\CodeIgniter->run()
INFO - 2023-12-15 17:31:39 --> Session: Class initialized using 'CodeIgniter\Session\Handlers\FileHandler' driver.
CRITICAL - 2023-12-15 17:31:39 --> Undefined index: nama_kelas
in APPPATH\Views\v_kelas.php on line 106.
 1 APPPATH\Views\v_kelas.php(106): CodeIgniter\Debug\Exceptions->errorHandler(8, 'Undefined index: nama_kelas', 'C:\\xampp\\htdocs\\akademik_gatra\\app\\Views\\v_kelas.php', 106, [...])
 2 SYSTEMPATH\View\View.php(228): include('C:\\xampp\\htdocs\\akademik_gatra\\app\\Views\\v_kelas.php')
 3 SYSTEMPATH\View\View.php(231): CodeIgniter\View\View->CodeIgniter\View\{closure}()
 4 SYSTEMPATH\Common.php(1190): CodeIgniter\View\View->render('v_kelas', [], true)
 5 APPPATH\Views\v_template_admin.php(219): view('v_kelas')
 6 SYSTEMPATH\View\View.php(228): include('C:\\xampp\\htdocs\\akademik_gatra\\app\\Views\\v_template_admin.php')
 7 SYSTEMPATH\View\View.php(231): CodeIgniter\View\View->CodeIgniter\View\{closure}()
 8 SYSTEMPATH\Common.php(1190): CodeIgniter\View\View->render('v_template_admin', [], true)
 9 APPPATH\Controllers\Kelas.php(25): view('v_template_admin', [...])
10 SYSTEMPATH\CodeIgniter.php(942): App\Controllers\Kelas->index()
11 SYSTEMPATH\CodeIgniter.php(502): CodeIgniter\CodeIgniter->runController(Object(App\Controllers\Kelas))
12 SYSTEMPATH\CodeIgniter.php(361): CodeIgniter\CodeIgniter->handleRequest(null, Object(Config\Cache), false)
13 FCPATH\index.php(79): CodeIgniter\CodeIgniter->run()
INFO - 2023-12-15 17:31:41 --> Session: Class initialized using 'CodeIgniter\Session\Handlers\FileHandler' driver.
CRITICAL - 2023-12-15 17:31:41 --> Undefined index: nama_kelas
in APPPATH\Views\v_kelas.php on line 106.
 1 APPPATH\Views\v_kelas.php(106): CodeIgniter\Debug\Exceptions->errorHandler(8, 'Undefined index: nama_kelas', 'C:\\xampp\\htdocs\\akademik_gatra\\app\\Views\\v_kelas.php', 106, [...])
 2 SYSTEMPATH\View\View.php(228): include('C:\\xampp\\htdocs\\akademik_gatra\\app\\Views\\v_kelas.php')
 3 SYSTEMPATH\View\View.php(231): CodeIgniter\View\View->CodeIgniter\View\{closure}()
 4 SYSTEMPATH\Common.php(1190): CodeIgniter\View\View->render('v_kelas', [], true)
 5 APPPATH\Views\v_template_admin.php(219): view('v_kelas')
 6 SYSTEMPATH\View\View.php(228): include('C:\\xampp\\htdocs\\akademik_gatra\\app\\Views\\v_template_admin.php')
 7 SYSTEMPATH\View\View.php(231): CodeIgniter\View\View->CodeIgniter\View\{closure}()
 8 SYSTEMPATH\Common.php(1190): CodeIgniter\View\View->render('v_template_admin', [], true)
 9 APPPATH\Controllers\Kelas.php(25): view('v_template_admin', [...])
10 SYSTEMPATH\CodeIgniter.php(942): App\Controllers\Kelas->index()
11 SYSTEMPATH\CodeIgniter.php(502): CodeIgniter\CodeIgniter->runController(Object(App\Controllers\Kelas))
12 SYSTEMPATH\CodeIgniter.php(361): CodeIgniter\CodeIgniter->handleRequest(null, Object(Config\Cache), false)
13 FCPATH\index.php(79): CodeIgniter\CodeIgniter->run()
INFO - 2023-12-15 17:32:00 --> Session: Class initialized using 'CodeIgniter\Session\Handlers\FileHandler' driver.
INFO - 2023-12-15 17:32:12 --> Session: Class initialized using 'CodeIgniter\Session\Handlers\FileHandler' driver.
ERROR - 2023-12-15 17:32:12 --> mysqli_sql_exception: Unknown column 'jurusan' in 'field list' in C:\xampp\htdocs\akademik_gatra\system\Database\MySQLi\Connection.php:306
Stack trace:
#0 C:\xampp\htdocs\akademik_gatra\system\Database\MySQLi\Connection.php(306): mysqli->query('INSERT INTO `tb...', 0)
#1 C:\xampp\htdocs\akademik_gatra\system\Database\BaseConnection.php(693): CodeIgniter\Database\MySQLi\Connection->execute('INSERT INTO `tb...')
#2 C:\xampp\htdocs\akademik_gatra\system\Database\BaseConnection.php(607): CodeIgniter\Database\BaseConnection->simpleQuery('INSERT INTO `tb...')
#3 C:\xampp\htdocs\akademik_gatra\system\Database\BaseBuilder.php(2308): CodeIgniter\Database\BaseConnection->query('INSERT INTO `tb...', Array, false)
#4 C:\xampp\htdocs\akademik_gatra\app\Models\ModelKelas.php(17): CodeIgniter\Database\BaseBuilder->insert(Array)
#5 C:\xampp\htdocs\akademik_gatra\app\Controllers\Kelas.php(34): App\Models\ModelKelas->InsertData(Array)
#6 C:\xampp\htdocs\akademik_gatra\system\CodeIgniter.php(942): App\Controllers\Kelas->InsertData()
#7 C:\xampp\htdocs\akademik_gatra\system\CodeIgniter.php(502): CodeIgniter\CodeIgniter->runController(Object(App\Controllers\Kelas))
#8 C:\xampp\htdocs\akademik_gatra\system\CodeIgniter.php(361): CodeIgniter\CodeIgniter->handleRequest(NULL, Object(Config\Cache), false)
#9 C:\xampp\htdocs\akademik_gatra\public\index.php(79): CodeIgniter\CodeIgniter->run()
#10 {main}
CRITICAL - 2023-12-15 17:32:12 --> Unknown column 'jurusan' in 'field list'
in SYSTEMPATH\Database\BaseConnection.php on line 647.
 1 SYSTEMPATH\Database\BaseBuilder.php(2308): CodeIgniter\Database\BaseConnection->query('INSERT INTO `tbl_kelas` (`kelas`, `jurusan`) VALUES (:kelas:, :jurusan:)', [...], false)
 2 APPPATH\Models\ModelKelas.php(17): CodeIgniter\Database\BaseBuilder->insert([...])
 3 APPPATH\Controllers\Kelas.php(34): App\Models\ModelKelas->InsertData([...])
 4 SYSTEMPATH\CodeIgniter.php(942): App\Controllers\Kelas->InsertData()
 5 SYSTEMPATH\CodeIgniter.php(502): CodeIgniter\CodeIgniter->runController(Object(App\Controllers\Kelas))
 6 SYSTEMPATH\CodeIgniter.php(361): CodeIgniter\CodeIgniter->handleRequest(null, Object(Config\Cache), false)
 7 FCPATH\index.php(79): CodeIgniter\CodeIgniter->run()
INFO - 2023-12-15 17:32:42 --> Session: Class initialized using 'CodeIgniter\Session\Handlers\FileHandler' driver.
INFO - 2023-12-15 17:32:43 --> Session: Class initialized using 'CodeIgniter\Session\Handlers\FileHandler' driver.
INFO - 2023-12-15 17:32:56 --> Session: Class initialized using 'CodeIgniter\Session\Handlers\FileHandler' driver.
INFO - 2023-12-15 17:32:56 --> Session: Class initialized using 'CodeIgniter\Session\Handlers\FileHandler' driver.
INFO - 2023-12-15 17:33:04 --> Session: Class initialized using 'CodeIgniter\Session\Handlers\FileHandler' driver.
INFO - 2023-12-15 17:33:04 --> Session: Class initialized using 'CodeIgniter\Session\Handlers\FileHandler' driver.
INFO - 2023-12-15 17:33:08 --> Session: Class initialized using 'CodeIgniter\Session\Handlers\FileHandler' driver.
INFO - 2023-12-15 17:33:08 --> Session: Class initialized using 'CodeIgniter\Session\Handlers\FileHandler' driver.
INFO - 2023-12-15 17:33:11 --> Session: Class initialized using 'CodeIgniter\Session\Handlers\FileHandler' driver.
INFO - 2023-12-15 17:33:21 --> Session: Class initialized using 'CodeIgniter\Session\Handlers\FileHandler' driver.
INFO - 2023-12-15 17:33:24 --> Session: Class initialized using 'CodeIgniter\Session\Handlers\FileHandler' driver.
INFO - 2023-12-15 17:33:27 --> Session: Class initialized using 'CodeIgniter\Session\Handlers\FileHandler' driver.
INFO - 2023-12-15 17:34:12 --> Session: Class initialized using 'CodeIgniter\Session\Handlers\FileHandler' driver.
INFO - 2023-12-15 17:34:25 --> Session: Class initialized using 'CodeIgniter\Session\Handlers\FileHandler' driver.
INFO - 2023-12-15 17:34:25 --> Session: Class initialized using 'CodeIgniter\Session\Handlers\FileHandler' driver.
INFO - 2023-12-15 17:34:28 --> Session: Class initialized using 'CodeIgniter\Session\Handlers\FileHandler' driver.
INFO - 2023-12-15 17:35:10 --> Session: Class initialized using 'CodeIgniter\Session\Handlers\FileHandler' driver.
INFO - 2023-12-15 17:35:23 --> Session: Class initialized using 'CodeIgniter\Session\Handlers\FileHandler' driver.
INFO - 2023-12-15 17:35:24 --> Session: Class initialized using 'CodeIgniter\Session\Handlers\FileHandler' driver.
INFO - 2023-12-15 17:35:31 --> Session: Class initialized using 'CodeIgniter\Session\Handlers\FileHandler' driver.
INFO - 2023-12-15 17:35:31 --> Session: Class initialized using 'CodeIgniter\Session\Handlers\FileHandler' driver.
INFO - 2023-12-15 17:35:51 --> Session: Class initialized using 'CodeIgniter\Session\Handlers\FileHandler' driver.
INFO - 2023-12-15 17:35:52 --> Session: Class initialized using 'CodeIgniter\Session\Handlers\FileHandler' driver.
INFO - 2023-12-15 17:35:52 --> Session: Class initialized using 'CodeIgniter\Session\Handlers\FileHandler' driver.
CRITICAL - 2023-12-15 17:36:02 --> Trying to access array offset on value of type null
in APPPATH\Views\front-end\v_detail_jurusan.php on line 12.
 1 APPPATH\Views\front-end\v_detail_jurusan.php(12): CodeIgniter\Debug\Exceptions->errorHandler(8, 'Trying to access array offset on value of type null', 'C:\\xampp\\htdocs\\akademik_gatra\\app\\Views\\front-end\\v_detail_jurusan.php', 12, [...])
 2 SYSTEMPATH\View\View.php(228): include('C:\\xampp\\htdocs\\akademik_gatra\\app\\Views\\front-end\\v_detail_jurusan.php')
 3 SYSTEMPATH\View\View.php(231): CodeIgniter\View\View->CodeIgniter\View\{closure}()
 4 SYSTEMPATH\Common.php(1190): CodeIgniter\View\View->render('front-end/v_detail_jurusan', [], true)
 5 APPPATH\Views\v_template_front_end.php(212): view('front-end/v_detail_jurusan')
 6 SYSTEMPATH\View\View.php(228): include('C:\\xampp\\htdocs\\akademik_gatra\\app\\Views\\v_template_front_end.php')
 7 SYSTEMPATH\View\View.php(231): CodeIgniter\View\View->CodeIgniter\View\{closure}()
 8 SYSTEMPATH\Common.php(1190): CodeIgniter\View\View->render('v_template_front_end', [], true)
 9 APPPATH\Controllers\Home.php(29): view('v_template_front_end', [...])
10 SYSTEMPATH\CodeIgniter.php(942): App\Controllers\Home->DetailJurusan('images', 'page-banner-6.jpg')
11 SYSTEMPATH\CodeIgniter.php(502): CodeIgniter\CodeIgniter->runController(Object(App\Controllers\Home))
12 SYSTEMPATH\CodeIgniter.php(361): CodeIgniter\CodeIgniter->handleRequest(null, Object(Config\Cache), false)
13 FCPATH\index.php(79): CodeIgniter\CodeIgniter->run()
CRITICAL - 2023-12-15 17:44:50 --> Trying to access array offset on value of type null
in APPPATH\Views\front-end\v_detail_jurusan.php on line 12.
 1 APPPATH\Views\front-end\v_detail_jurusan.php(12): CodeIgniter\Debug\Exceptions->errorHandler(8, 'Trying to access array offset on value of type null', 'C:\\xampp\\htdocs\\akademik_gatra\\app\\Views\\front-end\\v_detail_jurusan.php', 12, [...])
 2 SYSTEMPATH\View\View.php(228): include('C:\\xampp\\htdocs\\akademik_gatra\\app\\Views\\front-end\\v_detail_jurusan.php')
 3 SYSTEMPATH\View\View.php(231): CodeIgniter\View\View->CodeIgniter\View\{closure}()
 4 SYSTEMPATH\Common.php(1190): CodeIgniter\View\View->render('front-end/v_detail_jurusan', [], true)
 5 APPPATH\Views\v_template_front_end.php(216): view('front-end/v_detail_jurusan')
 6 SYSTEMPATH\View\View.php(228): include('C:\\xampp\\htdocs\\akademik_gatra\\app\\Views\\v_template_front_end.php')
 7 SYSTEMPATH\View\View.php(231): CodeIgniter\View\View->CodeIgniter\View\{closure}()
 8 SYSTEMPATH\Common.php(1190): CodeIgniter\View\View->render('v_template_front_end', [], true)
 9 APPPATH\Controllers\Home.php(29): view('v_template_front_end', [...])
10 SYSTEMPATH\CodeIgniter.php(942): App\Controllers\Home->DetailJurusan('teachers.html')
11 SYSTEMPATH\CodeIgniter.php(502): CodeIgniter\CodeIgniter->runController(Object(App\Controllers\Home))
12 SYSTEMPATH\CodeIgniter.php(361): CodeIgniter\CodeIgniter->handleRequest(null, Object(Config\Cache), false)
13 FCPATH\index.php(79): CodeIgniter\CodeIgniter->run()
CRITICAL - 2023-12-15 17:44:58 --> Trying to access array offset on value of type null
in APPPATH\Views\front-end\v_detail_jurusan.php on line 12.
 1 APPPATH\Views\front-end\v_detail_jurusan.php(12): CodeIgniter\Debug\Exceptions->errorHandler(8, 'Trying to access array offset on value of type null', 'C:\\xampp\\htdocs\\akademik_gatra\\app\\Views\\front-end\\v_detail_jurusan.php', 12, [...])
 2 SYSTEMPATH\View\View.php(228): include('C:\\xampp\\htdocs\\akademik_gatra\\app\\Views\\front-end\\v_detail_jurusan.php')
 3 SYSTEMPATH\View\View.php(231): CodeIgniter\View\View->CodeIgniter\View\{closure}()
 4 SYSTEMPATH\Common.php(1190): CodeIgniter\View\View->render('front-end/v_detail_jurusan', [], true)
 5 APPPATH\Views\v_template_front_end.php(216): view('front-end/v_detail_jurusan')
 6 SYSTEMPATH\View\View.php(228): include('C:\\xampp\\htdocs\\akademik_gatra\\app\\Views\\v_template_front_end.php')
 7 SYSTEMPATH\View\View.php(231): CodeIgniter\View\View->CodeIgniter\View\{closure}()
 8 SYSTEMPATH\Common.php(1190): CodeIgniter\View\View->render('v_template_front_end', [], true)
 9 APPPATH\Controllers\Home.php(29): view('v_template_front_end', [...])
10 SYSTEMPATH\CodeIgniter.php(942): App\Controllers\Home->DetailJurusan('images', 'page-banner-6.jpg')
11 SYSTEMPATH\CodeIgniter.php(502): CodeIgniter\CodeIgniter->runController(Object(App\Controllers\Home))
12 SYSTEMPATH\CodeIgniter.php(361): CodeIgniter\CodeIgniter->handleRequest(null, Object(Config\Cache), false)
13 FCPATH\index.php(79): CodeIgniter\CodeIgniter->run()
CRITICAL - 2023-12-15 17:45:13 --> Trying to access array offset on value of type null
in APPPATH\Views\front-end\v_detail_jurusan.php on line 12.
 1 APPPATH\Views\front-end\v_detail_jurusan.php(12): CodeIgniter\Debug\Exceptions->errorHandler(8, 'Trying to access array offset on value of type null', 'C:\\xampp\\htdocs\\akademik_gatra\\app\\Views\\front-end\\v_detail_jurusan.php', 12, [...])
 2 SYSTEMPATH\View\View.php(228): include('C:\\xampp\\htdocs\\akademik_gatra\\app\\Views\\front-end\\v_detail_jurusan.php')
 3 SYSTEMPATH\View\View.php(231): CodeIgniter\View\View->CodeIgniter\View\{closure}()
 4 SYSTEMPATH\Common.php(1190): CodeIgniter\View\View->render('front-end/v_detail_jurusan', [], true)
 5 APPPATH\Views\v_template_front_end.php(215): view('front-end/v_detail_jurusan')
 6 SYSTEMPATH\View\View.php(228): include('C:\\xampp\\htdocs\\akademik_gatra\\app\\Views\\v_template_front_end.php')
 7 SYSTEMPATH\View\View.php(231): CodeIgniter\View\View->CodeIgniter\View\{closure}()
 8 SYSTEMPATH\Common.php(1190): CodeIgniter\View\View->render('v_template_front_end', [], true)
 9 APPPATH\Controllers\Home.php(29): view('v_template_front_end', [...])
10 SYSTEMPATH\CodeIgniter.php(942): App\Controllers\Home->DetailJurusan('images', 'page-banner-6.jpg')
11 SYSTEMPATH\CodeIgniter.php(502): CodeIgniter\CodeIgniter->runController(Object(App\Controllers\Home))
12 SYSTEMPATH\CodeIgniter.php(361): CodeIgniter\CodeIgniter->handleRequest(null, Object(Config\Cache), false)
13 FCPATH\index.php(79): CodeIgniter\CodeIgniter->run()
CRITICAL - 2023-12-15 17:45:18 --> Trying to access array offset on value of type null
in APPPATH\Views\front-end\v_detail_jurusan.php on line 12.
 1 APPPATH\Views\front-end\v_detail_jurusan.php(12): CodeIgniter\Debug\Exceptions->errorHandler(8, 'Trying to access array offset on value of type null', 'C:\\xampp\\htdocs\\akademik_gatra\\app\\Views\\front-end\\v_detail_jurusan.php', 12, [...])
 2 SYSTEMPATH\View\View.php(228): include('C:\\xampp\\htdocs\\akademik_gatra\\app\\Views\\front-end\\v_detail_jurusan.php')
 3 SYSTEMPATH\View\View.php(231): CodeIgniter\View\View->CodeIgniter\View\{closure}()
 4 SYSTEMPATH\Common.php(1190): CodeIgniter\View\View->render('front-end/v_detail_jurusan', [], true)
 5 APPPATH\Views\v_template_front_end.php(215): view('front-end/v_detail_jurusan')
 6 SYSTEMPATH\View\View.php(228): include('C:\\xampp\\htdocs\\akademik_gatra\\app\\Views\\v_template_front_end.php')
 7 SYSTEMPATH\View\View.php(231): CodeIgniter\View\View->CodeIgniter\View\{closure}()
 8 SYSTEMPATH\Common.php(1190): CodeIgniter\View\View->render('v_template_front_end', [], true)
 9 APPPATH\Controllers\Home.php(29): view('v_template_front_end', [...])
10 SYSTEMPATH\CodeIgniter.php(942): App\Controllers\Home->DetailJurusan('teachers.html')
11 SYSTEMPATH\CodeIgniter.php(502): CodeIgniter\CodeIgniter->runController(Object(App\Controllers\Home))
12 SYSTEMPATH\CodeIgniter.php(361): CodeIgniter\CodeIgniter->handleRequest(null, Object(Config\Cache), false)
13 FCPATH\index.php(79): CodeIgniter\CodeIgniter->run()
CRITICAL - 2023-12-15 17:45:34 --> Trying to access array offset on value of type null
in APPPATH\Views\front-end\v_detail_jurusan.php on line 12.
 1 APPPATH\Views\front-end\v_detail_jurusan.php(12): CodeIgniter\Debug\Exceptions->errorHandler(8, 'Trying to access array offset on value of type null', 'C:\\xampp\\htdocs\\akademik_gatra\\app\\Views\\front-end\\v_detail_jurusan.php', 12, [...])
 2 SYSTEMPATH\View\View.php(228): include('C:\\xampp\\htdocs\\akademik_gatra\\app\\Views\\front-end\\v_detail_jurusan.php')
 3 SYSTEMPATH\View\View.php(231): CodeIgniter\View\View->CodeIgniter\View\{closure}()
 4 SYSTEMPATH\Common.php(1190): CodeIgniter\View\View->render('front-end/v_detail_jurusan', [], true)
 5 APPPATH\Views\v_template_front_end.php(215): view('front-end/v_detail_jurusan')
 6 SYSTEMPATH\View\View.php(228): include('C:\\xampp\\htdocs\\akademik_gatra\\app\\Views\\v_template_front_end.php')
 7 SYSTEMPATH\View\View.php(231): CodeIgniter\View\View->CodeIgniter\View\{closure}()
 8 SYSTEMPATH\Common.php(1190): CodeIgniter\View\View->render('v_template_front_end', [], true)
 9 APPPATH\Controllers\Home.php(29): view('v_template_front_end', [...])
10 SYSTEMPATH\CodeIgniter.php(942): App\Controllers\Home->DetailJurusan('images', 'page-banner-6.jpg')
11 SYSTEMPATH\CodeIgniter.php(502): CodeIgniter\CodeIgniter->runController(Object(App\Controllers\Home))
12 SYSTEMPATH\CodeIgniter.php(361): CodeIgniter\CodeIgniter->handleRequest(null, Object(Config\Cache), false)
13 FCPATH\index.php(79): CodeIgniter\CodeIgniter->run()
CRITICAL - 2023-12-15 17:45:39 --> Trying to access array offset on value of type null
in APPPATH\Views\front-end\v_detail_jurusan.php on line 12.
 1 APPPATH\Views\front-end\v_detail_jurusan.php(12): CodeIgniter\Debug\Exceptions->errorHandler(8, 'Trying to access array offset on value of type null', 'C:\\xampp\\htdocs\\akademik_gatra\\app\\Views\\front-end\\v_detail_jurusan.php', 12, [...])
 2 SYSTEMPATH\View\View.php(228): include('C:\\xampp\\htdocs\\akademik_gatra\\app\\Views\\front-end\\v_detail_jurusan.php')
 3 SYSTEMPATH\View\View.php(231): CodeIgniter\View\View->CodeIgniter\View\{closure}()
 4 SYSTEMPATH\Common.php(1190): CodeIgniter\View\View->render('front-end/v_detail_jurusan', [], true)
 5 APPPATH\Views\v_template_front_end.php(215): view('front-end/v_detail_jurusan')
 6 SYSTEMPATH\View\View.php(228): include('C:\\xampp\\htdocs\\akademik_gatra\\app\\Views\\v_template_front_end.php')
 7 SYSTEMPATH\View\View.php(231): CodeIgniter\View\View->CodeIgniter\View\{closure}()
 8 SYSTEMPATH\Common.php(1190): CodeIgniter\View\View->render('v_template_front_end', [], true)
 9 APPPATH\Controllers\Home.php(29): view('v_template_front_end', [...])
10 SYSTEMPATH\CodeIgniter.php(942): App\Controllers\Home->DetailJurusan('teachers.html')
11 SYSTEMPATH\CodeIgniter.php(502): CodeIgniter\CodeIgniter->runController(Object(App\Controllers\Home))
12 SYSTEMPATH\CodeIgniter.php(361): CodeIgniter\CodeIgniter->handleRequest(null, Object(Config\Cache), false)
13 FCPATH\index.php(79): CodeIgniter\CodeIgniter->run()
CRITICAL - 2023-12-15 17:46:42 --> Trying to access array offset on value of type null
in APPPATH\Views\front-end\v_detail_jurusan.php on line 12.
 1 APPPATH\Views\front-end\v_detail_jurusan.php(12): CodeIgniter\Debug\Exceptions->errorHandler(8, 'Trying to access array offset on value of type null', 'C:\\xampp\\htdocs\\akademik_gatra\\app\\Views\\front-end\\v_detail_jurusan.php', 12, [...])
 2 SYSTEMPATH\View\View.php(228): include('C:\\xampp\\htdocs\\akademik_gatra\\app\\Views\\front-end\\v_detail_jurusan.php')
 3 SYSTEMPATH\View\View.php(231): CodeIgniter\View\View->CodeIgniter\View\{closure}()
 4 SYSTEMPATH\Common.php(1190): CodeIgniter\View\View->render('front-end/v_detail_jurusan', [], true)
 5 APPPATH\Views\v_template_front_end.php(216): view('front-end/v_detail_jurusan')
 6 SYSTEMPATH\View\View.php(228): include('C:\\xampp\\htdocs\\akademik_gatra\\app\\Views\\v_template_front_end.php')
 7 SYSTEMPATH\View\View.php(231): CodeIgniter\View\View->CodeIgniter\View\{closure}()
 8 SYSTEMPATH\Common.php(1190): CodeIgniter\View\View->render('v_template_front_end', [], true)
 9 APPPATH\Controllers\Home.php(29): view('v_template_front_end', [...])
10 SYSTEMPATH\CodeIgniter.php(942): App\Controllers\Home->DetailJurusan('teachers.html')
11 SYSTEMPATH\CodeIgniter.php(502): CodeIgniter\CodeIgniter->runController(Object(App\Controllers\Home))
12 SYSTEMPATH\CodeIgniter.php(361): CodeIgniter\CodeIgniter->handleRequest(null, Object(Config\Cache), false)
13 FCPATH\index.php(79): CodeIgniter\CodeIgniter->run()
CRITICAL - 2023-12-15 17:48:38 --> Trying to access array offset on value of type null
in APPPATH\Views\front-end\v_detail_jurusan.php on line 12.
 1 APPPATH\Views\front-end\v_detail_jurusan.php(12): CodeIgniter\Debug\Exceptions->errorHandler(8, 'Trying to access array offset on value of type null', 'C:\\xampp\\htdocs\\akademik_gatra\\app\\Views\\front-end\\v_detail_jurusan.php', 12, [...])
 2 SYSTEMPATH\View\View.php(228): include('C:\\xampp\\htdocs\\akademik_gatra\\app\\Views\\front-end\\v_detail_jurusan.php')
 3 SYSTEMPATH\View\View.php(231): CodeIgniter\View\View->CodeIgniter\View\{closure}()
 4 SYSTEMPATH\Common.php(1190): CodeIgniter\View\View->render('front-end/v_detail_jurusan', [], true)
 5 APPPATH\Views\v_template_front_end.php(215): view('front-end/v_detail_jurusan')
 6 SYSTEMPATH\View\View.php(228): include('C:\\xampp\\htdocs\\akademik_gatra\\app\\Views\\v_template_front_end.php')
 7 SYSTEMPATH\View\View.php(231): CodeIgniter\View\View->CodeIgniter\View\{closure}()
 8 SYSTEMPATH\Common.php(1190): CodeIgniter\View\View->render('v_template_front_end', [], true)
 9 APPPATH\Controllers\Home.php(29): view('v_template_front_end', [...])
10 SYSTEMPATH\CodeIgniter.php(942): App\Controllers\Home->DetailJurusan('teachers.html')
11 SYSTEMPATH\CodeIgniter.php(502): CodeIgniter\CodeIgniter->runController(Object(App\Controllers\Home))
12 SYSTEMPATH\CodeIgniter.php(361): CodeIgniter\CodeIgniter->handleRequest(null, Object(Config\Cache), false)
13 FCPATH\index.php(79): CodeIgniter\CodeIgniter->run()
INFO - 2023-12-15 17:48:53 --> Session: Class initialized using 'CodeIgniter\Session\Handlers\FileHandler' driver.
INFO - 2023-12-15 17:48:53 --> Session: Class initialized using 'CodeIgniter\Session\Handlers\FileHandler' driver.
INFO - 2023-12-15 17:48:53 --> Session: Class initialized using 'CodeIgniter\Session\Handlers\FileHandler' driver.
INFO - 2023-12-15 17:52:15 --> Session: Class initialized using 'CodeIgniter\Session\Handlers\FileHandler' driver.
INFO - 2023-12-15 17:52:15 --> Session: Class initialized using 'CodeIgniter\Session\Handlers\FileHandler' driver.
INFO - 2023-12-15 17:52:15 --> Session: Class initialized using 'CodeIgniter\Session\Handlers\FileHandler' driver.
INFO - 2023-12-15 17:52:32 --> Session: Class initialized using 'CodeIgniter\Session\Handlers\FileHandler' driver.
INFO - 2023-12-15 17:52:32 --> Session: Class initialized using 'CodeIgniter\Session\Handlers\FileHandler' driver.
INFO - 2023-12-15 17:52:32 --> Session: Class initialized using 'CodeIgniter\Session\Handlers\FileHandler' driver.
INFO - 2023-12-15 17:52:58 --> Session: Class initialized using 'CodeIgniter\Session\Handlers\FileHandler' driver.
INFO - 2023-12-15 17:52:58 --> Session: Class initialized using 'CodeIgniter\Session\Handlers\FileHandler' driver.
INFO - 2023-12-15 17:52:58 --> Session: Class initialized using 'CodeIgniter\Session\Handlers\FileHandler' driver.
INFO - 2023-12-15 17:53:08 --> Session: Class initialized using 'CodeIgniter\Session\Handlers\FileHandler' driver.
INFO - 2023-12-15 17:53:09 --> Session: Class initialized using 'CodeIgniter\Session\Handlers\FileHandler' driver.
INFO - 2023-12-15 17:53:09 --> Session: Class initialized using 'CodeIgniter\Session\Handlers\FileHandler' driver.
INFO - 2023-12-15 18:02:01 --> Session: Class initialized using 'CodeIgniter\Session\Handlers\FileHandler' driver.
INFO - 2023-12-15 18:02:08 --> Session: Class initialized using 'CodeIgniter\Session\Handlers\FileHandler' driver.
INFO - 2023-12-15 18:02:08 --> Session: Class initialized using 'CodeIgniter\Session\Handlers\FileHandler' driver.
INFO - 2023-12-15 18:02:18 --> Session: Class initialized using 'CodeIgniter\Session\Handlers\FileHandler' driver.
INFO - 2023-12-15 18:02:22 --> Session: Class initialized using 'CodeIgniter\Session\Handlers\FileHandler' driver.
INFO - 2023-12-15 18:04:13 --> Session: Class initialized using 'CodeIgniter\Session\Handlers\FileHandler' driver.
INFO - 2023-12-15 18:04:23 --> Session: Class initialized using 'CodeIgniter\Session\Handlers\FileHandler' driver.
INFO - 2023-12-15 18:05:20 --> Session: Class initialized using 'CodeIgniter\Session\Handlers\FileHandler' driver.
INFO - 2023-12-15 18:05:47 --> Session: Class initialized using 'CodeIgniter\Session\Handlers\FileHandler' driver.
INFO - 2023-12-15 18:05:48 --> Session: Class initialized using 'CodeIgniter\Session\Handlers\FileHandler' driver.
INFO - 2023-12-15 18:05:51 --> Session: Class initialized using 'CodeIgniter\Session\Handlers\FileHandler' driver.
INFO - 2023-12-15 18:06:26 --> Session: Class initialized using 'CodeIgniter\Session\Handlers\FileHandler' driver.
INFO - 2023-12-15 18:06:27 --> Session: Class initialized using 'CodeIgniter\Session\Handlers\FileHandler' driver.
INFO - 2023-12-15 18:06:32 --> Session: Class initialized using 'CodeIgniter\Session\Handlers\FileHandler' driver.
INFO - 2023-12-15 18:07:17 --> Session: Class initialized using 'CodeIgniter\Session\Handlers\FileHandler' driver.
INFO - 2023-12-15 18:07:17 --> Session: Class initialized using 'CodeIgniter\Session\Handlers\FileHandler' driver.
INFO - 2023-12-15 18:07:25 --> Session: Class initialized using 'CodeIgniter\Session\Handlers\FileHandler' driver.
INFO - 2023-12-15 18:07:32 --> Session: Class initialized using 'CodeIgniter\Session\Handlers\FileHandler' driver.
INFO - 2023-12-15 18:07:36 --> Session: Class initialized using 'CodeIgniter\Session\Handlers\FileHandler' driver.
INFO - 2023-12-15 18:07:51 --> Session: Class initialized using 'CodeIgniter\Session\Handlers\FileHandler' driver.
INFO - 2023-12-15 18:07:51 --> Session: Class initialized using 'CodeIgniter\Session\Handlers\FileHandler' driver.
